{"C:\\Users\\USER\\Desktop\\jobseek2\\jobseekBackend\\controllers\\applicationController.js": {"path":"C:\\Users\\USER\\Desktop\\jobseek2\\jobseekBackend\\controllers\\applicationController.js","statementMap":{"0":{"start":{"line":6,"column":17},"end":{"line":6,"column":36}},"1":{"start":{"line":7,"column":21},"end":{"line":7,"column":53}},"2":{"start":{"line":8,"column":20},"end":{"line":8,"column":51}},"3":{"start":{"line":9,"column":20},"end":{"line":9,"column":52}},"4":{"start":{"line":10,"column":12},"end":{"line":10,"column":36}},"5":{"start":{"line":11,"column":13},"end":{"line":11,"column":38}},"6":{"start":{"line":12,"column":21},"end":{"line":12,"column":54}},"7":{"start":{"line":13,"column":21},"end":{"line":13,"column":56}},"8":{"start":{"line":14,"column":23},"end":{"line":14,"column":64}},"9":{"start":{"line":19,"column":24},"end":{"line":21,"column":1}},"10":{"start":{"line":20,"column":2},"end":{"line":20,"column":38}},"11":{"start":{"line":26,"column":19},"end":{"line":42,"column":1}},"12":{"start":{"line":27,"column":2},"end":{"line":41,"column":3}},"13":{"start":{"line":29,"column":16},"end":{"line":29,"column":131}},"14":{"start":{"line":30,"column":4},"end":{"line":30,"column":15}},"15":{"start":{"line":33,"column":4},"end":{"line":40,"column":5}},"16":{"start":{"line":34,"column":27},"end":{"line":34,"column":117}},"17":{"start":{"line":35,"column":26},"end":{"line":35,"column":89}},"18":{"start":{"line":35,"column":51},"end":{"line":35,"column":88}},"19":{"start":{"line":36,"column":6},"end":{"line":36,"column":33}},"20":{"start":{"line":38,"column":6},"end":{"line":38,"column":59}},"21":{"start":{"line":39,"column":6},"end":{"line":39,"column":18}},"22":{"start":{"line":49,"column":19},"end":{"line":151,"column":2}},"23":{"start":{"line":50,"column":20},"end":{"line":50,"column":30}},"24":{"start":{"line":51,"column":67},"end":{"line":51,"column":75}},"25":{"start":{"line":52,"column":22},"end":{"line":52,"column":32}},"26":{"start":{"line":55,"column":14},"end":{"line":55,"column":39}},"27":{"start":{"line":56,"column":2},"end":{"line":58,"column":3}},"28":{"start":{"line":57,"column":4},"end":{"line":57,"column":54}},"29":{"start":{"line":60,"column":2},"end":{"line":62,"column":3}},"30":{"start":{"line":61,"column":4},"end":{"line":61,"column":87}},"31":{"start":{"line":65,"column":2},"end":{"line":67,"column":3}},"32":{"start":{"line":66,"column":4},"end":{"line":66,"column":83}},"33":{"start":{"line":70,"column":30},"end":{"line":74,"column":4}},"34":{"start":{"line":75,"column":2},"end":{"line":77,"column":3}},"35":{"start":{"line":76,"column":4},"end":{"line":76,"column":78}},"36":{"start":{"line":82,"column":26},"end":{"line":89,"column":3}},"37":{"start":{"line":92,"column":2},"end":{"line":94,"column":3}},"38":{"start":{"line":93,"column":4},"end":{"line":93,"column":56}},"39":{"start":{"line":99,"column":17},"end":{"line":99,"column":19}},"40":{"start":{"line":100,"column":2},"end":{"line":100,"column":79}},"41":{"start":{"line":100,"column":30},"end":{"line":100,"column":79}},"42":{"start":{"line":101,"column":2},"end":{"line":101,"column":65}},"43":{"start":{"line":101,"column":20},"end":{"line":101,"column":65}},"44":{"start":{"line":102,"column":2},"end":{"line":102,"column":71}},"45":{"start":{"line":102,"column":21},"end":{"line":102,"column":71}},"46":{"start":{"line":104,"column":22},"end":{"line":104,"column":63}},"47":{"start":{"line":107,"column":2},"end":{"line":110,"column":5}},"48":{"start":{"line":113,"column":2},"end":{"line":123,"column":3}},"49":{"start":{"line":114,"column":4},"end":{"line":120,"column":7}},"50":{"start":{"line":122,"column":4},"end":{"line":122,"column":82}},"51":{"start":{"line":126,"column":2},"end":{"line":139,"column":3}},"52":{"start":{"line":127,"column":21},"end":{"line":127,"column":54}},"53":{"start":{"line":128,"column":4},"end":{"line":135,"column":5}},"54":{"start":{"line":129,"column":6},"end":{"line":134,"column":8}},"55":{"start":{"line":138,"column":4},"end":{"line":138,"column":86}},"56":{"start":{"line":141,"column":2},"end":{"line":150,"column":5}},"57":{"start":{"line":158,"column":26},"end":{"line":231,"column":2}},"58":{"start":{"line":159,"column":17},"end":{"line":159,"column":27}},"59":{"start":{"line":160,"column":15},"end":{"line":160,"column":42}},"60":{"start":{"line":162,"column":2},"end":{"line":164,"column":3}},"61":{"start":{"line":163,"column":4},"end":{"line":163,"column":55}},"62":{"start":{"line":166,"column":81},"end":{"line":166,"column":90}},"63":{"start":{"line":168,"column":16},"end":{"line":168,"column":18}},"64":{"start":{"line":170,"column":2},"end":{"line":174,"column":3}},"65":{"start":{"line":171,"column":4},"end":{"line":171,"column":29}},"66":{"start":{"line":172,"column":9},"end":{"line":174,"column":3}},"67":{"start":{"line":173,"column":4},"end":{"line":173,"column":28}},"68":{"start":{"line":176,"column":2},"end":{"line":178,"column":3}},"69":{"start":{"line":177,"column":4},"end":{"line":177,"column":26}},"70":{"start":{"line":180,"column":18},"end":{"line":180,"column":36}},"71":{"start":{"line":181,"column":19},"end":{"line":181,"column":38}},"72":{"start":{"line":182,"column":15},"end":{"line":182,"column":39}},"73":{"start":{"line":184,"column":23},"end":{"line":188,"column":20}},"74":{"start":{"line":191,"column":31},"end":{"line":207,"column":3}},"75":{"start":{"line":193,"column":21},"end":{"line":193,"column":35}},"76":{"start":{"line":196,"column":6},"end":{"line":203,"column":7}},"77":{"start":{"line":197,"column":20},"end":{"line":197,"column":103}},"78":{"start":{"line":198,"column":8},"end":{"line":198,"column":25}},"79":{"start":{"line":199,"column":13},"end":{"line":203,"column":7}},"80":{"start":{"line":201,"column":28},"end":{"line":201,"column":64}},"81":{"start":{"line":202,"column":8},"end":{"line":202,"column":33}},"82":{"start":{"line":205,"column":6},"end":{"line":205,"column":20}},"83":{"start":{"line":209,"column":16},"end":{"line":209,"column":55}},"84":{"start":{"line":211,"column":2},"end":{"line":230,"column":5}},"85":{"start":{"line":212,"column":53},"end":{"line":223,"column":5}},"86":{"start":{"line":238,"column":27},"end":{"line":286,"column":2}},"87":{"start":{"line":239,"column":28},"end":{"line":239,"column":38}},"88":{"start":{"line":240,"column":17},"end":{"line":240,"column":27}},"89":{"start":{"line":242,"column":22},"end":{"line":244,"column":61}},"90":{"start":{"line":246,"column":2},"end":{"line":248,"column":3}},"91":{"start":{"line":247,"column":4},"end":{"line":247,"column":62}},"92":{"start":{"line":251,"column":2},"end":{"line":258,"column":3}},"93":{"start":{"line":252,"column":16},"end":{"line":252,"column":141}},"94":{"start":{"line":253,"column":4},"end":{"line":253,"column":26}},"95":{"start":{"line":254,"column":9},"end":{"line":258,"column":3}},"96":{"start":{"line":256,"column":24},"end":{"line":256,"column":68}},"97":{"start":{"line":257,"column":4},"end":{"line":257,"column":34}},"98":{"start":{"line":262,"column":4},"end":{"line":264,"column":28}},"99":{"start":{"line":266,"column":2},"end":{"line":268,"column":3}},"100":{"start":{"line":267,"column":4},"end":{"line":267,"column":89}},"101":{"start":{"line":270,"column":2},"end":{"line":285,"column":5}},"102":{"start":{"line":293,"column":32},"end":{"line":371,"column":2}},"103":{"start":{"line":294,"column":28},"end":{"line":294,"column":38}},"104":{"start":{"line":295,"column":31},"end":{"line":295,"column":39}},"105":{"start":{"line":296,"column":21},"end":{"line":296,"column":31}},"106":{"start":{"line":298,"column":24},"end":{"line":298,"column":107}},"107":{"start":{"line":299,"column":2},"end":{"line":301,"column":3}},"108":{"start":{"line":300,"column":4},"end":{"line":300,"column":102}},"109":{"start":{"line":303,"column":22},"end":{"line":303,"column":63}},"110":{"start":{"line":304,"column":2},"end":{"line":306,"column":3}},"111":{"start":{"line":305,"column":4},"end":{"line":305,"column":62}},"112":{"start":{"line":309,"column":2},"end":{"line":311,"column":3}},"113":{"start":{"line":310,"column":4},"end":{"line":310,"column":92}},"114":{"start":{"line":314,"column":2},"end":{"line":316,"column":3}},"115":{"start":{"line":315,"column":4},"end":{"line":315,"column":90}},"116":{"start":{"line":318,"column":25},"end":{"line":318,"column":43}},"117":{"start":{"line":319,"column":2},"end":{"line":319,"column":30}},"118":{"start":{"line":320,"column":2},"end":{"line":322,"column":3}},"119":{"start":{"line":321,"column":4},"end":{"line":321,"column":41}},"120":{"start":{"line":323,"column":2},"end":{"line":323,"column":27}},"121":{"start":{"line":326,"column":2},"end":{"line":329,"column":5}},"122":{"start":{"line":332,"column":2},"end":{"line":346,"column":3}},"123":{"start":{"line":334,"column":6},"end":{"line":336,"column":26}},"124":{"start":{"line":337,"column":4},"end":{"line":343,"column":7}},"125":{"start":{"line":345,"column":4},"end":{"line":345,"column":77}},"126":{"start":{"line":349,"column":2},"end":{"line":360,"column":3}},"127":{"start":{"line":350,"column":4},"end":{"line":357,"column":5}},"128":{"start":{"line":351,"column":6},"end":{"line":356,"column":8}},"129":{"start":{"line":359,"column":4},"end":{"line":359,"column":75}},"130":{"start":{"line":362,"column":2},"end":{"line":370,"column":5}},"131":{"start":{"line":378,"column":28},"end":{"line":423,"column":2}},"132":{"start":{"line":379,"column":28},"end":{"line":379,"column":38}},"133":{"start":{"line":380,"column":22},"end":{"line":380,"column":32}},"134":{"start":{"line":382,"column":22},"end":{"line":382,"column":63}},"135":{"start":{"line":383,"column":2},"end":{"line":385,"column":3}},"136":{"start":{"line":384,"column":4},"end":{"line":384,"column":62}},"137":{"start":{"line":387,"column":2},"end":{"line":389,"column":3}},"138":{"start":{"line":388,"column":4},"end":{"line":388,"column":85}},"139":{"start":{"line":391,"column":2},"end":{"line":393,"column":3}},"140":{"start":{"line":392,"column":4},"end":{"line":392,"column":75}},"141":{"start":{"line":395,"column":2},"end":{"line":397,"column":3}},"142":{"start":{"line":396,"column":4},"end":{"line":396,"column":105}},"143":{"start":{"line":399,"column":2},"end":{"line":399,"column":35}},"144":{"start":{"line":400,"column":2},"end":{"line":400,"column":39}},"145":{"start":{"line":401,"column":2},"end":{"line":401,"column":27}},"146":{"start":{"line":404,"column":2},"end":{"line":414,"column":3}},"147":{"start":{"line":405,"column":4},"end":{"line":411,"column":7}},"148":{"start":{"line":413,"column":4},"end":{"line":413,"column":81}},"149":{"start":{"line":416,"column":2},"end":{"line":422,"column":5}},"150":{"start":{"line":430,"column":27},"end":{"line":498,"column":2}},"151":{"start":{"line":431,"column":20},"end":{"line":431,"column":30}},"152":{"start":{"line":432,"column":21},"end":{"line":432,"column":31}},"153":{"start":{"line":433,"column":81},"end":{"line":433,"column":90}},"154":{"start":{"line":436,"column":14},"end":{"line":436,"column":39}},"155":{"start":{"line":437,"column":2},"end":{"line":439,"column":3}},"156":{"start":{"line":438,"column":4},"end":{"line":438,"column":54}},"157":{"start":{"line":440,"column":2},"end":{"line":442,"column":3}},"158":{"start":{"line":441,"column":4},"end":{"line":441,"column":90}},"159":{"start":{"line":444,"column":16},"end":{"line":444,"column":30}},"160":{"start":{"line":445,"column":2},"end":{"line":447,"column":3}},"161":{"start":{"line":446,"column":4},"end":{"line":446,"column":26}},"162":{"start":{"line":449,"column":18},"end":{"line":449,"column":36}},"163":{"start":{"line":450,"column":19},"end":{"line":450,"column":38}},"164":{"start":{"line":451,"column":15},"end":{"line":451,"column":39}},"165":{"start":{"line":453,"column":23},"end":{"line":457,"column":20}},"166":{"start":{"line":460,"column":30},"end":{"line":471,"column":3}},"167":{"start":{"line":462,"column":21},"end":{"line":462,"column":35}},"168":{"start":{"line":463,"column":6},"end":{"line":468,"column":8}},"169":{"start":{"line":469,"column":6},"end":{"line":469,"column":20}},"170":{"start":{"line":473,"column":16},"end":{"line":473,"column":55}},"171":{"start":{"line":475,"column":2},"end":{"line":497,"column":5}},"172":{"start":{"line":480,"column":52},"end":{"line":490,"column":5}},"173":{"start":{"line":505,"column":32},"end":{"line":585,"column":2}},"174":{"start":{"line":506,"column":21},"end":{"line":506,"column":31}},"175":{"start":{"line":507,"column":81},"end":{"line":507,"column":90}},"176":{"start":{"line":509,"column":16},"end":{"line":509,"column":40}},"177":{"start":{"line":510,"column":2},"end":{"line":512,"column":3}},"178":{"start":{"line":511,"column":4},"end":{"line":511,"column":26}},"179":{"start":{"line":514,"column":18},"end":{"line":514,"column":36}},"180":{"start":{"line":515,"column":19},"end":{"line":515,"column":38}},"181":{"start":{"line":516,"column":15},"end":{"line":516,"column":39}},"182":{"start":{"line":518,"column":23},"end":{"line":522,"column":20}},"183":{"start":{"line":525,"column":31},"end":{"line":541,"column":3}},"184":{"start":{"line":527,"column":21},"end":{"line":527,"column":35}},"185":{"start":{"line":530,"column":6},"end":{"line":537,"column":7}},"186":{"start":{"line":531,"column":20},"end":{"line":531,"column":94}},"187":{"start":{"line":532,"column":8},"end":{"line":532,"column":25}},"188":{"start":{"line":533,"column":13},"end":{"line":537,"column":7}},"189":{"start":{"line":535,"column":28},"end":{"line":535,"column":64}},"190":{"start":{"line":536,"column":8},"end":{"line":536,"column":33}},"191":{"start":{"line":539,"column":6},"end":{"line":539,"column":20}},"192":{"start":{"line":543,"column":16},"end":{"line":543,"column":55}},"193":{"start":{"line":546,"column":16},"end":{"line":554,"column":4}},"194":{"start":{"line":556,"column":23},"end":{"line":556,"column":25}},"195":{"start":{"line":557,"column":2},"end":{"line":559,"column":5}},"196":{"start":{"line":558,"column":4},"end":{"line":558,"column":34}},"197":{"start":{"line":561,"column":2},"end":{"line":584,"column":5}},"198":{"start":{"line":562,"column":53},"end":{"line":573,"column":5}},"199":{"start":{"line":592,"column":26},"end":{"line":676,"column":2}},"200":{"start":{"line":593,"column":28},"end":{"line":593,"column":38}},"201":{"start":{"line":594,"column":72},"end":{"line":594,"column":80}},"202":{"start":{"line":595,"column":21},"end":{"line":595,"column":31}},"203":{"start":{"line":597,"column":2},"end":{"line":599,"column":3}},"204":{"start":{"line":598,"column":4},"end":{"line":598,"column":79}},"205":{"start":{"line":601,"column":22},"end":{"line":601,"column":63}},"206":{"start":{"line":602,"column":2},"end":{"line":604,"column":3}},"207":{"start":{"line":603,"column":4},"end":{"line":603,"column":62}},"208":{"start":{"line":606,"column":2},"end":{"line":608,"column":3}},"209":{"start":{"line":607,"column":4},"end":{"line":607,"column":92}},"210":{"start":{"line":610,"column":2},"end":{"line":612,"column":3}},"211":{"start":{"line":611,"column":4},"end":{"line":611,"column":96}},"212":{"start":{"line":615,"column":25},"end":{"line":623,"column":3}},"213":{"start":{"line":625,"column":2},"end":{"line":625,"column":46}},"214":{"start":{"line":626,"column":2},"end":{"line":626,"column":35}},"215":{"start":{"line":627,"column":2},"end":{"line":627,"column":27}},"216":{"start":{"line":630,"column":2},"end":{"line":633,"column":5}},"217":{"start":{"line":635,"column":29},"end":{"line":635,"column":86}},"218":{"start":{"line":638,"column":2},"end":{"line":652,"column":3}},"219":{"start":{"line":639,"column":4},"end":{"line":649,"column":7}},"220":{"start":{"line":651,"column":4},"end":{"line":651,"column":80}},"221":{"start":{"line":655,"column":2},"end":{"line":667,"column":3}},"222":{"start":{"line":656,"column":4},"end":{"line":664,"column":5}},"223":{"start":{"line":657,"column":6},"end":{"line":663,"column":8}},"224":{"start":{"line":666,"column":4},"end":{"line":666,"column":71}},"225":{"start":{"line":669,"column":2},"end":{"line":675,"column":5}},"226":{"start":{"line":683,"column":24},"end":{"line":716,"column":2}},"227":{"start":{"line":684,"column":28},"end":{"line":684,"column":38}},"228":{"start":{"line":685,"column":29},"end":{"line":685,"column":37}},"229":{"start":{"line":686,"column":21},"end":{"line":686,"column":31}},"230":{"start":{"line":689,"column":20},"end":{"line":689,"column":40}},"231":{"start":{"line":690,"column":2},"end":{"line":692,"column":3}},"232":{"start":{"line":691,"column":4},"end":{"line":691,"column":82}},"233":{"start":{"line":694,"column":22},"end":{"line":694,"column":63}},"234":{"start":{"line":695,"column":2},"end":{"line":697,"column":3}},"235":{"start":{"line":696,"column":4},"end":{"line":696,"column":62}},"236":{"start":{"line":699,"column":2},"end":{"line":701,"column":3}},"237":{"start":{"line":700,"column":4},"end":{"line":700,"column":90}},"238":{"start":{"line":704,"column":2},"end":{"line":704,"column":33}},"239":{"start":{"line":705,"column":2},"end":{"line":707,"column":3}},"240":{"start":{"line":706,"column":4},"end":{"line":706,"column":39}},"241":{"start":{"line":708,"column":2},"end":{"line":708,"column":27}},"242":{"start":{"line":710,"column":2},"end":{"line":715,"column":5}},"243":{"start":{"line":718,"column":0},"end":{"line":728,"column":2}}},"fnMap":{"0":{"name":"(anonymous_0)","decl":{"start":{"line":19,"column":24},"end":{"line":19,"column":25}},"loc":{"start":{"line":19,"column":32},"end":{"line":21,"column":1}},"line":19},"1":{"name":"(anonymous_1)","decl":{"start":{"line":26,"column":19},"end":{"line":26,"column":20}},"loc":{"start":{"line":26,"column":36},"end":{"line":42,"column":1}},"line":26},"2":{"name":"(anonymous_2)","decl":{"start":{"line":35,"column":44},"end":{"line":35,"column":45}},"loc":{"start":{"line":35,"column":51},"end":{"line":35,"column":88}},"line":35},"3":{"name":"(anonymous_3)","decl":{"start":{"line":49,"column":32},"end":{"line":49,"column":33}},"loc":{"start":{"line":49,"column":52},"end":{"line":151,"column":1}},"line":49},"4":{"name":"(anonymous_4)","decl":{"start":{"line":158,"column":39},"end":{"line":158,"column":40}},"loc":{"start":{"line":158,"column":59},"end":{"line":231,"column":1}},"line":158},"5":{"name":"(anonymous_5)","decl":{"start":{"line":192,"column":21},"end":{"line":192,"column":22}},"loc":{"start":{"line":192,"column":36},"end":{"line":206,"column":5}},"line":192},"6":{"name":"(anonymous_6)","decl":{"start":{"line":212,"column":43},"end":{"line":212,"column":44}},"loc":{"start":{"line":212,"column":53},"end":{"line":223,"column":5}},"line":212},"7":{"name":"(anonymous_7)","decl":{"start":{"line":238,"column":40},"end":{"line":238,"column":41}},"loc":{"start":{"line":238,"column":60},"end":{"line":286,"column":1}},"line":238},"8":{"name":"(anonymous_8)","decl":{"start":{"line":293,"column":45},"end":{"line":293,"column":46}},"loc":{"start":{"line":293,"column":65},"end":{"line":371,"column":1}},"line":293},"9":{"name":"(anonymous_9)","decl":{"start":{"line":378,"column":41},"end":{"line":378,"column":42}},"loc":{"start":{"line":378,"column":61},"end":{"line":423,"column":1}},"line":378},"10":{"name":"(anonymous_10)","decl":{"start":{"line":430,"column":40},"end":{"line":430,"column":41}},"loc":{"start":{"line":430,"column":60},"end":{"line":498,"column":1}},"line":430},"11":{"name":"(anonymous_11)","decl":{"start":{"line":461,"column":21},"end":{"line":461,"column":22}},"loc":{"start":{"line":461,"column":36},"end":{"line":470,"column":5}},"line":461},"12":{"name":"(anonymous_12)","decl":{"start":{"line":480,"column":42},"end":{"line":480,"column":43}},"loc":{"start":{"line":480,"column":52},"end":{"line":490,"column":5}},"line":480},"13":{"name":"(anonymous_13)","decl":{"start":{"line":505,"column":45},"end":{"line":505,"column":46}},"loc":{"start":{"line":505,"column":65},"end":{"line":585,"column":1}},"line":505},"14":{"name":"(anonymous_14)","decl":{"start":{"line":526,"column":21},"end":{"line":526,"column":22}},"loc":{"start":{"line":526,"column":36},"end":{"line":540,"column":5}},"line":526},"15":{"name":"(anonymous_15)","decl":{"start":{"line":557,"column":16},"end":{"line":557,"column":17}},"loc":{"start":{"line":557,"column":23},"end":{"line":559,"column":3}},"line":557},"16":{"name":"(anonymous_16)","decl":{"start":{"line":562,"column":43},"end":{"line":562,"column":44}},"loc":{"start":{"line":562,"column":53},"end":{"line":573,"column":5}},"line":562},"17":{"name":"(anonymous_17)","decl":{"start":{"line":592,"column":39},"end":{"line":592,"column":40}},"loc":{"start":{"line":592,"column":59},"end":{"line":676,"column":1}},"line":592},"18":{"name":"(anonymous_18)","decl":{"start":{"line":683,"column":37},"end":{"line":683,"column":38}},"loc":{"start":{"line":683,"column":57},"end":{"line":716,"column":1}},"line":683}},"branchMap":{"0":{"loc":{"start":{"line":27,"column":2},"end":{"line":41,"column":3}},"type":"if","locations":[{"start":{"line":27,"column":2},"end":{"line":41,"column":3}},{"start":{"line":31,"column":9},"end":{"line":41,"column":3}}],"line":27},"1":{"loc":{"start":{"line":35,"column":51},"end":{"line":35,"column":88}},"type":"binary-expr","locations":[{"start":{"line":35,"column":51},"end":{"line":35,"column":67}},{"start":{"line":35,"column":71},"end":{"line":35,"column":88}}],"line":35},"2":{"loc":{"start":{"line":36,"column":13},"end":{"line":36,"column":32}},"type":"binary-expr","locations":[{"start":{"line":36,"column":13},"end":{"line":36,"column":24}},{"start":{"line":36,"column":28},"end":{"line":36,"column":32}}],"line":36},"3":{"loc":{"start":{"line":56,"column":2},"end":{"line":58,"column":3}},"type":"if","locations":[{"start":{"line":56,"column":2},"end":{"line":58,"column":3}},{"start":{},"end":{}}],"line":56},"4":{"loc":{"start":{"line":60,"column":2},"end":{"line":62,"column":3}},"type":"if","locations":[{"start":{"line":60,"column":2},"end":{"line":62,"column":3}},{"start":{},"end":{}}],"line":60},"5":{"loc":{"start":{"line":60,"column":6},"end":{"line":60,"column":36}},"type":"binary-expr","locations":[{"start":{"line":60,"column":6},"end":{"line":60,"column":19}},{"start":{"line":60,"column":23},"end":{"line":60,"column":36}}],"line":60},"6":{"loc":{"start":{"line":65,"column":2},"end":{"line":67,"column":3}},"type":"if","locations":[{"start":{"line":65,"column":2},"end":{"line":67,"column":3}},{"start":{},"end":{}}],"line":65},"7":{"loc":{"start":{"line":75,"column":2},"end":{"line":77,"column":3}},"type":"if","locations":[{"start":{"line":75,"column":2},"end":{"line":77,"column":3}},{"start":{},"end":{}}],"line":75},"8":{"loc":{"start":{"line":86,"column":17},"end":{"line":86,"column":34}},"type":"binary-expr","locations":[{"start":{"line":86,"column":17},"end":{"line":86,"column":28}},{"start":{"line":86,"column":32},"end":{"line":86,"column":34}}],"line":86},"9":{"loc":{"start":{"line":92,"column":2},"end":{"line":94,"column":3}},"type":"if","locations":[{"start":{"line":92,"column":2},"end":{"line":94,"column":3}},{"start":{},"end":{}}],"line":92},"10":{"loc":{"start":{"line":100,"column":2},"end":{"line":100,"column":79}},"type":"if","locations":[{"start":{"line":100,"column":2},"end":{"line":100,"column":79}},{"start":{},"end":{}}],"line":100},"11":{"loc":{"start":{"line":101,"column":2},"end":{"line":101,"column":65}},"type":"if","locations":[{"start":{"line":101,"column":2},"end":{"line":101,"column":65}},{"start":{},"end":{}}],"line":101},"12":{"loc":{"start":{"line":102,"column":2},"end":{"line":102,"column":71}},"type":"if","locations":[{"start":{"line":102,"column":2},"end":{"line":102,"column":71}},{"start":{},"end":{}}],"line":102},"13":{"loc":{"start":{"line":128,"column":4},"end":{"line":135,"column":5}},"type":"if","locations":[{"start":{"line":128,"column":4},"end":{"line":135,"column":5}},{"start":{},"end":{}}],"line":128},"14":{"loc":{"start":{"line":128,"column":8},"end":{"line":128,"column":86}},"type":"binary-expr","locations":[{"start":{"line":128,"column":8},"end":{"line":128,"column":16}},{"start":{"line":128,"column":20},"end":{"line":128,"column":86}}],"line":128},"15":{"loc":{"start":{"line":131,"column":11},"end":{"line":131,"column":35}},"type":"binary-expr","locations":[{"start":{"line":131,"column":11},"end":{"line":131,"column":29}},{"start":{"line":131,"column":33},"end":{"line":131,"column":35}}],"line":131},"16":{"loc":{"start":{"line":131,"column":39},"end":{"line":131,"column":62}},"type":"binary-expr","locations":[{"start":{"line":131,"column":39},"end":{"line":131,"column":56}},{"start":{"line":131,"column":60},"end":{"line":131,"column":62}}],"line":131},"17":{"loc":{"start":{"line":162,"column":2},"end":{"line":164,"column":3}},"type":"if","locations":[{"start":{"line":162,"column":2},"end":{"line":164,"column":3}},{"start":{},"end":{}}],"line":162},"18":{"loc":{"start":{"line":166,"column":18},"end":{"line":166,"column":26}},"type":"default-arg","locations":[{"start":{"line":166,"column":25},"end":{"line":166,"column":26}}],"line":166},"19":{"loc":{"start":{"line":166,"column":28},"end":{"line":166,"column":38}},"type":"default-arg","locations":[{"start":{"line":166,"column":36},"end":{"line":166,"column":38}}],"line":166},"20":{"loc":{"start":{"line":166,"column":40},"end":{"line":166,"column":60}},"type":"default-arg","locations":[{"start":{"line":166,"column":49},"end":{"line":166,"column":60}}],"line":166},"21":{"loc":{"start":{"line":166,"column":62},"end":{"line":166,"column":76}},"type":"default-arg","locations":[{"start":{"line":166,"column":70},"end":{"line":166,"column":76}}],"line":166},"22":{"loc":{"start":{"line":170,"column":2},"end":{"line":174,"column":3}},"type":"if","locations":[{"start":{"line":170,"column":2},"end":{"line":174,"column":3}},{"start":{"line":172,"column":9},"end":{"line":174,"column":3}}],"line":170},"23":{"loc":{"start":{"line":172,"column":9},"end":{"line":174,"column":3}},"type":"if","locations":[{"start":{"line":172,"column":9},"end":{"line":174,"column":3}},{"start":{},"end":{}}],"line":172},"24":{"loc":{"start":{"line":176,"column":2},"end":{"line":178,"column":3}},"type":"if","locations":[{"start":{"line":176,"column":2},"end":{"line":178,"column":3}},{"start":{},"end":{}}],"line":176},"25":{"loc":{"start":{"line":186,"column":22},"end":{"line":186,"column":46}},"type":"cond-expr","locations":[{"start":{"line":186,"column":40},"end":{"line":186,"column":41}},{"start":{"line":186,"column":44},"end":{"line":186,"column":46}}],"line":186},"26":{"loc":{"start":{"line":196,"column":6},"end":{"line":203,"column":7}},"type":"if","locations":[{"start":{"line":196,"column":6},"end":{"line":203,"column":7}},{"start":{"line":199,"column":13},"end":{"line":203,"column":7}}],"line":196},"27":{"loc":{"start":{"line":196,"column":10},"end":{"line":196,"column":56}},"type":"binary-expr","locations":[{"start":{"line":196,"column":10},"end":{"line":196,"column":17}},{"start":{"line":196,"column":21},"end":{"line":196,"column":56}}],"line":196},"28":{"loc":{"start":{"line":199,"column":13},"end":{"line":203,"column":7}},"type":"if","locations":[{"start":{"line":199,"column":13},"end":{"line":203,"column":7}},{"start":{},"end":{}}],"line":199},"29":{"loc":{"start":{"line":222,"column":18},"end":{"line":222,"column":38}},"type":"binary-expr","locations":[{"start":{"line":222,"column":18},"end":{"line":222,"column":32}},{"start":{"line":222,"column":36},"end":{"line":222,"column":38}}],"line":222},"30":{"loc":{"start":{"line":246,"column":2},"end":{"line":248,"column":3}},"type":"if","locations":[{"start":{"line":246,"column":2},"end":{"line":248,"column":3}},{"start":{},"end":{}}],"line":246},"31":{"loc":{"start":{"line":251,"column":2},"end":{"line":258,"column":3}},"type":"if","locations":[{"start":{"line":251,"column":2},"end":{"line":258,"column":3}},{"start":{"line":254,"column":9},"end":{"line":258,"column":3}}],"line":251},"32":{"loc":{"start":{"line":251,"column":6},"end":{"line":251,"column":68}},"type":"binary-expr","locations":[{"start":{"line":251,"column":6},"end":{"line":251,"column":21}},{"start":{"line":251,"column":25},"end":{"line":251,"column":68}}],"line":251},"33":{"loc":{"start":{"line":254,"column":9},"end":{"line":258,"column":3}},"type":"if","locations":[{"start":{"line":254,"column":9},"end":{"line":258,"column":3}},{"start":{},"end":{}}],"line":254},"34":{"loc":{"start":{"line":262,"column":4},"end":{"line":264,"column":28}},"type":"binary-expr","locations":[{"start":{"line":262,"column":4},"end":{"line":262,"column":51}},{"start":{"line":263,"column":4},"end":{"line":263,"column":50}},{"start":{"line":264,"column":4},"end":{"line":264,"column":28}}],"line":262},"35":{"loc":{"start":{"line":266,"column":2},"end":{"line":268,"column":3}},"type":"if","locations":[{"start":{"line":266,"column":2},"end":{"line":268,"column":3}},{"start":{},"end":{}}],"line":266},"36":{"loc":{"start":{"line":283,"column":18},"end":{"line":283,"column":46}},"type":"binary-expr","locations":[{"start":{"line":283,"column":18},"end":{"line":283,"column":40}},{"start":{"line":283,"column":44},"end":{"line":283,"column":46}}],"line":283},"37":{"loc":{"start":{"line":299,"column":2},"end":{"line":301,"column":3}},"type":"if","locations":[{"start":{"line":299,"column":2},"end":{"line":301,"column":3}},{"start":{},"end":{}}],"line":299},"38":{"loc":{"start":{"line":304,"column":2},"end":{"line":306,"column":3}},"type":"if","locations":[{"start":{"line":304,"column":2},"end":{"line":306,"column":3}},{"start":{},"end":{}}],"line":304},"39":{"loc":{"start":{"line":309,"column":2},"end":{"line":311,"column":3}},"type":"if","locations":[{"start":{"line":309,"column":2},"end":{"line":311,"column":3}},{"start":{},"end":{}}],"line":309},"40":{"loc":{"start":{"line":314,"column":2},"end":{"line":316,"column":3}},"type":"if","locations":[{"start":{"line":314,"column":2},"end":{"line":316,"column":3}},{"start":{},"end":{}}],"line":314},"41":{"loc":{"start":{"line":320,"column":2},"end":{"line":322,"column":3}},"type":"if","locations":[{"start":{"line":320,"column":2},"end":{"line":322,"column":3}},{"start":{},"end":{}}],"line":320},"42":{"loc":{"start":{"line":334,"column":6},"end":{"line":336,"column":26}},"type":"cond-expr","locations":[{"start":{"line":334,"column":29},"end":{"line":334,"column":40}},{"start":{"line":335,"column":6},"end":{"line":336,"column":26}}],"line":334},"43":{"loc":{"start":{"line":335,"column":6},"end":{"line":336,"column":26}},"type":"cond-expr","locations":[{"start":{"line":335,"column":30},"end":{"line":335,"column":52}},{"start":{"line":336,"column":6},"end":{"line":336,"column":26}}],"line":335},"44":{"loc":{"start":{"line":350,"column":4},"end":{"line":357,"column":5}},"type":"if","locations":[{"start":{"line":350,"column":4},"end":{"line":357,"column":5}},{"start":{},"end":{}}],"line":350},"45":{"loc":{"start":{"line":383,"column":2},"end":{"line":385,"column":3}},"type":"if","locations":[{"start":{"line":383,"column":2},"end":{"line":385,"column":3}},{"start":{},"end":{}}],"line":383},"46":{"loc":{"start":{"line":387,"column":2},"end":{"line":389,"column":3}},"type":"if","locations":[{"start":{"line":387,"column":2},"end":{"line":389,"column":3}},{"start":{},"end":{}}],"line":387},"47":{"loc":{"start":{"line":391,"column":2},"end":{"line":393,"column":3}},"type":"if","locations":[{"start":{"line":391,"column":2},"end":{"line":393,"column":3}},{"start":{},"end":{}}],"line":391},"48":{"loc":{"start":{"line":395,"column":2},"end":{"line":397,"column":3}},"type":"if","locations":[{"start":{"line":395,"column":2},"end":{"line":397,"column":3}},{"start":{},"end":{}}],"line":395},"49":{"loc":{"start":{"line":433,"column":18},"end":{"line":433,"column":26}},"type":"default-arg","locations":[{"start":{"line":433,"column":25},"end":{"line":433,"column":26}}],"line":433},"50":{"loc":{"start":{"line":433,"column":28},"end":{"line":433,"column":38}},"type":"default-arg","locations":[{"start":{"line":433,"column":36},"end":{"line":433,"column":38}}],"line":433},"51":{"loc":{"start":{"line":433,"column":40},"end":{"line":433,"column":60}},"type":"default-arg","locations":[{"start":{"line":433,"column":49},"end":{"line":433,"column":60}}],"line":433},"52":{"loc":{"start":{"line":433,"column":62},"end":{"line":433,"column":76}},"type":"default-arg","locations":[{"start":{"line":433,"column":70},"end":{"line":433,"column":76}}],"line":433},"53":{"loc":{"start":{"line":437,"column":2},"end":{"line":439,"column":3}},"type":"if","locations":[{"start":{"line":437,"column":2},"end":{"line":439,"column":3}},{"start":{},"end":{}}],"line":437},"54":{"loc":{"start":{"line":440,"column":2},"end":{"line":442,"column":3}},"type":"if","locations":[{"start":{"line":440,"column":2},"end":{"line":442,"column":3}},{"start":{},"end":{}}],"line":440},"55":{"loc":{"start":{"line":445,"column":2},"end":{"line":447,"column":3}},"type":"if","locations":[{"start":{"line":445,"column":2},"end":{"line":447,"column":3}},{"start":{},"end":{}}],"line":445},"56":{"loc":{"start":{"line":455,"column":22},"end":{"line":455,"column":46}},"type":"cond-expr","locations":[{"start":{"line":455,"column":40},"end":{"line":455,"column":41}},{"start":{"line":455,"column":44},"end":{"line":455,"column":46}}],"line":455},"57":{"loc":{"start":{"line":489,"column":18},"end":{"line":489,"column":38}},"type":"binary-expr","locations":[{"start":{"line":489,"column":18},"end":{"line":489,"column":32}},{"start":{"line":489,"column":36},"end":{"line":489,"column":38}}],"line":489},"58":{"loc":{"start":{"line":507,"column":18},"end":{"line":507,"column":26}},"type":"default-arg","locations":[{"start":{"line":507,"column":25},"end":{"line":507,"column":26}}],"line":507},"59":{"loc":{"start":{"line":507,"column":28},"end":{"line":507,"column":38}},"type":"default-arg","locations":[{"start":{"line":507,"column":36},"end":{"line":507,"column":38}}],"line":507},"60":{"loc":{"start":{"line":507,"column":40},"end":{"line":507,"column":60}},"type":"default-arg","locations":[{"start":{"line":507,"column":49},"end":{"line":507,"column":60}}],"line":507},"61":{"loc":{"start":{"line":507,"column":62},"end":{"line":507,"column":76}},"type":"default-arg","locations":[{"start":{"line":507,"column":70},"end":{"line":507,"column":76}}],"line":507},"62":{"loc":{"start":{"line":510,"column":2},"end":{"line":512,"column":3}},"type":"if","locations":[{"start":{"line":510,"column":2},"end":{"line":512,"column":3}},{"start":{},"end":{}}],"line":510},"63":{"loc":{"start":{"line":520,"column":22},"end":{"line":520,"column":46}},"type":"cond-expr","locations":[{"start":{"line":520,"column":40},"end":{"line":520,"column":41}},{"start":{"line":520,"column":44},"end":{"line":520,"column":46}}],"line":520},"64":{"loc":{"start":{"line":530,"column":6},"end":{"line":537,"column":7}},"type":"if","locations":[{"start":{"line":530,"column":6},"end":{"line":537,"column":7}},{"start":{"line":533,"column":13},"end":{"line":537,"column":7}}],"line":530},"65":{"loc":{"start":{"line":530,"column":10},"end":{"line":530,"column":56}},"type":"binary-expr","locations":[{"start":{"line":530,"column":10},"end":{"line":530,"column":17}},{"start":{"line":530,"column":21},"end":{"line":530,"column":56}}],"line":530},"66":{"loc":{"start":{"line":533,"column":13},"end":{"line":537,"column":7}},"type":"if","locations":[{"start":{"line":533,"column":13},"end":{"line":537,"column":7}},{"start":{},"end":{}}],"line":533},"67":{"loc":{"start":{"line":572,"column":18},"end":{"line":572,"column":38}},"type":"binary-expr","locations":[{"start":{"line":572,"column":18},"end":{"line":572,"column":32}},{"start":{"line":572,"column":36},"end":{"line":572,"column":38}}],"line":572},"68":{"loc":{"start":{"line":597,"column":2},"end":{"line":599,"column":3}},"type":"if","locations":[{"start":{"line":597,"column":2},"end":{"line":599,"column":3}},{"start":{},"end":{}}],"line":597},"69":{"loc":{"start":{"line":602,"column":2},"end":{"line":604,"column":3}},"type":"if","locations":[{"start":{"line":602,"column":2},"end":{"line":604,"column":3}},{"start":{},"end":{}}],"line":602},"70":{"loc":{"start":{"line":606,"column":2},"end":{"line":608,"column":3}},"type":"if","locations":[{"start":{"line":606,"column":2},"end":{"line":608,"column":3}},{"start":{},"end":{}}],"line":606},"71":{"loc":{"start":{"line":610,"column":2},"end":{"line":612,"column":3}},"type":"if","locations":[{"start":{"line":610,"column":2},"end":{"line":612,"column":3}},{"start":{},"end":{}}],"line":610},"72":{"loc":{"start":{"line":617,"column":10},"end":{"line":617,"column":25}},"type":"binary-expr","locations":[{"start":{"line":617,"column":10},"end":{"line":617,"column":14}},{"start":{"line":617,"column":18},"end":{"line":617,"column":25}}],"line":617},"73":{"loc":{"start":{"line":618,"column":14},"end":{"line":618,"column":28}},"type":"binary-expr","locations":[{"start":{"line":618,"column":14},"end":{"line":618,"column":22}},{"start":{"line":618,"column":26},"end":{"line":618,"column":28}}],"line":618},"74":{"loc":{"start":{"line":619,"column":17},"end":{"line":619,"column":34}},"type":"binary-expr","locations":[{"start":{"line":619,"column":17},"end":{"line":619,"column":28}},{"start":{"line":619,"column":32},"end":{"line":619,"column":34}}],"line":619},"75":{"loc":{"start":{"line":620,"column":11},"end":{"line":620,"column":22}},"type":"binary-expr","locations":[{"start":{"line":620,"column":11},"end":{"line":620,"column":16}},{"start":{"line":620,"column":20},"end":{"line":620,"column":22}}],"line":620},"76":{"loc":{"start":{"line":621,"column":14},"end":{"line":621,"column":28}},"type":"binary-expr","locations":[{"start":{"line":621,"column":14},"end":{"line":621,"column":22}},{"start":{"line":621,"column":26},"end":{"line":621,"column":28}}],"line":621},"77":{"loc":{"start":{"line":656,"column":4},"end":{"line":664,"column":5}},"type":"if","locations":[{"start":{"line":656,"column":4},"end":{"line":664,"column":5}},{"start":{},"end":{}}],"line":656},"78":{"loc":{"start":{"line":690,"column":2},"end":{"line":692,"column":3}},"type":"if","locations":[{"start":{"line":690,"column":2},"end":{"line":692,"column":3}},{"start":{},"end":{}}],"line":690},"79":{"loc":{"start":{"line":690,"column":6},"end":{"line":690,"column":56}},"type":"binary-expr","locations":[{"start":{"line":690,"column":6},"end":{"line":690,"column":22}},{"start":{"line":690,"column":26},"end":{"line":690,"column":39}},{"start":{"line":690,"column":43},"end":{"line":690,"column":56}}],"line":690},"80":{"loc":{"start":{"line":695,"column":2},"end":{"line":697,"column":3}},"type":"if","locations":[{"start":{"line":695,"column":2},"end":{"line":697,"column":3}},{"start":{},"end":{}}],"line":695},"81":{"loc":{"start":{"line":699,"column":2},"end":{"line":701,"column":3}},"type":"if","locations":[{"start":{"line":699,"column":2},"end":{"line":701,"column":3}},{"start":{},"end":{}}],"line":699},"82":{"loc":{"start":{"line":705,"column":2},"end":{"line":707,"column":3}},"type":"if","locations":[{"start":{"line":705,"column":2},"end":{"line":707,"column":3}},{"start":{},"end":{}}],"line":705}},"s":{"0":2,"1":2,"2":2,"3":2,"4":2,"5":2,"6":2,"7":2,"8":2,"9":2,"10":0,"11":2,"12":0,"13":0,"14":0,"15":0,"16":0,"17":0,"18":0,"19":0,"20":0,"21":0,"22":2,"23":0,"24":0,"25":0,"26":0,"27":0,"28":0,"29":0,"30":0,"31":0,"32":0,"33":0,"34":0,"35":0,"36":0,"37":0,"38":0,"39":0,"40":0,"41":0,"42":0,"43":0,"44":0,"45":0,"46":0,"47":0,"48":0,"49":0,"50":0,"51":0,"52":0,"53":0,"54":0,"55":0,"56":0,"57":2,"58":0,"59":0,"60":0,"61":0,"62":0,"63":0,"64":0,"65":0,"66":0,"67":0,"68":0,"69":0,"70":0,"71":0,"72":0,"73":0,"74":0,"75":0,"76":0,"77":0,"78":0,"79":0,"80":0,"81":0,"82":0,"83":0,"84":0,"85":0,"86":2,"87":0,"88":0,"89":0,"90":0,"91":0,"92":0,"93":0,"94":0,"95":0,"96":0,"97":0,"98":0,"99":0,"100":0,"101":0,"102":2,"103":0,"104":0,"105":0,"106":0,"107":0,"108":0,"109":0,"110":0,"111":0,"112":0,"113":0,"114":0,"115":0,"116":0,"117":0,"118":0,"119":0,"120":0,"121":0,"122":0,"123":0,"124":0,"125":0,"126":0,"127":0,"128":0,"129":0,"130":0,"131":2,"132":0,"133":0,"134":0,"135":0,"136":0,"137":0,"138":0,"139":0,"140":0,"141":0,"142":0,"143":0,"144":0,"145":0,"146":0,"147":0,"148":0,"149":0,"150":2,"151":0,"152":0,"153":0,"154":0,"155":0,"156":0,"157":0,"158":0,"159":0,"160":0,"161":0,"162":0,"163":0,"164":0,"165":0,"166":0,"167":0,"168":0,"169":0,"170":0,"171":0,"172":0,"173":2,"174":0,"175":0,"176":0,"177":0,"178":0,"179":0,"180":0,"181":0,"182":0,"183":0,"184":0,"185":0,"186":0,"187":0,"188":0,"189":0,"190":0,"191":0,"192":0,"193":0,"194":0,"195":0,"196":0,"197":0,"198":0,"199":2,"200":0,"201":0,"202":0,"203":0,"204":0,"205":0,"206":0,"207":0,"208":0,"209":0,"210":0,"211":0,"212":0,"213":0,"214":0,"215":0,"216":0,"217":0,"218":0,"219":0,"220":0,"221":0,"222":0,"223":0,"224":0,"225":0,"226":2,"227":0,"228":0,"229":0,"230":0,"231":0,"232":0,"233":0,"234":0,"235":0,"236":0,"237":0,"238":0,"239":0,"240":0,"241":0,"242":0,"243":2},"f":{"0":0,"1":0,"2":0,"3":0,"4":0,"5":0,"6":0,"7":0,"8":0,"9":0,"10":0,"11":0,"12":0,"13":0,"14":0,"15":0,"16":0,"17":0,"18":0},"b":{"0":[0,0],"1":[0,0],"2":[0,0],"3":[0,0],"4":[0,0],"5":[0,0],"6":[0,0],"7":[0,0],"8":[0,0],"9":[0,0],"10":[0,0],"11":[0,0],"12":[0,0],"13":[0,0],"14":[0,0],"15":[0,0],"16":[0,0],"17":[0,0],"18":[0],"19":[0],"20":[0],"21":[0],"22":[0,0],"23":[0,0],"24":[0,0],"25":[0,0],"26":[0,0],"27":[0,0],"28":[0,0],"29":[0,0],"30":[0,0],"31":[0,0],"32":[0,0],"33":[0,0],"34":[0,0,0],"35":[0,0],"36":[0,0],"37":[0,0],"38":[0,0],"39":[0,0],"40":[0,0],"41":[0,0],"42":[0,0],"43":[0,0],"44":[0,0],"45":[0,0],"46":[0,0],"47":[0,0],"48":[0,0],"49":[0],"50":[0],"51":[0],"52":[0],"53":[0,0],"54":[0,0],"55":[0,0],"56":[0,0],"57":[0,0],"58":[0],"59":[0],"60":[0],"61":[0],"62":[0,0],"63":[0,0],"64":[0,0],"65":[0,0],"66":[0,0],"67":[0,0],"68":[0,0],"69":[0,0],"70":[0,0],"71":[0,0],"72":[0,0],"73":[0,0],"74":[0,0],"75":[0,0],"76":[0,0],"77":[0,0],"78":[0,0],"79":[0,0,0],"80":[0,0],"81":[0,0],"82":[0,0]},"_coverageSchema":"1a1c01bbd47fc00a2c39e90264f33305004495a9","hash":"7ed3ff6a020b2657acecb660b43cfd4999640640"}
,"C:\\Users\\USER\\Desktop\\jobseek2\\jobseekBackend\\controllers\\assessmentController.js": {"path":"C:\\Users\\USER\\Desktop\\jobseek2\\jobseekBackend\\controllers\\assessmentController.js","statementMap":{"0":{"start":{"line":7,"column":21},"end":{"line":7,"column":53}},"1":{"start":{"line":8,"column":20},"end":{"line":8,"column":51}},"2":{"start":{"line":9,"column":19},"end":{"line":9,"column":50}},"3":{"start":{"line":10,"column":25},"end":{"line":10,"column":62}},"4":{"start":{"line":11,"column":13},"end":{"line":11,"column":38}},"5":{"start":{"line":13,"column":22},"end":{"line":23,"column":1}},"6":{"start":{"line":29,"column":22},"end":{"line":58,"column":2}},"7":{"start":{"line":30,"column":22},"end":{"line":32,"column":11}},"8":{"start":{"line":35,"column":21},"end":{"line":35,"column":23}},"9":{"start":{"line":36,"column":2},"end":{"line":53,"column":3}},"10":{"start":{"line":37,"column":4},"end":{"line":45,"column":5}},"11":{"start":{"line":38,"column":6},"end":{"line":44,"column":8}},"12":{"start":{"line":46,"column":18},"end":{"line":46,"column":45}},"13":{"start":{"line":47,"column":4},"end":{"line":52,"column":7}},"14":{"start":{"line":55,"column":2},"end":{"line":57,"column":5}},"15":{"start":{"line":65,"column":26},"end":{"line":89,"column":2}},"16":{"start":{"line":66,"column":17},"end":{"line":66,"column":27}},"17":{"start":{"line":67,"column":21},"end":{"line":67,"column":81}},"18":{"start":{"line":68,"column":2},"end":{"line":70,"column":3}},"19":{"start":{"line":69,"column":4},"end":{"line":69,"column":61}},"20":{"start":{"line":72,"column":24},"end":{"line":75,"column":5}},"21":{"start":{"line":72,"column":57},"end":{"line":75,"column":3}},"22":{"start":{"line":77,"column":2},"end":{"line":88,"column":5}},"23":{"start":{"line":96,"column":25},"end":{"line":194,"column":2}},"24":{"start":{"line":97,"column":17},"end":{"line":97,"column":27}},"25":{"start":{"line":98,"column":2},"end":{"line":100,"column":3}},"26":{"start":{"line":99,"column":4},"end":{"line":99,"column":79}},"27":{"start":{"line":102,"column":21},"end":{"line":102,"column":85}},"28":{"start":{"line":103,"column":2},"end":{"line":105,"column":3}},"29":{"start":{"line":104,"column":4},"end":{"line":104,"column":61}},"30":{"start":{"line":107,"column":44},"end":{"line":107,"column":52}},"31":{"start":{"line":108,"column":2},"end":{"line":110,"column":3}},"32":{"start":{"line":109,"column":4},"end":{"line":109,"column":63}},"33":{"start":{"line":113,"column":18},"end":{"line":113,"column":20}},"34":{"start":{"line":114,"column":2},"end":{"line":118,"column":3}},"35":{"start":{"line":115,"column":4},"end":{"line":117,"column":5}},"36":{"start":{"line":116,"column":6},"end":{"line":116,"column":47}},"37":{"start":{"line":120,"column":16},"end":{"line":120,"column":17}},"38":{"start":{"line":121,"column":25},"end":{"line":131,"column":4}},"39":{"start":{"line":122,"column":19},"end":{"line":122,"column":29}},"40":{"start":{"line":123,"column":22},"end":{"line":123,"column":47}},"41":{"start":{"line":124,"column":4},"end":{"line":124,"column":32}},"42":{"start":{"line":124,"column":19},"end":{"line":124,"column":32}},"43":{"start":{"line":125,"column":4},"end":{"line":130,"column":6}},"44":{"start":{"line":133,"column":16},"end":{"line":133,"column":43}},"45":{"start":{"line":134,"column":16},"end":{"line":134,"column":51}},"46":{"start":{"line":135,"column":17},"end":{"line":135,"column":46}},"47":{"start":{"line":138,"column":17},"end":{"line":146,"column":4}},"48":{"start":{"line":149,"column":22},"end":{"line":153,"column":4}},"49":{"start":{"line":154,"column":2},"end":{"line":164,"column":3}},"50":{"start":{"line":155,"column":4},"end":{"line":158,"column":5}},"51":{"start":{"line":156,"column":6},"end":{"line":156,"column":33}},"52":{"start":{"line":157,"column":6},"end":{"line":157,"column":31}},"53":{"start":{"line":159,"column":4},"end":{"line":159,"column":25}},"54":{"start":{"line":160,"column":4},"end":{"line":160,"column":24}},"55":{"start":{"line":162,"column":4},"end":{"line":162,"column":26}},"56":{"start":{"line":163,"column":4},"end":{"line":163,"column":24}},"57":{"start":{"line":167,"column":2},"end":{"line":167,"column":77}},"58":{"start":{"line":170,"column":18},"end":{"line":173,"column":4}},"59":{"start":{"line":174,"column":24},"end":{"line":178,"column":4}},"60":{"start":{"line":180,"column":4},"end":{"line":180,"column":68}},"61":{"start":{"line":182,"column":2},"end":{"line":193,"column":5}},"62":{"start":{"line":200,"column":21},"end":{"line":209,"column":2}},"63":{"start":{"line":201,"column":18},"end":{"line":206,"column":11}},"64":{"start":{"line":208,"column":2},"end":{"line":208,"column":79}},"65":{"start":{"line":215,"column":26},"end":{"line":270,"column":2}},"66":{"start":{"line":216,"column":23},"end":{"line":216,"column":32}},"67":{"start":{"line":217,"column":2},"end":{"line":242,"column":3}},"68":{"start":{"line":218,"column":20},"end":{"line":226,"column":13}},"69":{"start":{"line":228,"column":24},"end":{"line":239,"column":9}},"70":{"start":{"line":229,"column":21},"end":{"line":229,"column":27}},"71":{"start":{"line":230,"column":19},"end":{"line":239,"column":7}},"72":{"start":{"line":241,"column":4},"end":{"line":241,"column":79}},"73":{"start":{"line":244,"column":2},"end":{"line":267,"column":3}},"74":{"start":{"line":245,"column":18},"end":{"line":255,"column":13}},"75":{"start":{"line":257,"column":4},"end":{"line":266,"column":7}},"76":{"start":{"line":258,"column":37},"end":{"line":265,"column":7}},"77":{"start":{"line":269,"column":2},"end":{"line":269,"column":72}},"78":{"start":{"line":275,"column":28},"end":{"line":299,"column":1}},"79":{"start":{"line":276,"column":15},"end":{"line":276,"column":42}},"80":{"start":{"line":277,"column":2},"end":{"line":277,"column":20}},"81":{"start":{"line":277,"column":13},"end":{"line":277,"column":20}},"82":{"start":{"line":279,"column":2},"end":{"line":279,"column":36}},"83":{"start":{"line":280,"column":2},"end":{"line":280,"column":66}},"84":{"start":{"line":282,"column":19},"end":{"line":282,"column":77}},"85":{"start":{"line":282,"column":59},"end":{"line":282,"column":76}},"86":{"start":{"line":283,"column":2},"end":{"line":296,"column":3}},"87":{"start":{"line":284,"column":4},"end":{"line":288,"column":5}},"88":{"start":{"line":285,"column":6},"end":{"line":285,"column":29}},"89":{"start":{"line":286,"column":6},"end":{"line":286,"column":31}},"90":{"start":{"line":287,"column":6},"end":{"line":287,"column":39}},"91":{"start":{"line":290,"column":4},"end":{"line":295,"column":7}},"92":{"start":{"line":298,"column":2},"end":{"line":298,"column":20}},"93":{"start":{"line":301,"column":0},"end":{"line":308,"column":2}}},"fnMap":{"0":{"name":"(anonymous_0)","decl":{"start":{"line":29,"column":35},"end":{"line":29,"column":36}},"loc":{"start":{"line":29,"column":55},"end":{"line":58,"column":1}},"line":29},"1":{"name":"(anonymous_1)","decl":{"start":{"line":65,"column":39},"end":{"line":65,"column":40}},"loc":{"start":{"line":65,"column":59},"end":{"line":89,"column":1}},"line":65},"2":{"name":"(anonymous_2)","decl":{"start":{"line":72,"column":49},"end":{"line":72,"column":50}},"loc":{"start":{"line":72,"column":57},"end":{"line":75,"column":3}},"line":72},"3":{"name":"(anonymous_3)","decl":{"start":{"line":96,"column":38},"end":{"line":96,"column":39}},"loc":{"start":{"line":96,"column":58},"end":{"line":194,"column":1}},"line":96},"4":{"name":"(anonymous_4)","decl":{"start":{"line":121,"column":50},"end":{"line":121,"column":51}},"loc":{"start":{"line":121,"column":60},"end":{"line":131,"column":3}},"line":121},"5":{"name":"(anonymous_5)","decl":{"start":{"line":200,"column":34},"end":{"line":200,"column":35}},"loc":{"start":{"line":200,"column":54},"end":{"line":209,"column":1}},"line":200},"6":{"name":"(anonymous_6)","decl":{"start":{"line":215,"column":39},"end":{"line":215,"column":40}},"loc":{"start":{"line":215,"column":59},"end":{"line":270,"column":1}},"line":215},"7":{"name":"(anonymous_7)","decl":{"start":{"line":229,"column":14},"end":{"line":229,"column":15}},"loc":{"start":{"line":229,"column":21},"end":{"line":229,"column":27}},"line":229},"8":{"name":"(anonymous_8)","decl":{"start":{"line":230,"column":11},"end":{"line":230,"column":12}},"loc":{"start":{"line":230,"column":19},"end":{"line":239,"column":7}},"line":230},"9":{"name":"(anonymous_9)","decl":{"start":{"line":258,"column":29},"end":{"line":258,"column":30}},"loc":{"start":{"line":258,"column":37},"end":{"line":265,"column":7}},"line":258},"10":{"name":"(anonymous_10)","decl":{"start":{"line":275,"column":28},"end":{"line":275,"column":29}},"loc":{"start":{"line":275,"column":68},"end":{"line":299,"column":1}},"line":275},"11":{"name":"(anonymous_11)","decl":{"start":{"line":282,"column":52},"end":{"line":282,"column":53}},"loc":{"start":{"line":282,"column":59},"end":{"line":282,"column":76}},"line":282}},"branchMap":{"0":{"loc":{"start":{"line":37,"column":4},"end":{"line":45,"column":5}},"type":"if","locations":[{"start":{"line":37,"column":4},"end":{"line":45,"column":5}},{"start":{},"end":{}}],"line":37},"1":{"loc":{"start":{"line":68,"column":2},"end":{"line":70,"column":3}},"type":"if","locations":[{"start":{"line":68,"column":2},"end":{"line":70,"column":3}},{"start":{},"end":{}}],"line":68},"2":{"loc":{"start":{"line":98,"column":2},"end":{"line":100,"column":3}},"type":"if","locations":[{"start":{"line":98,"column":2},"end":{"line":100,"column":3}},{"start":{},"end":{}}],"line":98},"3":{"loc":{"start":{"line":103,"column":2},"end":{"line":105,"column":3}},"type":"if","locations":[{"start":{"line":103,"column":2},"end":{"line":105,"column":3}},{"start":{},"end":{}}],"line":103},"4":{"loc":{"start":{"line":107,"column":19},"end":{"line":107,"column":39}},"type":"default-arg","locations":[{"start":{"line":107,"column":38},"end":{"line":107,"column":39}}],"line":107},"5":{"loc":{"start":{"line":108,"column":2},"end":{"line":110,"column":3}},"type":"if","locations":[{"start":{"line":108,"column":2},"end":{"line":110,"column":3}},{"start":{},"end":{}}],"line":108},"6":{"loc":{"start":{"line":108,"column":6},"end":{"line":108,"column":53}},"type":"binary-expr","locations":[{"start":{"line":108,"column":6},"end":{"line":108,"column":29}},{"start":{"line":108,"column":33},"end":{"line":108,"column":53}}],"line":108},"7":{"loc":{"start":{"line":115,"column":4},"end":{"line":117,"column":5}},"type":"if","locations":[{"start":{"line":115,"column":4},"end":{"line":117,"column":5}},{"start":{},"end":{}}],"line":115},"8":{"loc":{"start":{"line":115,"column":8},"end":{"line":115,"column":46}},"type":"binary-expr","locations":[{"start":{"line":115,"column":8},"end":{"line":115,"column":9}},{"start":{"line":115,"column":13},"end":{"line":115,"column":46}}],"line":115},"9":{"loc":{"start":{"line":124,"column":4},"end":{"line":124,"column":32}},"type":"if","locations":[{"start":{"line":124,"column":4},"end":{"line":124,"column":32}},{"start":{},"end":{}}],"line":124},"10":{"loc":{"start":{"line":154,"column":2},"end":{"line":164,"column":3}},"type":"if","locations":[{"start":{"line":154,"column":2},"end":{"line":164,"column":3}},{"start":{"line":161,"column":9},"end":{"line":164,"column":3}}],"line":154},"11":{"loc":{"start":{"line":154,"column":6},"end":{"line":154,"column":47}},"type":"binary-expr","locations":[{"start":{"line":154,"column":6},"end":{"line":154,"column":18}},{"start":{"line":154,"column":22},"end":{"line":154,"column":47}}],"line":154},"12":{"loc":{"start":{"line":155,"column":4},"end":{"line":158,"column":5}},"type":"if","locations":[{"start":{"line":155,"column":4},"end":{"line":158,"column":5}},{"start":{},"end":{}}],"line":155},"13":{"loc":{"start":{"line":180,"column":4},"end":{"line":180,"column":68}},"type":"cond-expr","locations":[{"start":{"line":180,"column":18},"end":{"line":180,"column":61}},{"start":{"line":180,"column":64},"end":{"line":180,"column":68}}],"line":180},"14":{"loc":{"start":{"line":182,"column":39},"end":{"line":182,"column":92}},"type":"cond-expr","locations":[{"start":{"line":182,"column":48},"end":{"line":182,"column":67}},{"start":{"line":182,"column":70},"end":{"line":182,"column":92}}],"line":182},"15":{"loc":{"start":{"line":190,"column":18},"end":{"line":190,"column":76}},"type":"cond-expr","locations":[{"start":{"line":190,"column":40},"end":{"line":190,"column":44}},{"start":{"line":190,"column":47},"end":{"line":190,"column":76}}],"line":190},"16":{"loc":{"start":{"line":217,"column":2},"end":{"line":242,"column":3}},"type":"if","locations":[{"start":{"line":217,"column":2},"end":{"line":242,"column":3}},{"start":{},"end":{}}],"line":217},"17":{"loc":{"start":{"line":224,"column":22},"end":{"line":224,"column":57}},"type":"binary-expr","locations":[{"start":{"line":224,"column":22},"end":{"line":224,"column":51}},{"start":{"line":224,"column":55},"end":{"line":224,"column":57}}],"line":224},"18":{"loc":{"start":{"line":232,"column":17},"end":{"line":232,"column":39}},"type":"binary-expr","locations":[{"start":{"line":232,"column":17},"end":{"line":232,"column":33}},{"start":{"line":232,"column":37},"end":{"line":232,"column":39}}],"line":232},"19":{"loc":{"start":{"line":232,"column":43},"end":{"line":232,"column":64}},"type":"binary-expr","locations":[{"start":{"line":232,"column":43},"end":{"line":232,"column":58}},{"start":{"line":232,"column":62},"end":{"line":232,"column":64}}],"line":232},"20":{"loc":{"start":{"line":234,"column":18},"end":{"line":234,"column":48}},"type":"binary-expr","locations":[{"start":{"line":234,"column":18},"end":{"line":234,"column":42}},{"start":{"line":234,"column":46},"end":{"line":234,"column":48}}],"line":234},"21":{"loc":{"start":{"line":235,"column":16},"end":{"line":235,"column":44}},"type":"binary-expr","locations":[{"start":{"line":235,"column":16},"end":{"line":235,"column":38}},{"start":{"line":235,"column":42},"end":{"line":235,"column":44}}],"line":235},"22":{"loc":{"start":{"line":244,"column":2},"end":{"line":267,"column":3}},"type":"if","locations":[{"start":{"line":244,"column":2},"end":{"line":267,"column":3}},{"start":{},"end":{}}],"line":244},"23":{"loc":{"start":{"line":260,"column":17},"end":{"line":260,"column":34}},"type":"binary-expr","locations":[{"start":{"line":260,"column":17},"end":{"line":260,"column":28}},{"start":{"line":260,"column":32},"end":{"line":260,"column":34}}],"line":260},"24":{"loc":{"start":{"line":260,"column":38},"end":{"line":260,"column":54}},"type":"binary-expr","locations":[{"start":{"line":260,"column":38},"end":{"line":260,"column":48}},{"start":{"line":260,"column":52},"end":{"line":260,"column":54}}],"line":260},"25":{"loc":{"start":{"line":262,"column":18},"end":{"line":262,"column":43}},"type":"binary-expr","locations":[{"start":{"line":262,"column":18},"end":{"line":262,"column":37}},{"start":{"line":262,"column":41},"end":{"line":262,"column":43}}],"line":262},"26":{"loc":{"start":{"line":263,"column":16},"end":{"line":263,"column":39}},"type":"binary-expr","locations":[{"start":{"line":263,"column":16},"end":{"line":263,"column":33}},{"start":{"line":263,"column":37},"end":{"line":263,"column":39}}],"line":263},"27":{"loc":{"start":{"line":264,"column":24},"end":{"line":264,"column":55}},"type":"binary-expr","locations":[{"start":{"line":264,"column":24},"end":{"line":264,"column":49}},{"start":{"line":264,"column":53},"end":{"line":264,"column":55}}],"line":264},"28":{"loc":{"start":{"line":277,"column":2},"end":{"line":277,"column":20}},"type":"if","locations":[{"start":{"line":277,"column":2},"end":{"line":277,"column":20}},{"start":{},"end":{}}],"line":277},"29":{"loc":{"start":{"line":279,"column":17},"end":{"line":279,"column":35}},"type":"binary-expr","locations":[{"start":{"line":279,"column":17},"end":{"line":279,"column":29}},{"start":{"line":279,"column":33},"end":{"line":279,"column":35}}],"line":279},"30":{"loc":{"start":{"line":280,"column":32},"end":{"line":280,"column":65}},"type":"binary-expr","locations":[{"start":{"line":280,"column":32},"end":{"line":280,"column":59}},{"start":{"line":280,"column":63},"end":{"line":280,"column":65}}],"line":280},"31":{"loc":{"start":{"line":283,"column":2},"end":{"line":296,"column":3}},"type":"if","locations":[{"start":{"line":283,"column":2},"end":{"line":296,"column":3}},{"start":{"line":289,"column":9},"end":{"line":296,"column":3}}],"line":283},"32":{"loc":{"start":{"line":284,"column":4},"end":{"line":288,"column":5}},"type":"if","locations":[{"start":{"line":284,"column":4},"end":{"line":288,"column":5}},{"start":{},"end":{}}],"line":284}},"s":{"0":2,"1":2,"2":2,"3":2,"4":2,"5":2,"6":2,"7":0,"8":0,"9":0,"10":0,"11":0,"12":0,"13":0,"14":0,"15":2,"16":0,"17":0,"18":0,"19":0,"20":0,"21":0,"22":0,"23":2,"24":0,"25":0,"26":0,"27":0,"28":0,"29":0,"30":0,"31":0,"32":0,"33":0,"34":0,"35":0,"36":0,"37":0,"38":0,"39":0,"40":0,"41":0,"42":0,"43":0,"44":0,"45":0,"46":0,"47":0,"48":0,"49":0,"50":0,"51":0,"52":0,"53":0,"54":0,"55":0,"56":0,"57":0,"58":0,"59":0,"60":0,"61":0,"62":2,"63":0,"64":0,"65":2,"66":0,"67":0,"68":0,"69":0,"70":0,"71":0,"72":0,"73":0,"74":0,"75":0,"76":0,"77":0,"78":2,"79":0,"80":0,"81":0,"82":0,"83":0,"84":0,"85":0,"86":0,"87":0,"88":0,"89":0,"90":0,"91":0,"92":0,"93":2},"f":{"0":0,"1":0,"2":0,"3":0,"4":0,"5":0,"6":0,"7":0,"8":0,"9":0,"10":0,"11":0},"b":{"0":[0,0],"1":[0,0],"2":[0,0],"3":[0,0],"4":[0],"5":[0,0],"6":[0,0],"7":[0,0],"8":[0,0],"9":[0,0],"10":[0,0],"11":[0,0],"12":[0,0],"13":[0,0],"14":[0,0],"15":[0,0],"16":[0,0],"17":[0,0],"18":[0,0],"19":[0,0],"20":[0,0],"21":[0,0],"22":[0,0],"23":[0,0],"24":[0,0],"25":[0,0],"26":[0,0],"27":[0,0],"28":[0,0],"29":[0,0],"30":[0,0],"31":[0,0],"32":[0,0]},"_coverageSchema":"1a1c01bbd47fc00a2c39e90264f33305004495a9","hash":"d194873f9baed9dc101aa567dc87f858deccd952"}
,"C:\\Users\\USER\\Desktop\\jobseek2\\jobseekBackend\\controllers\\authController.js": {"path":"C:\\Users\\USER\\Desktop\\jobseek2\\jobseekBackend\\controllers\\authController.js","statementMap":{"0":{"start":{"line":6,"column":21},"end":{"line":6,"column":53}},"1":{"start":{"line":7,"column":20},"end":{"line":7,"column":51}},"2":{"start":{"line":11,"column":4},"end":{"line":11,"column":37}},"3":{"start":{"line":12,"column":25},"end":{"line":12,"column":51}},"4":{"start":{"line":13,"column":13},"end":{"line":13,"column":38}},"5":{"start":{"line":14,"column":12},"end":{"line":14,"column":36}},"6":{"start":{"line":15,"column":21},"end":{"line":15,"column":54}},"7":{"start":{"line":16,"column":19},"end":{"line":16,"column":52}},"8":{"start":{"line":17,"column":21},"end":{"line":17,"column":56}},"9":{"start":{"line":28,"column":20},"end":{"line":74,"column":2}},"10":{"start":{"line":29,"column":57},"end":{"line":29,"column":65}},"11":{"start":{"line":31,"column":26},"end":{"line":31,"column":45}},"12":{"start":{"line":34,"column":23},"end":{"line":34,"column":69}},"13":{"start":{"line":35,"column":2},"end":{"line":37,"column":3}},"14":{"start":{"line":36,"column":4},"end":{"line":36,"column":76}},"15":{"start":{"line":41,"column":17},"end":{"line":41,"column":36}},"16":{"start":{"line":42,"column":15},"end":{"line":42,"column":39}},"17":{"start":{"line":43,"column":25},"end":{"line":43,"column":58}},"18":{"start":{"line":46,"column":22},"end":{"line":52,"column":3}},"19":{"start":{"line":61,"column":2},"end":{"line":69,"column":3}},"20":{"start":{"line":62,"column":4},"end":{"line":62,"column":93}},"21":{"start":{"line":64,"column":4},"end":{"line":64,"column":78}},"22":{"start":{"line":65,"column":4},"end":{"line":68,"column":6}},"23":{"start":{"line":71,"column":2},"end":{"line":73,"column":5}},"24":{"start":{"line":81,"column":17},"end":{"line":162,"column":2}},"25":{"start":{"line":82,"column":25},"end":{"line":82,"column":33}},"26":{"start":{"line":84,"column":26},"end":{"line":84,"column":45}},"27":{"start":{"line":87,"column":23},"end":{"line":87,"column":69}},"28":{"start":{"line":88,"column":2},"end":{"line":90,"column":3}},"29":{"start":{"line":89,"column":4},"end":{"line":89,"column":76}},"30":{"start":{"line":94,"column":2},"end":{"line":98,"column":3}},"31":{"start":{"line":95,"column":4},"end":{"line":95,"column":81}},"32":{"start":{"line":97,"column":4},"end":{"line":97,"column":80}},"33":{"start":{"line":101,"column":18},"end":{"line":101,"column":39}},"34":{"start":{"line":102,"column":2},"end":{"line":104,"column":3}},"35":{"start":{"line":103,"column":4},"end":{"line":103,"column":104}},"36":{"start":{"line":109,"column":20},"end":{"line":109,"column":24}},"37":{"start":{"line":110,"column":15},"end":{"line":118,"column":4}},"38":{"start":{"line":121,"column":2},"end":{"line":121,"column":36}},"39":{"start":{"line":122,"column":2},"end":{"line":122,"column":39}},"40":{"start":{"line":123,"column":2},"end":{"line":123,"column":20}},"41":{"start":{"line":126,"column":2},"end":{"line":126,"column":46}},"42":{"start":{"line":129,"column":22},"end":{"line":129,"column":76}},"43":{"start":{"line":130,"column":23},"end":{"line":130,"column":61}},"44":{"start":{"line":132,"column":2},"end":{"line":137,"column":5}},"45":{"start":{"line":139,"column":2},"end":{"line":139,"column":28}},"46":{"start":{"line":141,"column":23},"end":{"line":141,"column":60}},"47":{"start":{"line":142,"column":24},"end":{"line":146,"column":3}},"48":{"start":{"line":148,"column":2},"end":{"line":148,"column":87}},"49":{"start":{"line":149,"column":2},"end":{"line":149,"column":99}},"50":{"start":{"line":151,"column":2},"end":{"line":161,"column":5}},"51":{"start":{"line":168,"column":14},"end":{"line":256,"column":2}},"52":{"start":{"line":169,"column":30},"end":{"line":169,"column":38}},"53":{"start":{"line":172,"column":15},"end":{"line":174,"column":3}},"54":{"start":{"line":176,"column":2},"end":{"line":178,"column":3}},"55":{"start":{"line":177,"column":4},"end":{"line":177,"column":70}},"56":{"start":{"line":181,"column":2},"end":{"line":183,"column":3}},"57":{"start":{"line":182,"column":4},"end":{"line":182,"column":75}},"58":{"start":{"line":186,"column":26},"end":{"line":186,"column":62}},"59":{"start":{"line":187,"column":2},"end":{"line":195,"column":3}},"60":{"start":{"line":188,"column":4},"end":{"line":193,"column":6}},"61":{"start":{"line":194,"column":4},"end":{"line":194,"column":70}},"62":{"start":{"line":198,"column":2},"end":{"line":198,"column":30}},"63":{"start":{"line":199,"column":2},"end":{"line":199,"column":20}},"64":{"start":{"line":202,"column":22},"end":{"line":202,"column":76}},"65":{"start":{"line":203,"column":23},"end":{"line":203,"column":61}},"66":{"start":{"line":206,"column":2},"end":{"line":211,"column":5}},"67":{"start":{"line":214,"column":2},"end":{"line":214,"column":28}},"68":{"start":{"line":216,"column":23},"end":{"line":216,"column":60}},"69":{"start":{"line":217,"column":24},"end":{"line":221,"column":3}},"70":{"start":{"line":224,"column":2},"end":{"line":227,"column":5}},"71":{"start":{"line":230,"column":2},"end":{"line":233,"column":5}},"72":{"start":{"line":235,"column":2},"end":{"line":240,"column":4}},"73":{"start":{"line":244,"column":2},"end":{"line":255,"column":5}},"74":{"start":{"line":264,"column":15},"end":{"line":295,"column":2}},"75":{"start":{"line":266,"column":2},"end":{"line":277,"column":3}},"76":{"start":{"line":267,"column":33},"end":{"line":267,"column":57}},"77":{"start":{"line":268,"column":4},"end":{"line":273,"column":5}},"78":{"start":{"line":269,"column":6},"end":{"line":272,"column":8}},"79":{"start":{"line":276,"column":4},"end":{"line":276,"column":84}},"80":{"start":{"line":279,"column":23},"end":{"line":279,"column":60}},"81":{"start":{"line":280,"column":23},"end":{"line":286,"column":3}},"82":{"start":{"line":288,"column":2},"end":{"line":288,"column":47}},"83":{"start":{"line":289,"column":2},"end":{"line":289,"column":48}},"84":{"start":{"line":292,"column":2},"end":{"line":292,"column":71}},"85":{"start":{"line":294,"column":2},"end":{"line":294,"column":60}},"86":{"start":{"line":302,"column":21},"end":{"line":351,"column":2}},"87":{"start":{"line":303,"column":31},"end":{"line":303,"column":55}},"88":{"start":{"line":305,"column":2},"end":{"line":307,"column":3}},"89":{"start":{"line":306,"column":4},"end":{"line":306,"column":70}},"90":{"start":{"line":310,"column":2},"end":{"line":317,"column":3}},"91":{"start":{"line":311,"column":28},"end":{"line":311,"column":61}},"92":{"start":{"line":314,"column":4},"end":{"line":314,"column":80}},"93":{"start":{"line":316,"column":4},"end":{"line":316,"column":77}},"94":{"start":{"line":320,"column":22},"end":{"line":323,"column":4}},"95":{"start":{"line":325,"column":2},"end":{"line":327,"column":3}},"96":{"start":{"line":326,"column":4},"end":{"line":326,"column":77}},"97":{"start":{"line":329,"column":15},"end":{"line":329,"column":46}},"98":{"start":{"line":330,"column":2},"end":{"line":332,"column":3}},"99":{"start":{"line":331,"column":4},"end":{"line":331,"column":66}},"100":{"start":{"line":335,"column":25},"end":{"line":335,"column":79}},"101":{"start":{"line":338,"column":23},"end":{"line":338,"column":60}},"102":{"start":{"line":339,"column":2},"end":{"line":344,"column":5}},"103":{"start":{"line":346,"column":2},"end":{"line":346,"column":46}},"104":{"start":{"line":348,"column":2},"end":{"line":350,"column":5}},"105":{"start":{"line":357,"column":23},"end":{"line":384,"column":2}},"106":{"start":{"line":358,"column":20},"end":{"line":358,"column":28}},"107":{"start":{"line":362,"column":26},"end":{"line":366,"column":3}},"108":{"start":{"line":368,"column":15},"end":{"line":368,"column":65}},"109":{"start":{"line":369,"column":2},"end":{"line":372,"column":3}},"110":{"start":{"line":370,"column":4},"end":{"line":370,"column":55}},"111":{"start":{"line":371,"column":4},"end":{"line":371,"column":27}},"112":{"start":{"line":375,"column":2},"end":{"line":379,"column":7}},"113":{"start":{"line":378,"column":6},"end":{"line":378,"column":97}},"114":{"start":{"line":381,"column":2},"end":{"line":381,"column":53}},"115":{"start":{"line":383,"column":2},"end":{"line":383,"column":25}},"116":{"start":{"line":390,"column":22},"end":{"line":421,"column":2}},"117":{"start":{"line":391,"column":38},"end":{"line":391,"column":46}},"118":{"start":{"line":393,"column":15},"end":{"line":393,"column":65}},"119":{"start":{"line":394,"column":2},"end":{"line":396,"column":3}},"120":{"start":{"line":395,"column":4},"end":{"line":395,"column":55}},"121":{"start":{"line":399,"column":2},"end":{"line":403,"column":3}},"122":{"start":{"line":400,"column":4},"end":{"line":400,"column":61}},"123":{"start":{"line":402,"column":4},"end":{"line":402,"column":80}},"124":{"start":{"line":406,"column":2},"end":{"line":409,"column":4}},"125":{"start":{"line":412,"column":2},"end":{"line":412,"column":30}},"126":{"start":{"line":413,"column":2},"end":{"line":413,"column":20}},"127":{"start":{"line":416,"column":2},"end":{"line":416,"column":69}},"128":{"start":{"line":418,"column":2},"end":{"line":418,"column":66}},"129":{"start":{"line":420,"column":2},"end":{"line":420,"column":68}},"130":{"start":{"line":427,"column":20},"end":{"line":451,"column":2}},"131":{"start":{"line":428,"column":25},"end":{"line":428,"column":33}},"132":{"start":{"line":430,"column":15},"end":{"line":430,"column":65}},"133":{"start":{"line":431,"column":2},"end":{"line":433,"column":3}},"134":{"start":{"line":432,"column":4},"end":{"line":432,"column":55}},"135":{"start":{"line":436,"column":2},"end":{"line":440,"column":3}},"136":{"start":{"line":437,"column":4},"end":{"line":437,"column":65}},"137":{"start":{"line":439,"column":4},"end":{"line":439,"column":80}},"138":{"start":{"line":443,"column":2},"end":{"line":443,"column":25}},"139":{"start":{"line":444,"column":2},"end":{"line":444,"column":30}},"140":{"start":{"line":445,"column":2},"end":{"line":445,"column":20}},"141":{"start":{"line":448,"column":2},"end":{"line":448,"column":73}},"142":{"start":{"line":450,"column":2},"end":{"line":450,"column":70}},"143":{"start":{"line":458,"column":18},"end":{"line":521,"column":2}},"144":{"start":{"line":459,"column":26},"end":{"line":459,"column":34}},"145":{"start":{"line":461,"column":21},"end":{"line":461,"column":77}},"146":{"start":{"line":462,"column":2},"end":{"line":467,"column":3}},"147":{"start":{"line":463,"column":4},"end":{"line":466,"column":6}},"148":{"start":{"line":469,"column":2},"end":{"line":471,"column":3}},"149":{"start":{"line":470,"column":4},"end":{"line":470,"column":60}},"150":{"start":{"line":473,"column":26},"end":{"line":473,"column":45}},"151":{"start":{"line":475,"column":2},"end":{"line":506,"column":3}},"152":{"start":{"line":478,"column":24},"end":{"line":482,"column":30}},"153":{"start":{"line":484,"column":4},"end":{"line":487,"column":5}},"154":{"start":{"line":486,"column":6},"end":{"line":486,"column":105}},"155":{"start":{"line":495,"column":4},"end":{"line":503,"column":5}},"156":{"start":{"line":496,"column":6},"end":{"line":496,"column":107}},"157":{"start":{"line":498,"column":6},"end":{"line":498,"column":93}},"158":{"start":{"line":499,"column":6},"end":{"line":502,"column":8}},"159":{"start":{"line":505,"column":4},"end":{"line":505,"column":71}},"160":{"start":{"line":509,"column":15},"end":{"line":509,"column":61}},"161":{"start":{"line":510,"column":2},"end":{"line":512,"column":3}},"162":{"start":{"line":511,"column":4},"end":{"line":511,"column":92}},"163":{"start":{"line":514,"column":2},"end":{"line":518,"column":7}},"164":{"start":{"line":517,"column":6},"end":{"line":517,"column":83}},"165":{"start":{"line":520,"column":2},"end":{"line":520,"column":64}},"166":{"start":{"line":527,"column":14},"end":{"line":550,"column":2}},"167":{"start":{"line":528,"column":15},"end":{"line":528,"column":66}},"168":{"start":{"line":530,"column":2},"end":{"line":532,"column":3}},"169":{"start":{"line":531,"column":4},"end":{"line":531,"column":55}},"170":{"start":{"line":534,"column":2},"end":{"line":549,"column":5}},"171":{"start":{"line":552,"column":0},"end":{"line":563,"column":2}}},"fnMap":{"0":{"name":"(anonymous_0)","decl":{"start":{"line":28,"column":33},"end":{"line":28,"column":34}},"loc":{"start":{"line":28,"column":53},"end":{"line":74,"column":1}},"line":28},"1":{"name":"(anonymous_1)","decl":{"start":{"line":81,"column":30},"end":{"line":81,"column":31}},"loc":{"start":{"line":81,"column":50},"end":{"line":162,"column":1}},"line":81},"2":{"name":"(anonymous_2)","decl":{"start":{"line":168,"column":27},"end":{"line":168,"column":28}},"loc":{"start":{"line":168,"column":47},"end":{"line":256,"column":1}},"line":168},"3":{"name":"(anonymous_3)","decl":{"start":{"line":264,"column":28},"end":{"line":264,"column":29}},"loc":{"start":{"line":264,"column":48},"end":{"line":295,"column":1}},"line":264},"4":{"name":"(anonymous_4)","decl":{"start":{"line":302,"column":34},"end":{"line":302,"column":35}},"loc":{"start":{"line":302,"column":54},"end":{"line":351,"column":1}},"line":302},"5":{"name":"(anonymous_5)","decl":{"start":{"line":357,"column":36},"end":{"line":357,"column":37}},"loc":{"start":{"line":357,"column":56},"end":{"line":384,"column":1}},"line":357},"6":{"name":"(anonymous_6)","decl":{"start":{"line":377,"column":11},"end":{"line":377,"column":12}},"loc":{"start":{"line":377,"column":20},"end":{"line":379,"column":5}},"line":377},"7":{"name":"(anonymous_7)","decl":{"start":{"line":390,"column":35},"end":{"line":390,"column":36}},"loc":{"start":{"line":390,"column":55},"end":{"line":421,"column":1}},"line":390},"8":{"name":"(anonymous_8)","decl":{"start":{"line":427,"column":33},"end":{"line":427,"column":34}},"loc":{"start":{"line":427,"column":53},"end":{"line":451,"column":1}},"line":427},"9":{"name":"(anonymous_9)","decl":{"start":{"line":458,"column":31},"end":{"line":458,"column":32}},"loc":{"start":{"line":458,"column":51},"end":{"line":521,"column":1}},"line":458},"10":{"name":"(anonymous_10)","decl":{"start":{"line":516,"column":11},"end":{"line":516,"column":12}},"loc":{"start":{"line":516,"column":20},"end":{"line":518,"column":5}},"line":516},"11":{"name":"(anonymous_11)","decl":{"start":{"line":527,"column":27},"end":{"line":527,"column":28}},"loc":{"start":{"line":527,"column":47},"end":{"line":550,"column":1}},"line":527}},"branchMap":{"0":{"loc":{"start":{"line":35,"column":2},"end":{"line":37,"column":3}},"type":"if","locations":[{"start":{"line":35,"column":2},"end":{"line":37,"column":3}},{"start":{},"end":{}}],"line":35},"1":{"loc":{"start":{"line":67,"column":6},"end":{"line":67,"column":78}},"type":"binary-expr","locations":[{"start":{"line":67,"column":6},"end":{"line":67,"column":17}},{"start":{"line":67,"column":21},"end":{"line":67,"column":78}}],"line":67},"2":{"loc":{"start":{"line":88,"column":2},"end":{"line":90,"column":3}},"type":"if","locations":[{"start":{"line":88,"column":2},"end":{"line":90,"column":3}},{"start":{},"end":{}}],"line":88},"3":{"loc":{"start":{"line":97,"column":39},"end":{"line":97,"column":78}},"type":"binary-expr","locations":[{"start":{"line":97,"column":39},"end":{"line":97,"column":50}},{"start":{"line":97,"column":54},"end":{"line":97,"column":78}}],"line":97},"4":{"loc":{"start":{"line":102,"column":2},"end":{"line":104,"column":3}},"type":"if","locations":[{"start":{"line":102,"column":2},"end":{"line":104,"column":3}},{"start":{},"end":{}}],"line":102},"5":{"loc":{"start":{"line":121,"column":17},"end":{"line":121,"column":35}},"type":"binary-expr","locations":[{"start":{"line":121,"column":17},"end":{"line":121,"column":29}},{"start":{"line":121,"column":33},"end":{"line":121,"column":35}}],"line":121},"6":{"loc":{"start":{"line":145,"column":14},"end":{"line":145,"column":43}},"type":"cond-expr","locations":[{"start":{"line":145,"column":29},"end":{"line":145,"column":35}},{"start":{"line":145,"column":38},"end":{"line":145,"column":43}}],"line":145},"7":{"loc":{"start":{"line":176,"column":2},"end":{"line":178,"column":3}},"type":"if","locations":[{"start":{"line":176,"column":2},"end":{"line":178,"column":3}},{"start":{},"end":{}}],"line":176},"8":{"loc":{"start":{"line":181,"column":2},"end":{"line":183,"column":3}},"type":"if","locations":[{"start":{"line":181,"column":2},"end":{"line":183,"column":3}},{"start":{},"end":{}}],"line":181},"9":{"loc":{"start":{"line":181,"column":6},"end":{"line":181,"column":38}},"type":"binary-expr","locations":[{"start":{"line":181,"column":6},"end":{"line":181,"column":20}},{"start":{"line":181,"column":24},"end":{"line":181,"column":38}}],"line":181},"10":{"loc":{"start":{"line":187,"column":2},"end":{"line":195,"column":3}},"type":"if","locations":[{"start":{"line":187,"column":2},"end":{"line":195,"column":3}},{"start":{},"end":{}}],"line":187},"11":{"loc":{"start":{"line":220,"column":14},"end":{"line":220,"column":43}},"type":"cond-expr","locations":[{"start":{"line":220,"column":29},"end":{"line":220,"column":35}},{"start":{"line":220,"column":38},"end":{"line":220,"column":43}}],"line":220},"12":{"loc":{"start":{"line":268,"column":4},"end":{"line":273,"column":5}},"type":"if","locations":[{"start":{"line":268,"column":4},"end":{"line":273,"column":5}},{"start":{},"end":{}}],"line":268},"13":{"loc":{"start":{"line":285,"column":14},"end":{"line":285,"column":43}},"type":"cond-expr","locations":[{"start":{"line":285,"column":29},"end":{"line":285,"column":35}},{"start":{"line":285,"column":38},"end":{"line":285,"column":43}}],"line":285},"14":{"loc":{"start":{"line":305,"column":2},"end":{"line":307,"column":3}},"type":"if","locations":[{"start":{"line":305,"column":2},"end":{"line":307,"column":3}},{"start":{},"end":{}}],"line":305},"15":{"loc":{"start":{"line":325,"column":2},"end":{"line":327,"column":3}},"type":"if","locations":[{"start":{"line":325,"column":2},"end":{"line":327,"column":3}},{"start":{},"end":{}}],"line":325},"16":{"loc":{"start":{"line":325,"column":6},"end":{"line":325,"column":44}},"type":"binary-expr","locations":[{"start":{"line":325,"column":6},"end":{"line":325,"column":18}},{"start":{"line":325,"column":22},"end":{"line":325,"column":44}}],"line":325},"17":{"loc":{"start":{"line":330,"column":2},"end":{"line":332,"column":3}},"type":"if","locations":[{"start":{"line":330,"column":2},"end":{"line":332,"column":3}},{"start":{},"end":{}}],"line":330},"18":{"loc":{"start":{"line":330,"column":6},"end":{"line":330,"column":47}},"type":"binary-expr","locations":[{"start":{"line":330,"column":6},"end":{"line":330,"column":11}},{"start":{"line":330,"column":15},"end":{"line":330,"column":29}},{"start":{"line":330,"column":33},"end":{"line":330,"column":47}}],"line":330},"19":{"loc":{"start":{"line":342,"column":14},"end":{"line":342,"column":43}},"type":"cond-expr","locations":[{"start":{"line":342,"column":29},"end":{"line":342,"column":35}},{"start":{"line":342,"column":38},"end":{"line":342,"column":43}}],"line":342},"20":{"loc":{"start":{"line":369,"column":2},"end":{"line":372,"column":3}},"type":"if","locations":[{"start":{"line":369,"column":2},"end":{"line":372,"column":3}},{"start":{},"end":{}}],"line":369},"21":{"loc":{"start":{"line":394,"column":2},"end":{"line":396,"column":3}},"type":"if","locations":[{"start":{"line":394,"column":2},"end":{"line":396,"column":3}},{"start":{},"end":{}}],"line":394},"22":{"loc":{"start":{"line":402,"column":39},"end":{"line":402,"column":78}},"type":"binary-expr","locations":[{"start":{"line":402,"column":39},"end":{"line":402,"column":50}},{"start":{"line":402,"column":54},"end":{"line":402,"column":78}}],"line":402},"23":{"loc":{"start":{"line":431,"column":2},"end":{"line":433,"column":3}},"type":"if","locations":[{"start":{"line":431,"column":2},"end":{"line":433,"column":3}},{"start":{},"end":{}}],"line":431},"24":{"loc":{"start":{"line":439,"column":39},"end":{"line":439,"column":78}},"type":"binary-expr","locations":[{"start":{"line":439,"column":39},"end":{"line":439,"column":50}},{"start":{"line
[...]
e":12,"column":14},"end":{"line":12,"column":23}},"3":{"start":{"line":14,"column":12},"end":{"line":14,"column":28}},"4":{"start":{"line":14,"column":18},"end":{"line":14,"column":28}},"5":{"start":{"line":16,"column":12},"end":{"line":25,"column":1}},"6":{"start":{"line":17,"column":16},"end":{"line":17,"column":30}},"7":{"start":{"line":18,"column":2},"end":{"line":18,"column":31}},"8":{"start":{"line":18,"column":14},"end":{"line":18,"column":31}},"9":{"start":{"line":20,"column":2},"end":{"line":23,"column":3}},"10":{"start":{"line":21,"column":4},"end":{"line":21,"column":22}},"11":{"start":{"line":22,"column":4},"end":{"line":22,"column":21}},"12":{"start":{"line":24,"column":2},"end":{"line":24,"column":21}},"13":{"start":{"line":27,"column":12},"end":{"line":38,"column":1}},"14":{"start":{"line":29,"column":2},"end":{"line":29,"column":40}},"15":{"start":{"line":29,"column":22},"end":{"line":29,"column":40}},"16":{"start":{"line":30,"column":2},"end":{"line":30,"column":51}},"17":{"start":{"line":33,"column":2},"end":{"line":37,"column":3}},"18":{"start":{"line":34,"column":19},"end":{"line":34,"column":44}},"19":{"start":{"line":35,"column":4},"end":{"line":35,"column":36}},"20":{"start":{"line":35,"column":30},"end":{"line":35,"column":36}},"21":{"start":{"line":36,"column":4},"end":{"line":36,"column":25}},"22":{"start":{"line":40,"column":14},"end":{"line":40,"column":33}},"23":{"start":{"line":40,"column":20},"end":{"line":40,"column":33}},"24":{"start":{"line":42,"column":14},"end":{"line":42,"column":78}},"25":{"start":{"line":42,"column":21},"end":{"line":42,"column":77}},"26":{"start":{"line":44,"column":0},"end":{"line":44,"column":44}}},"fnMap":{"0":{"name":"(anonymous_0)","decl":{"start":{"line":14,"column":12},"end":{"line":14,"column":13}},"loc":{"start":{"line":14,"column":18},"end":{"line":14,"column":28}},"line":14},"1":{"name":"(anonymous_1)","decl":{"start":{"line":16,"column":12},"end":{"line":16,"column":13}},"loc":{"start":{"line":16,"column":21},"end":{"line":25,"column":1}},"line":16},"2":{"name":"(anonymous_2)","decl":{"start":{"line":27,"column":12},"end":{"line":27,"column":13}},"loc":{"start":{"line":27,"column":47},"end":{"line":38,"column":1}},"line":27},"3":{"name":"(anonymous_3)","decl":{"start":{"line":40,"column":14},"end":{"line":40,"column":15}},"loc":{"start":{"line":40,"column":20},"end":{"line":40,"column":33}},"line":40},"4":{"name":"(anonymous_4)","decl":{"start":{"line":42,"column":14},"end":{"line":42,"column":15}},"loc":{"start":{"line":42,"column":21},"end":{"line":42,"column":77}},"line":42}},"branchMap":{"0":{"loc":{"start":{"line":18,"column":2},"end":{"line":18,"column":31}},"type":"if","locations":[{"start":{"line":18,"column":2},"end":{"line":18,"column":31}},{"start":{},"end":{}}],"line":18},"1":{"loc":{"start":{"line":20,"column":2},"end":{"line":23,"column":3}},"type":"if","locations":[{"start":{"line":20,"column":2},"end":{"line":23,"column":3}},{"start":{},"end":{}}],"line":20},"2":{"loc":{"start":{"line":27,"column":25},"end":{"line":27,"column":42}},"type":"default-arg","locations":[{"start":{"line":27,"column":31},"end":{"line":27,"column":42}}],"line":27},"3":{"loc":{"start":{"line":29,"column":2},"end":{"line":29,"column":40}},"type":"if","locations":[{"start":{"line":29,"column":2},"end":{"line":29,"column":40}},{"start":{},"end":{}}],"line":29},"4":{"loc":{"start":{"line":35,"column":4},"end":{"line":35,"column":36}},"type":"if","locations":[{"start":{"line":35,"column":4},"end":{"line":35,"column":36}},{"start":{},"end":{}}],"line":35}},"s":{"0":2,"1":2,"2":2,"3":2,"4":0,"5":2,"6":0,"7":0,"8":0,"9":0,"10":0,"11":0,"12":0,"13":2,"14":0,"15":0,"16":0,"17":0,"18":0,"19":0,"20":0,"21":0,"22":2,"23":0,"24":2,"25":0,"26":2},"f":{"0":0,"1":0,"2":0,"3":0,"4":0},"b":{"0":[0,0],"1":[0,0],"2":[0],"3":[0,0],"4":[0,0]},"_coverageSchema":"1a1c01bbd47fc00a2c39e90264f33305004495a9","hash":"20505099d0a4c2b45b828e2beac688d69a8f4149"}
,"C:\\Users\\USER\\Desktop\\jobseek2\\jobseekBackend\\utils\\generateToken.js": {"path":"C:\\Users\\USER\\Desktop\\jobseek2\\jobseekBackend\\utils\\generateToken.js","statementMap":{"0":{"start":{"line":6,"column":12},"end":{"line":6,"column":35}},"1":{"start":{"line":14,"column":28},"end":{"line":16,"column":1}},"2":{"start":{"line":15,"column":2},"end":{"line":15,"column":66}},"3":{"start":{"line":23,"column":29},"end":{"line":25,"column":1}},"4":{"start":{"line":24,"column":2},"end":{"line":24,"column":81}},"5":{"start":{"line":33,"column":20},"end":{"line":41,"column":1}},"6":{"start":{"line":34,"column":2},"end":{"line":40,"column":3}},"7":{"start":{"line":35,"column":4},"end":{"line":35,"column":37}},"8":{"start":{"line":39,"column":4},"end":{"line":39,"column":16}},"9":{"start":{"line":43,"column":0},"end":{"line":47,"column":2}}},"fnMap":{"0":{"name":"(anonymous_0)","decl":{"start":{"line":14,"column":28},"end":{"line":14,"column":29}},"loc":{"start":{"line":14,"column":60},"end":{"line":16,"column":1}},"line":14},"1":{"name":"(anonymous_1)","decl":{"start":{"line":23,"column":29},"end":{"line":23,"column":30}},"loc":{"start":{"line":23,"column":42},"end":{"line":25,"column":1}},"line":23},"2":{"name":"(anonymous_2)","decl":{"start":{"line":33,"column":20},"end":{"line":33,"column":21}},"loc":{"start":{"line":33,"column":64},"end":{"line":41,"column":1}},"line":33}},"branchMap":{"0":{"loc":{"start":{"line":14,"column":38},"end":{"line":14,"column":55}},"type":"default-arg","locations":[{"start":{"line":14,"column":50},"end":{"line":14,"column":55}}],"line":14},"1":{"loc":{"start":{"line":33,"column":28},"end":{"line":33,"column":59}},"type":"default-arg","locations":[{"start":{"line":33,"column":37},"end":{"line":33,"column":59}}],"line":33}},"s":{"0":2,"1":2,"2":0,"3":2,"4":0,"5":2,"6":0,"7":0,"8":0,"9":2},"f":{"0":0,"1":0,"2":0},"b":{"0":[0],"1":[0]},"_coverageSchema":"1a1c01bbd47fc00a2c39e90264f33305004495a9","hash":"79c80dd9996aba0ac6457af5ae7f3397e3d10c80"}
,"C:\\Users\\USER\\Desktop\\jobseek2\\jobseekBackend\\utils\\logger.js": {"path":"C:\\Users\\USER\\Desktop\\jobseek2\\jobseekBackend\\utils\\logger.js","statementMap":{"0":{"start":{"line":6,"column":16},"end":{"line":6,"column":34}},"1":{"start":{"line":7,"column":13},"end":{"line":7,"column":28}},"2":{"start":{"line":8,"column":11},"end":{"line":8,"column":24}},"3":{"start":{"line":11,"column":16},"end":{"line":11,"column":47}},"4":{"start":{"line":12,"column":0},"end":{"line":14,"column":1}},"5":{"start":{"line":13,"column":2},"end":{"line":13,"column":45}},"6":{"start":{"line":17,"column":18},"end":{"line":21,"column":1}},"7":{"start":{"line":24,"column":15},"end":{"line":42,"column":2}},"8":{"start":{"line":45,"column":0},"end":{"line":54,"column":1}},"9":{"start":{"line":46,"column":2},"end":{"line":53,"column":4}},"10":{"start":{"line":62,"column":16},"end":{"line":62,"column":50}},"11":{"start":{"line":69,"column":23},"end":{"line":80,"column":1}},"12":{"start":{"line":70,"column":24},"end":{"line":70,"column":116}},"13":{"start":{"line":71,"column":20},"end":{"line":71,"column":31}},"14":{"start":{"line":73,"column":2},"end":{"line":77,"column":5}},"15":{"start":{"line":74,"column":4},"end":{"line":76,"column":5}},"16":{"start":{"line":74,"column":40},"end":{"line":74,"column":91}},"17":{"start":{"line":75,"column":6},"end":{"line":75,"column":36}},"18":{"start":{"line":79,"column":2},"end":{"line":79,"column":19}},"19":{"start":{"line":88,"column":17},"end":{"line":105,"column":1}},"20":{"start":{"line":89,"column":20},"end":{"line":89,"column":44}},"21":{"start":{"line":90,"column":27},"end":{"line":90,"column":50}},"22":{"start":{"line":91,"column":19},"end":{"line":96,"column":3}},"23":{"start":{"line":98,"column":18},"end":{"line":98,"column":49}},"24":{"start":{"line":99,"column":2},"end":{"line":99,"column":46}},"25":{"start":{"line":102,"column":2},"end":{"line":104,"column":3}},"26":{"start":{"line":103,"column":4},"end":{"line":103,"column":58}},"27":{"start":{"line":110,"column":21},"end":{"line":150,"column":1}},"28":{"start":{"line":112,"column":4},"end":{"line":112,"column":77}},"29":{"start":{"line":116,"column":4},"end":{"line":116,"column":77}},"30":{"start":{"line":120,"column":4},"end":{"line":120,"column":63}},"31":{"start":{"line":124,"column":4},"end":{"line":124,"column":69}},"32":{"start":{"line":128,"column":4},"end":{"line":128,"column":75}},"33":{"start":{"line":132,"column":4},"end":{"line":132,"column":67}},"34":{"start":{"line":136,"column":4},"end":{"line":136,"column":66}},"35":{"start":{"line":140,"column":4},"end":{"line":140,"column":72}},"36":{"start":{"line":144,"column":4},"end":{"line":144,"column":59}},"37":{"start":{"line":148,"column":4},"end":{"line":148,"column":76}},"38":{"start":{"line":155,"column":23},"end":{"line":171,"column":1}},"39":{"start":{"line":157,"column":4},"end":{"line":157,"column":83}},"40":{"start":{"line":161,"column":4},"end":{"line":161,"column":66}},"41":{"start":{"line":165,"column":4},"end":{"line":165,"column":73}},"42":{"start":{"line":169,"column":4},"end":{"line":169,"column":71}},"43":{"start":{"line":173,"column":0},"end":{"line":178,"column":2}}},"fnMap":{"0":{"name":"(anonymous_0)","decl":{"start":{"line":69,"column":23},"end":{"line":69,"column":24}},"loc":{"start":{"line":69,"column":33},"end":{"line":80,"column":1}},"line":69},"1":{"name":"(anonymous_1)","decl":{"start":{"line":73,"column":33},"end":{"line":73,"column":34}},"loc":{"start":{"line":73,"column":40},"end":{"line":77,"column":3}},"line":73},"2":{"name":"(anonymous_2)","decl":{"start":{"line":74,"column":27},"end":{"line":74,"column":28}},"loc":{"start":{"line":74,"column":40},"end":{"line":74,"column":91}},"line":74},"3":{"name":"(anonymous_3)","decl":{"start":{"line":88,"column":17},"end":{"line":88,"column":18}},"loc":{"start":{"line":88,"column":49},"end":{"line":105,"column":1}},"line":88},"4":{"name":"(anonymous_4)","decl":{"start":{"line":111,"column":16},"end":{"line":111,"column":17}},"loc":{"start":{"line":111,"column":50},"end":{"line":113,"column":3}},"line":111},"5":{"name":"(anonymous_5)","decl":{"start":{"line":115,"column":16},"end":{"line":115,"column":17}},"loc":{"start":{"line":115,"column":50},"end":{"line":117,"column":3}},"line":115},"6":{"name":"(anonymous_6)","decl":{"start":{"line":119,"column":10},"end":{"line":119,"column":11}},"loc":{"start":{"line":119,"column":37},"end":{"line":121,"column":3}},"line":119},"7":{"name":"(anonymous_7)","decl":{"start":{"line":123,"column":26},"end":{"line":123,"column":27}},"loc":{"start":{"line":123,"column":41},"end":{"line":125,"column":3}},"line":123},"8":{"name":"(anonymous_8)","decl":{"start":{"line":127,"column":24},"end":{"line":127,"column":25}},"loc":{"start":{"line":127,"column":47},"end":{"line":129,"column":3}},"line":127},"9":{"name":"(anonymous_9)","decl":{"start":{"line":131,"column":16},"end":{"line":131,"column":17}},"loc":{"start":{"line":131,"column":40},"end":{"line":133,"column":3}},"line":131},"10":{"name":"(anonymous_10)","decl":{"start":{"line":135,"column":15},"end":{"line":135,"column":16}},"loc":{"start":{"line":135,"column":39},"end":{"line":137,"column":3}},"line":135},"11":{"name":"(anonymous_11)","decl":{"start":{"line":139,"column":13},"end":{"line":139,"column":14}},"loc":{"start":{"line":139,"column":45},"end":{"line":141,"column":3}},"line":139},"12":{"name":"(anonymous_12)","decl":{"start":{"line":143,"column":16},"end":{"line":143,"column":17}},"loc":{"start":{"line":143,"column":32},"end":{"line":145,"column":3}},"line":143},"13":{"name":"(anonymous_13)","decl":{"start":{"line":147,"column":22},"end":{"line":147,"column":23}},"loc":{"start":{"line":147,"column":41},"end":{"line":149,"column":3}},"line":147},"14":{"name":"(anonymous_14)","decl":{"start":{"line":156,"column":16},"end":{"line":156,"column":17}},"loc":{"start":{"line":156,"column":55},"end":{"line":158,"column":3}},"line":156},"15":{"name":"(anonymous_15)","decl":{"start":{"line":160,"column":14},"end":{"line":160,"column":15}},"loc":{"start":{"line":160,"column":38},"end":{"line":162,"column":3}},"line":160},"16":{"name":"(anonymous_16)","decl":{"start":{"line":164,"column":19},"end":{"line":164,"column":20}},"loc":{"start":{"line":164,"column":45},"end":{"line":166,"column":3}},"line":164},"17":{"name":"(anonymous_17)","decl":{"start":{"line":168,"column":16},"end":{"line":168,"column":17}},"loc":{"start":{"line":168,"column":43},"end":{"line":170,"column":3}},"line":168}},"branchMap":{"0":{"loc":{"start":{"line":12,"column":0},"end":{"line":14,"column":1}},"type":"if","locations":[{"start":{"line":12,"column":0},"end":{"line":14,"column":1}},{"start":{},"end":{}}],"line":12},"1":{"loc":{"start":{"line":25,"column":9},"end":{"line":25,"column":40}},"type":"binary-expr","locations":[{"start":{"line":25,"column":9},"end":{"line":25,"column":30}},{"start":{"line":25,"column":34},"end":{"line":25,"column":40}}],"line":25},"2":{"loc":{"start":{"line":45,"column":0},"end":{"line":54,"column":1}},"type":"if","locations":[{"start":{"line":45,"column":0},"end":{"line":54,"column":1}},{"start":{},"end":{}}],"line":45},"3":{"loc":{"start":{"line":74,"column":4},"end":{"line":76,"column":5}},"type":"if","locations":[{"start":{"line":74,"column":4},"end":{"line":76,"column":5}},{"start":{},"end":{}}],"line":74},"4":{"loc":{"start":{"line":88,"column":32},"end":{"line":88,"column":44}},"type":"default-arg","locations":[{"start":{"line":88,"column":42},"end":{"line":88,"column":44}}],"line":88},"5":{"loc":{"start":{"line":102,"column":2},"end":{"line":104,"column":3}},"type":"if","locations":[{"start":{"line":102,"column":2},"end":{"line":104,"column":3}},{"start":{},"end":{}}],"line":102}},"s":{"0":2,"1":2,"2":2,"3":2,"4":2,"5":0,"6":2,"7":2,"8":2,"9":2,"10":2,"11":2,"12":4,"13":4,"14":4,"15":13,"16":104,"17":0,"18":4,"19":2,"20":4,"21":4,"22":4,"23":4,"24":4,"25":4,"26":4,"27":2,"28":0,"29":1,"30":0,"31":0,"32":1,"33":1,"34":1,"35":0,"36":0,"37":0,"38":2,"39":0,"40":0,"41":0,"42":0,"43":2},"f":{"0":4,"1":13,"2":104,"3":4,"4":0,"5":1,"6":0,"7":0,"8":1,"9":1,"10":1,"11":0,"12":0,"13":0,"14":0,"15":0,"16":0,"17":0},"b":{"0":[0,2],"1":[2,2],"2":[2,0],"3":[0,13],"4":[0],"5":[4,0]},"_coverageSchema":"1a1c01bbd47fc00a2c39e90264f33305004495a9","hash":"4c6c159c19151a38e7bff148ff3448e00eb8793a"}
,"C:\\Users\\USER\\Desktop\\jobseek2\\jobseekBackend\\utils\\validators.js": {"path":"C:\\Users\\USER\\Desktop\\jobseek2\\jobseekBackend\\utils\\validators.js","statementMap":{"0":{"start":{"line":10,"column":20},"end":{"line":10,"column":48}},"1":{"start":{"line":17,"column":23},"end":{"line":17,"column":46}},"2":{"start":{"line":28,"column":23},"end":{"line":28,"column":93}},"3":{"start":{"line":34,"column":20},"end":{"line":34,"column":79}},"4":{"start":{"line":41,"column":19},"end":{"line":41,"column":41}},"5":{"start":{"line":47,"column":18},"end":{"line":47,"column":82}},"6":{"start":{"line":54,"column":22},"end":{"line":56,"column":1}},"7":{"start":{"line":55,"column":2},"end":{"line":55,"column":33}},"8":{"start":{"line":63,"column":25},"end":{"line":65,"column":1}},"9":{"start":{"line":64,"column":2},"end":{"line":64,"column":39}},"10":{"start":{"line":72,"column":25},"end":{"line":95,"column":1}},"11":{"start":{"line":73,"column":17},"end":{"line":73,"column":19}},"12":{"start":{"line":75,"column":2},"end":{"line":77,"column":3}},"13":{"start":{"line":76,"column":4},"end":{"line":76,"column":63}},"14":{"start":{"line":78,"column":2},"end":{"line":80,"column":3}},"15":{"start":{"line":79,"column":4},"end":{"line":79,"column":69}},"16":{"start":{"line":81,"column":2},"end":{"line":83,"column":3}},"17":{"start":{"line":82,"column":4},"end":{"line":82,"column":69}},"18":{"start":{"line":84,"column":2},"end":{"line":86,"column":3}},"19":{"start":{"line":85,"column":4},"end":{"line":85,"column":59}},"20":{"start":{"line":87,"column":2},"end":{"line":89,"column":3}},"21":{"start":{"line":88,"column":4},"end":{"line":88,"column":80}},"22":{"start":{"line":91,"column":2},"end":{"line":94,"column":4}},"23":{"start":{"line":102,"column":22},"end":{"line":104,"column":1}},"24":{"start":{"line":103,"column":2},"end":{"line":103,"column":33}},"25":{"start":{"line":111,"column":21},"end":{"line":113,"column":1}},"26":{"start":{"line":112,"column":2},"end":{"line":112,"column":31}},"27":{"start":{"line":120,"column":20},"end":{"line":122,"column":1}},"28":{"start":{"line":121,"column":2},"end":{"line":121,"column":29}},"29":{"start":{"line":129,"column":22},"end":{"line":134,"column":1}},"30":{"start":{"line":130,"column":2},"end":{"line":130,"column":46}},"31":{"start":{"line":130,"column":33},"end":{"line":130,"column":46}},"32":{"start":{"line":131,"column":2},"end":{"line":133,"column":12}},"33":{"start":{"line":136,"column":0},"end":{"line":150,"column":2}}},"fnMap":{"0":{"name":"(anonymous_0)","decl":{"start":{"line":54,"column":22},"end":{"line":54,"column":23}},"loc":{"start":{"line":54,"column":33},"end":{"line":56,"column":1}},"line":54},"1":{"name":"(anonymous_1)","decl":{"start":{"line":63,"column":25},"end":{"line":63,"column":26}},"loc":{"start":{"line":63,"column":39},"end":{"line":65,"column":1}},"line":63},"2":{"name":"(anonymous_2)","decl":{"start":{"line":72,"column":25},"end":{"line":72,"column":26}},"loc":{"start":{"line":72,"column":39},"end":{"line":95,"column":1}},"line":72},"3":{"name":"(anonymous_3)","decl":{"start":{"line":102,"column":22},"end":{"line":102,"column":23}},"loc":{"start":{"line":102,"column":33},"end":{"line":104,"column":1}},"line":102},"4":{"name":"(anonymous_4)","decl":{"start":{"line":111,"column":21},"end":{"line":111,"column":22}},"loc":{"start":{"line":111,"column":31},"end":{"line":113,"column":1}},"line":111},"5":{"name":"(anonymous_5)","decl":{"start":{"line":120,"column":20},"end":{"line":120,"column":21}},"loc":{"start":{"line":120,"column":29},"end":{"line":122,"column":1}},"line":120},"6":{"name":"(anonymous_6)","decl":{"start":{"line":129,"column":22},"end":{"line":129,"column":23}},"loc":{"start":{"line":129,"column":33},"end":{"line":134,"column":1}},"line":129}},"branchMap":{"0":{"loc":{"start":{"line":75,"column":2},"end":{"line":77,"column":3}},"type":"if","locations":[{"start":{"line":75,"column":2},"end":{"line":77,"column":3}},{"start":{},"end":{}}],"line":75},"1":{"loc":{"start":{"line":75,"column":6},"end":{"line":75,"column":38}},"type":"binary-expr","locations":[{"start":{"line":75,"column":6},"end":{"line":75,"column":15}},{"start":{"line":75,"column":19},"end":{"line":75,"column":38}}],"line":75},"2":{"loc":{"start":{"line":78,"column":2},"end":{"line":80,"column":3}},"type":"if","locations":[{"start":{"line":78,"column":2},"end":{"line":80,"column":3}},{"start":{},"end":{}}],"line":78},"3":{"loc":{"start":{"line":81,"column":2},"end":{"line":83,"column":3}},"type":"if","locations":[{"start":{"line":81,"column":2},"end":{"line":83,"column":3}},{"start":{},"end":{}}],"line":81},"4":{"loc":{"start":{"line":84,"column":2},"end":{"line":86,"column":3}},"type":"if","locations":[{"start":{"line":84,"column":2},"end":{"line":86,"column":3}},{"start":{},"end":{}}],"line":84},"5":{"loc":{"start":{"line":87,"column":2},"end":{"line":89,"column":3}},"type":"if","locations":[{"start":{"line":87,"column":2},"end":{"line":89,"column":3}},{"start":{},"end":{}}],"line":87},"6":{"loc":{"start":{"line":130,"column":2},"end":{"line":130,"column":46}},"type":"if","locations":[{"start":{"line":130,"column":2},"end":{"line":130,"column":46}},{"start":{},"end":{}}],"line":130}},"s":{"0":2,"1":2,"2":2,"3":2,"4":2,"5":2,"6":2,"7":9,"8":2,"9":0,"10":2,"11":5,"12":5,"13":1,"14":5,"15":0,"16":5,"17":1,"18":5,"19":1,"20":5,"21":1,"22":5,"23":2,"24":0,"25":2,"26":8,"27":2,"28":0,"29":2,"30":0,"31":0,"32":0,"33":2},"f":{"0":9,"1":0,"2":5,"3":0,"4":8,"5":0,"6":0},"b":{"0":[1,4],"1":[5,5],"2":[0,5],"3":[1,4],"4":[1,4],"5":[1,4],"6":[0,0]},"_coverageSchema":"1a1c01bbd47fc00a2c39e90264f33305004495a9","hash":"83e1069319e739a56881e50724c8390f659d4e29"}
}
