TN:
SF:controllers\applicationController.js
FN:19,(anonymous_0)
FN:26,(anonymous_1)
FN:35,(anonymous_2)
FN:49,(anonymous_3)
FN:158,(anonymous_4)
FN:192,(anonymous_5)
FN:212,(anonymous_6)
FN:238,(anonymous_7)
FN:293,(anonymous_8)
FN:378,(anonymous_9)
FN:430,(anonymous_10)
FN:461,(anonymous_11)
FN:480,(anonymous_12)
FN:505,(anonymous_13)
FN:526,(anonymous_14)
FN:557,(anonymous_15)
FN:562,(anonymous_16)
FN:592,(anonymous_17)
FN:683,(anonymous_18)
FNF:19
FNH:0
FNDA:0,(anonymous_0)
FNDA:0,(anonymous_1)
FNDA:0,(anonymous_2)
FNDA:0,(anonymous_3)
FNDA:0,(anonymous_4)
FNDA:0,(anonymous_5)
FNDA:0,(anonymous_6)
FNDA:0,(anonymous_7)
FNDA:0,(anonymous_8)
FNDA:0,(anonymous_9)
FNDA:0,(anonymous_10)
FNDA:0,(anonymous_11)
FNDA:0,(anonymous_12)
FNDA:0,(anonymous_13)
FNDA:0,(anonymous_14)
FNDA:0,(anonymous_15)
FNDA:0,(anonymous_16)
FNDA:0,(anonymous_17)
FNDA:0,(anonymous_18)
DA:6,2
DA:7,2
DA:8,2
DA:9,2
DA:10,2
DA:11,2
DA:12,2
DA:13,2
DA:14,2
DA:19,2
DA:20,0
DA:26,2
DA:27,0
DA:29,0
DA:30,0
DA:33,0
DA:34,0
DA:35,0
DA:36,0
DA:38,0
DA:39,0
DA:49,2
DA:50,0
DA:51,0
DA:52,0
DA:55,0
DA:56,0
DA:57,0
DA:60,0
DA:61,0
DA:65,0
DA:66,0
DA:70,0
DA:75,0
DA:76,0
DA:82,0
DA:92,0
DA:93,0
DA:99,0
DA:100,0
DA:101,0
DA:102,0
DA:104,0
DA:107,0
DA:113,0
DA:114,0
DA:122,0
DA:126,0
DA:127,0
DA:128,0
DA:129,0
DA:138,0
DA:141,0
DA:158,2
DA:159,0
DA:160,0
DA:162,0
DA:163,0
DA:166,0
DA:168,0
DA:170,0
DA:171,0
DA:172,0
DA:173,0
DA:176,0
DA:177,0
DA:180,0
DA:181,0
DA:182,0
DA:184,0
DA:191,0
DA:193,0
DA:196,0
DA:197,0
DA:198,0
DA:199,0
DA:201,0
DA:202,0
DA:205,0
DA:209,0
DA:211,0
DA:212,0
DA:238,2
DA:239,0
DA:240,0
DA:242,0
DA:246,0
DA:247,0
DA:251,0
DA:252,0
DA:253,0
DA:254,0
DA:256,0
DA:257,0
DA:262,0
DA:266,0
DA:267,0
DA:270,0
DA:293,2
DA:294,0
DA:295,0
DA:296,0
DA:298,0
DA:299,0
DA:300,0
DA:303,0
DA:304,0
DA:305,0
DA:309,0
DA:310,0
DA:314,0
DA:315,0
DA:318,0
DA:319,0
DA:320,0
DA:321,0
DA:323,0
DA:326,0
DA:332,0
DA:334,0
DA:337,0
DA:345,0
DA:349,0
DA:350,0
DA:351,0
DA:359,0
DA:362,0
DA:378,2
DA:379,0
DA:380,0
DA:382,0
DA:383,0
DA:384,0
DA:387,0
DA:388,0
DA:391,0
DA:392,0
DA:395,0
DA:396,0
DA:399,0
DA:400,0
DA:401,0
DA:404,0
DA:405,0
DA:413,0
DA:416,0
DA:430,2
DA:431,0
DA:432,0
DA:433,0
DA:436,0
DA:437,0
DA:438,0
DA:440,0
DA:441,0
DA:444,0
DA:445,0
DA:446,0
DA:449,0
DA:450,0
DA:451,0
DA:453,0
DA:460,0
DA:462,0
DA:463,0
DA:469,0
DA:473,0
DA:475,0
DA:480,0
DA:505,2
DA:506,0
DA:507,0
DA:509,0
DA:510,0
DA:511,0
DA:514,0
DA:515,0
DA:516,0
DA:518,0
DA:525,0
DA:527,0
DA:530,0
DA:531,0
DA:532,0
DA:533,0
DA:535,0
DA:536,0
DA:539,0
DA:543,0
DA:546,0
DA:556,0
DA:557,0
DA:558,0
DA:561,0
DA:562,0
DA:592,2
DA:593,0
DA:594,0
DA:595,0
DA:597,0
DA:598,0
DA:601,0
DA:602,0
DA:603,0
DA:606,0
DA:607,0
DA:610,0
DA:611,0
DA:615,0
DA:625,0
DA:626,0
DA:627,0
DA:630,0
DA:635,0
DA:638,0
DA:639,0
DA:651,0
DA:655,0
DA:656,0
DA:657,0
DA:666,0
DA:669,0
DA:683,2
DA:684,0
DA:685,0
DA:686,0
DA:689,0
DA:690,0
DA:691,0
DA:694,0
DA:695,0
DA:696,0
DA:699,0
DA:700,0
DA:704,0
DA:705,0
DA:706,0
DA:708,0
DA:710,0
DA:718,2
LF:240
LH:21
BRDA:27,0,0,0
BRDA:27,0,1,0
BRDA:35,1,0,0
BRDA:35,1,1,0
BRDA:36,2,0,0
BRDA:36,2,1,0
BRDA:56,3,0,0
BRDA:56,3,1,0
BRDA:60,4,0,0
BRDA:60,4,1,0
BRDA:60,5,0,0
BRDA:60,5,1,0
BRDA:65,6,0,0
BRDA:65,6,1,0
BRDA:75,7,0,0
BRDA:75,7,1,0
BRDA:86,8,0,0
BRDA:86,8,1,0
BRDA:92,9,0,0
BRDA:92,9,1,0
BRDA:100,10,0,0
BRDA:100,10,1,0
BRDA:101,11,0,0
BRDA:101,11,1,0
BRDA:102,12,0,0
BRDA:102,12,1,0
BRDA:128,13,0,0
BRDA:128,13,1,0
BRDA:128,14,0,0
BRDA:128,14,1,0
BRDA:131,15,0,0
BRDA:131,15,1,0
BRDA:131,16,0,0
BRDA:131,16,1,0
BRDA:162,17,0,0
BRDA:162,17,1,0
BRDA:166,18,0,0
BRDA:166,19,0,0
BRDA:166,20,0,0
BRDA:166,21,0,0
BRDA:170,22,0,0
BRDA:170,22,1,0
BRDA:172,23,0,0
BRDA:172,23,1,0
BRDA:176,24,0,0
BRDA:176,24,1,0
BRDA:186,25,0,0
BRDA:186,25,1,0
BRDA:196,26,0,0
BRDA:196,26,1,0
BRDA:196,27,0,0
BRDA:196,27,1,0
BRDA:199,28,0,0
BRDA:199,28,1,0
BRDA:222,29,0,0
BRDA:222,29,1,0
BRDA:246,30,0,0
BRDA:246,30,1,0
BRDA:251,31,0,0
BRDA:251,31,1,0
BRDA:251,32,0,0
BRDA:251,32,1,0
BRDA:254,33,0,0
BRDA:254,33,1,0
BRDA:262,34,0,0
BRDA:262,34,1,0
BRDA:262,34,2,0
BRDA:266,35,0,0
BRDA:266,35,1,0
BRDA:283,36,0,0
BRDA:283,36,1,0
BRDA:299,37,0,0
BRDA:299,37,1,0
BRDA:304,38,0,0
BRDA:304,38,1,0
BRDA:309,39,0,0
BRDA:309,39,1,0
BRDA:314,40,0,0
BRDA:314,40,1,0
BRDA:320,41,0,0
BRDA:320,41,1,0
BRDA:334,42,0,0
BRDA:334,42,1,0
BRDA:335,43,0,0
BRDA:335,43,1,0
BRDA:350,44,0,0
BRDA:350,44,1,0
BRDA:383,45,0,0
BRDA:383,45,1,0
BRDA:387,46,0,0
BRDA:387,46,1,0
BRDA:391,47,0,0
BRDA:391,47,1,0
BRDA:395,48,0,0
BRDA:395,48,1,0
BRDA:433,49,0,0
BRDA:433,50,0,0
BRDA:433,51,0,0
BRDA:433,52,0,0
BRDA:437,53,0,0
BRDA:437,53,1,0
BRDA:440,54,0,0
BRDA:440,54,1,0
BRDA:445,55,0,0
BRDA:445,55,1,0
BRDA:455,56,0,0
BRDA:455,56,1,0
BRDA:489,57,0,0
BRDA:489,57,1,0
BRDA:507,58,0,0
BRDA:507,59,0,0
BRDA:507,60,0,0
BRDA:507,61,0,0
BRDA:510,62,0,0
BRDA:510,62,1,0
BRDA:520,63,0,0
BRDA:520,63,1,0
BRDA:530,64,0,0
BRDA:530,64,1,0
BRDA:530,65,0,0
BRDA:530,65,1,0
BRDA:533,66,0,0
BRDA:533,66,1,0
BRDA:572,67,0,0
BRDA:572,67,1,0
BRDA:597,68,0,0
BRDA:597,68,1,0
BRDA:602,69,0,0
BRDA:602,69,1,0
BRDA:606,70,0,0
BRDA:606,70,1,0
BRDA:610,71,0,0
BRDA:610,71,1,0
BRDA:617,72,0,0
BRDA:617,72,1,0
BRDA:618,73,0,0
BRDA:618,73,1,0
BRDA:619,74,0,0
BRDA:619,74,1,0
BRDA:620,75,0,0
BRDA:620,75,1,0
BRDA:621,76,0,0
BRDA:621,76,1,0
BRDA:656,77,0,0
BRDA:656,77,1,0
BRDA:690,78,0,0
BRDA:690,78,1,0
BRDA:690,79,0,0
BRDA:690,79,1,0
BRDA:690,79,2,0
BRDA:695,80,0,0
BRDA:695,80,1,0
BRDA:699,81,0,0
BRDA:699,81,1,0
BRDA:705,82,0,0
BRDA:705,82,1,0
BRF:156
BRH:0
end_of_record
TN:
SF:controllers\assessmentController.js
FN:29,(anonymous_0)
FN:65,(anonymous_1)
FN:72,(anonymous_2)
FN:96,(anonymous_3)
FN:121,(anonymous_4)
FN:200,(anonymous_5)
FN:215,(anonymous_6)
FN:229,(anonymous_7)
FN:230,(anonymous_8)
FN:258,(anonymous_9)
FN:275,(anonymous_10)
FN:282,(anonymous_11)
FNF:12
FNH:0
FNDA:0,(anonymous_0)
FNDA:0,(anonymous_1)
FNDA:0,(anonymous_2)
FNDA:0,(anonymous_3)
FNDA:0,(anonymous_4)
FNDA:0,(anonymous_5)
FNDA:0,(anonymous_6)
FNDA:0,(anonymous_7)
FNDA:0,(anonymous_8)
FNDA:0,(anonymous_9)
FNDA:0,(anonymous_10)
FNDA:0,(anonymous_11)
DA:7,2
DA:8,2
DA:9,2
DA:10,2
DA:11,2
DA:13,2
DA:29,2
DA:30,0
DA:35,0
DA:36,0
DA:37,0
DA:38,0
DA:46,0
DA:47,0
DA:55,0
DA:65,2
DA:66,0
DA:67,0
DA:68,0
DA:69,0
DA:72,0
DA:77,0
DA:96,2
DA:97,0
DA:98,0
DA:99,0
DA:102,0
DA:103,0
DA:104,0
DA:107,0
DA:108,0
DA:109,0
DA:113,0
DA:114,0
DA:115,0
DA:116,0
DA:120,0
DA:121,0
DA:122,0
DA:123,0
DA:124,0
DA:125,0
DA:133,0
DA:134,0
DA:135,0
DA:138,0
DA:149,0
DA:154,0
DA:155,0
DA:156,0
DA:157,0
DA:159,0
DA:160,0
DA:162,0
DA:163,0
DA:167,0
DA:170,0
DA:174,0
DA:180,0
DA:182,0
DA:200,2
DA:201,0
DA:208,0
DA:215,2
DA:216,0
DA:217,0
DA:218,0
DA:228,0
DA:229,0
DA:230,0
DA:241,0
DA:244,0
DA:245,0
DA:257,0
DA:258,0
DA:269,0
DA:275,2
DA:276,0
DA:277,0
DA:279,0
DA:280,0
DA:282,0
DA:283,0
DA:284,0
DA:285,0
DA:286,0
DA:287,0
DA:290,0
DA:298,0
DA:301,2
LF:90
LH:13
BRDA:37,0,0,0
BRDA:37,0,1,0
BRDA:68,1,0,0
BRDA:68,1,1,0
BRDA:98,2,0,0
BRDA:98,2,1,0
BRDA:103,3,0,0
BRDA:103,3,1,0
BRDA:107,4,0,0
BRDA:108,5,0,0
BRDA:108,5,1,0
BRDA:108,6,0,0
BRDA:108,6,1,0
BRDA:115,7,0,0
BRDA:115,7,1,0
BRDA:115,8,0,0
BRDA:115,8,1,0
BRDA:124,9,0,0
BRDA:124,9,1,0
BRDA:154,10,0,0
BRDA:154,10,1,0
BRDA:154,11,0,0
BRDA:154,11,1,0
BRDA:155,12,0,0
BRDA:155,12,1,0
BRDA:180,13,0,0
BRDA:180,13,1,0
BRDA:182,14,0,0
BRDA:182,14,1,0
BRDA:190,15,0,0
BRDA:190,15,1,0
BRDA:217,16,0,0
BRDA:217,16,1,0
BRDA:224,17,0,0
BRDA:224,17,1,0
BRDA:232,18,0,0
BRDA:232,18,1,0
BRDA:232,19,0,0
BRDA:232,19,1,0
BRDA:234,20,0,0
BRDA:234,20,1,0
BRDA:235,21,0,0
BRDA:235,21,1,0
BRDA:244,22,0,0
BRDA:244,22,1,0
BRDA:260,23,0,0
BRDA:260,23,1,0
BRDA:260,24,0,0
BRDA:260,24,1,0
BRDA:262,25,0,0
BRDA:262,25,1,0
BRDA:263,26,0,0
BRDA:263,26,1,0
BRDA:264,27,0,0
BRDA:264,27,1,0
BRDA:277,28,0,0
BRDA:277,28,1,0
BRDA:279,29,0,0
BRDA:279,29,1,0
BRDA:280,30,0,0
BRDA:280,30,1,0
BRDA:283,31,0,0
BRDA:283,31,1,0
BRDA:284,32,0,0
BRDA:284,32,1,0
BRF:65
BRH:0
end_of_record
TN:
SF:controllers\authController.js
FN:28,(anonymous_0)
FN:81,(anonymous_1)
FN:168,(anonymous_2)
FN:264,(anonymous_3)
FN:302,(anonymous_4)
FN:357,(anonymous_5)
FN:377,(anonymous_6)
FN:390,(anonymous_7)
FN:427,(anonymous_8)
FN:458,(anonymous_9)
FN:516,(anonymous_10)
FN:527,(anonymous_11)
FNF:12
FNH:3
FNDA:2,(anonymous_0)
FNDA:0,(anonymous_1)
FNDA:2,(anonymous_2)
FNDA:0,(anonymous_3)
FNDA:0,(anonymous_4)
FNDA:0,(anonymous_5)
FNDA:0,(anonymous_6)
FNDA:1,(anonymous_7)
FNDA:0,(anonymous_8)
FNDA:0,(anonymous_9)
FNDA:0,(anonymous_10)
FNDA:0,(anonymous_11)
DA:6,2
DA:7,2
DA:11,2
DA:12,2
DA:13,2
DA:14,2
DA:15,2
DA:16,2
DA:17,2
DA:28,2
DA:29,2
DA:31,2
DA:34,2
DA:35,2
DA:36,1
DA:41,1
DA:42,1
DA:43,1
DA:46,1
DA:61,1
DA:62,1
DA:64,0
DA:65,0
DA:71,1
DA:81,2
DA:82,0
DA:84,0
DA:87,0
DA:88,0
DA:89,0
DA:94,0
DA:95,0
DA:97,0
DA:101,0
DA:102,0
DA:103,0
DA:109,0
DA:110,0
DA:121,0
DA:122,0
DA:123,0
DA:126,0
DA:129,0
DA:130,0
DA:132,0
DA:139,0
DA:141,0
DA:142,0
DA:148,0
DA:149,0
DA:151,0
DA:168,2
DA:169,2
DA:172,2
DA:176,2
DA:177,1
DA:181,1
DA:182,0
DA:186,1
DA:187,1
DA:188,1
DA:194,1
DA:198,0
DA:199,0
DA:202,0
DA:203,0
DA:206,0
DA:214,0
DA:216,0
DA:217,0
DA:224,0
DA:230,0
DA:235,0
DA:244,0
DA:264,2
DA:266,0
DA:267,0
DA:268,0
DA:269,0
DA:276,0
DA:279,0
DA:280,0
DA:288,0
DA:289,0
DA:292,0
DA:294,0
DA:302,2
DA:303,0
DA:305,0
DA:306,0
DA:310,0
DA:311,0
DA:314,0
DA:316,0
DA:320,0
DA:325,0
DA:326,0
DA:329,0
DA:330,0
DA:331,0
DA:335,0
DA:338,0
DA:339,0
DA:346,0
DA:348,0
DA:357,2
DA:358,0
DA:362,0
DA:368,0
DA:369,0
DA:370,0
DA:371,0
DA:375,0
DA:378,0
DA:381,0
DA:383,0
DA:390,2
DA:391,1
DA:393,1
DA:394,1
DA:395,0
DA:399,1
DA:400,1
DA:402,0
DA:406,1
DA:412,1
DA:413,1
DA:416,1
DA:418,1
DA:420,1
DA:427,2
DA:428,0
DA:430,0
DA:431,0
DA:432,0
DA:436,0
DA:437,0
DA:439,0
DA:443,0
DA:444,0
DA:445,0
DA:448,0
DA:450,0
DA:458,2
DA:459,0
DA:461,0
DA:462,0
DA:463,0
DA:469,0
DA:470,0
DA:473,0
DA:475,0
DA:478,0
DA:484,0
DA:486,0
DA:495,0
DA:496,0
DA:498,0
DA:499,0
DA:505,0
DA:509,0
DA:510,0
DA:511,0
DA:514,0
DA:517,0
DA:520,0
DA:527,2
DA:528,0
DA:530,0
DA:531,0
DA:534,0
DA:552,2
LF:172
LH:52
BRDA:35,0,0,1
BRDA:35,0,1,1
BRDA:67,1,0,0
BRDA:67,1,1,0
BRDA:88,2,0,0
BRDA:88,2,1,0
BRDA:97,3,0,0
BRDA:97,3,1,0
BRDA:102,4,0,0
BRDA:102,4,1,0
BRDA:121,5,0,0
BRDA:121,5,1,0
BRDA:145,6,0,0
BRDA:145,6,1,0
BRDA:176,7,0,1
BRDA:176,7,1,1
BRDA:181,8,0,0
BRDA:181,8,1,1
BRDA:181,9,0,1
BRDA:181,9,1,1
BRDA:187,10,0,1
BRDA:187,10,1,0
BRDA:220,11,0,0
BRDA:220,11,1,0
BRDA:268,12,0,0
BRDA:268,12,1,0
BRDA:285,13,0,0
BRDA:285,13,1,0
BRDA:305,14,0,0
BRDA:305,14,1,0
BRDA:325,15,0,0
BRDA:325,15,1,0
BRDA:325,16,0,0
BRDA:325,16,1,0
BRDA:330,17,0,0
BRDA:330,17,1,0
BRDA:330,18,0,0
BRDA:330,18,1,0
BRDA:330,18,2,0
BRDA:342,19,0,0
BRDA:342,19,1,0
BRDA:369,20,0,0
BRDA:369,20,1,0
BRDA:394,21,0,0
BRDA:394,21,1,1
BRDA:402,22,0,0
BRDA:402,22,1,0
BRDA:431,23,0,0
BRDA:431,23,1,0
BRDA:439,24,0,0
BRDA:439,24,1,0
BRDA:462,25,0,0
BRDA:462,25,1,0
BRDA:462,26,0,0
BRDA:462,26,1,0
BRDA:469,27,0,0
BRDA:469,27,1,0
BRDA:475,28,0,0
BRDA:475,28,1,0
BRDA:484,29,0,0
BRDA:484,29,1,0
BRDA:484,30,0,0
BRDA:484,30,1,0
BRDA:501,31,0,0
BRDA:501,31,1,0
BRDA:510,32,0,0
BRDA:510,32,1,0
BRDA:530,33,0,0
BRDA:530,33,1,0
BRF:69
BRH:9
end_of_record
TN:
SF:controllers\chatController.js
FN:17,(anonymous_0)
FN:21,(anonymous_1)
FN:32,(anonymous_2)
FN:42,(anonymous_3)
FN:50,(anonymous_4)
FN:53,(anonymous_5)
FN:54,(anonymous_6)
FN:78,(anonymous_7)
FN:109,(anonymous_8)
FN:129,(anonymous_9)
FN:157,(anonymous_10)
FN:181,(anonymous_11)
FN:233,(anonymous_12)
FNF:13
FNH:0
FNDA:0,(anonymous_0)
FNDA:0,(anonymous_1)
FNDA:0,(anonymous_2)
FNDA:0,(anonymous_3)
FNDA:0,(anonymous_4)
FNDA:0,(anonymous_5)
FNDA:0,(anonymous_6)
FNDA:0,(anonymous_7)
FNDA:0,(anonymous_8)
FNDA:0,(anonymous_9)
FNDA:0,(anonymous_10)
FNDA:0,(anonymous_11)
FNDA:0,(anonymous_12)
DA:7,2
DA:8,2
DA:9,2
DA:10,2
DA:11,2
DA:17,2
DA:18,0
DA:19,0
DA:20,0
DA:21,0
DA:23,0
DA:32,2
DA:33,0
DA:35,0
DA:42,0
DA:43,0
DA:44,0
DA:45,0
DA:50,0
DA:53,0
DA:54,0
DA:55,0
DA:67,0
DA:78,2
DA:79,0
DA:80,0
DA:82,0
DA:83,0
DA:85,0
DA:86,0
DA:89,0
DA:90,0
DA:91,0
DA:94,0
DA:95,0
DA:96,0
DA:98,0
DA:99,0
DA:100,0
DA:106,0
DA:107,0
DA:109,0
DA:111,0
DA:129,2
DA:130,0
DA:131,0
DA:132,0
DA:134,0
DA:135,0
DA:136,0
DA:138,0
DA:139,0
DA:142,0
DA:143,0
DA:144,0
DA:146,0
DA:152,0
DA:157,0
DA:168,0
DA:170,0
DA:181,2
DA:182,0
DA:183,0
DA:184,0
DA:186,0
DA:187,0
DA:190,0
DA:191,0
DA:192,0
DA:194,0
DA:195,0
DA:198,0
DA:205,0
DA:206,0
DA:207,0
DA:209,0
DA:211,0
DA:233,2
DA:234,0
DA:235,0
DA:237,0
DA:238,0
DA:239,0
DA:241,0
DA:242,0
DA:245,0
DA:250,0
DA:253,2
LF:88
LH:12
BRDA:19,0,0,0
BRDA:19,0,1,0
BRDA:23,1,0,0
BRDA:23,1,1,0
BRDA:44,2,0,0
BRDA:44,2,1,0
BRDA:59,3,0,0
BRDA:59,3,1,0
BRDA:61,4,0,0
BRDA:61,4,1,0
BRDA:62,5,0,0
BRDA:62,5,1,0
BRDA:82,6,0,0
BRDA:82,6,1,0
BRDA:85,7,0,0
BRDA:85,7,1,0
BRDA:90,8,0,0
BRDA:90,8,1,0
BRDA:96,9,0,0
BRDA:96,9,1,0
BRDA:99,10,0,0
BRDA:99,10,1,0
BRDA:102,11,0,0
BRDA:102,11,1,0
BRDA:107,12,0,0
BRDA:107,12,1,0
BRDA:132,13,0,0
BRDA:135,14,0,0
BRDA:135,14,1,0
BRDA:138,15,0,0
BRDA:138,15,1,0
BRDA:142,16,0,0
BRDA:142,16,1,0
BRDA:144,17,0,0
BRDA:144,17,1,0
BRDA:186,18,0,0
BRDA:186,18,1,0
BRDA:186,19,0,0
BRDA:186,19,1,0
BRDA:191,20,0,0
BRDA:191,20,1,0
BRDA:194,21,0,0
BRDA:194,21,1,0
BRDA:238,22,0,0
BRDA:238,22,1,0
BRDA:241,23,0,0
BRDA:241,23,1,0
BRF:47
BRH:0
end_of_record
TN:
SF:controllers\externalJobController.js
FN:20,(anonymous_0)
FN:30,(anonymous_1)
FN:36,(anonymous_2)
FN:56,(anonymous_3)
FN:69,(anonymous_4)
FN:75,(anonymous_5)
FN:99,(anonymous_6)
FN:105,(anonymous_7)
FN:110,(anonymous_8)
FN:117,(anonymous_9)
FN:125,(anonymous_10)
FN:126,(anonymous_11)
FN:128,(anonymous_12)
FN:156,(anonymous_13)
FN:189,(anonymous_14)
FN:199,(anonymous_15)
FNF:16
FNH:0
FNDA:0,(anonymous_0)
FNDA:0,(anonymous_1)
FNDA:0,(anonymous_2)
FNDA:0,(anonymous_3)
FNDA:0,(anonymous_4)
FNDA:0,(anonymous_5)
FNDA:0,(anonymous_6)
FNDA:0,(anonymous_7)
FNDA:0,(anonymous_8)
FNDA:0,(anonymous_9)
FNDA:0,(anonymous_10)
FNDA:0,(anonymous_11)
FNDA:0,(anonymous_12)
FNDA:0,(anonymous_13)
FNDA:0,(anonymous_14)
FNDA:0,(anonymous_15)
DA:6,2
DA:7,2
DA:13,2
DA:14,2
DA:20,2
DA:21,0
DA:22,0
DA:23,0
DA:30,2
DA:31,0
DA:34,0
DA:35,0
DA:36,0
DA:40,0
DA:53,0
DA:56,0
DA:58,0
DA:69,2
DA:70,0
DA:73,0
DA:74,0
DA:75,0
DA:79,0
DA:92,0
DA:95,0
DA:96,0
DA:97,0
DA:98,0
DA:99,0
DA:104,0
DA:105,0
DA:106,0
DA:109,0
DA:110,0
DA:111,0
DA:116,0
DA:117,0
DA:122,0
DA:123,0
DA:125,0
DA:126,0
DA:127,0
DA:128,0
DA:129,0
DA:135,0
DA:136,0
DA:137,0
DA:138,0
DA:139,0
DA:141,0
DA:156,2
DA:157,0
DA:158,0
DA:160,0
DA:161,0
DA:164,0
DA:166,0
DA:175,0
DA:176,0
DA:178,0
DA:189,2
DA:190,0
DA:192,0
DA:199,2
DA:200,0
DA:231,0
DA:234,2
LF:67
LH:11
BRDA:22,0,0,0
BRDA:22,0,1,0
BRDA:35,1,0,0
BRDA:35,1,1,0
BRDA:41,2,0,0
BRDA:41,2,1,0
BRDA:42,3,0,0
BRDA:42,3,1,0
BRDA:43,4,0,0
BRDA:43,4,1,0
BRDA:44,5,0,0
BRDA:44,5,1,0
BRDA:45,6,0,0
BRDA:45,6,1,0
BRDA:46,7,0,0
BRDA:46,7,1,0
BRDA:74,8,0,0
BRDA:74,8,1,0
BRDA:80,9,0,0
BRDA:80,9,1,0
BRDA:81,10,0,0
BRDA:81,10,1,0
BRDA:82,11,0,0
BRDA:82,11,1,0
BRDA:83,12,0,0
BRDA:83,12,1,0
BRDA:84,13,0,0
BRDA:84,13,1,0
BRDA:85,14,0,0
BRDA:85,14,1,0
BRDA:96,15,0,0
BRDA:96,15,1,0
BRDA:99,16,0,0
BRDA:99,16,1,0
BRDA:104,17,0,0
BRDA:104,17,1,0
BRDA:106,18,0,0
BRDA:106,18,1,0
BRDA:106,18,2,0
BRDA:109,19,0,0
BRDA:109,19,1,0
BRDA:111,20,0,0
BRDA:111,20,1,0
BRDA:111,20,2,0
BRDA:116,21,0,0
BRDA:116,21,1,0
BRDA:122,22,0,0
BRDA:122,22,1,0
BRDA:127,23,0,0
BRDA:127,23,1,0
BRDA:129,24,0,0
BRDA:129,24,1,0
BRDA:160,25,0,0
BRDA:160,25,1,0
BRDA:164,26,0,0
BRDA:164,27,0,0
BRDA:167,28,0,0
BRDA:167,28,1,0
BRDA:168,29,0,0
BRDA:168,29,1,0
BRDA:176,30,0,0
BRDA:176,30,1,0
BRF:62
BRH:0
end_of_record
TN:
SF:controllers\jobController.js
FN:17,(anonymous_0)
FN:58,(anonymous_1)
FN:79,(anonymous_2)
FN:106,(anonymous_3)
FN:107,(anonymous_4)
FN:181,(anonymous_5)
FN:206,(anonymous_6)
FN:224,(anonymous_7)
FN:280,(anonymous_8)
FN:306,(anonymous_9)
FN:329,(anonymous_10)
FN:354,(anonymous_11)
FN:386,(anonymous_12)
FN:396,(anonymous_13)
FNF:14
FNH:0
FNDA:0,(anonymous_0)
FNDA:0,(anonymous_1)
FNDA:0,(anonymous_2)
FNDA:0,(anonymous_3)
FNDA:0,(anonymous_4)
FNDA:0,(anonymous_5)
FNDA:0,(anonymous_6)
FNDA:0,(anonymous_7)
FNDA:0,(anonymous_8)
FNDA:0,(anonymous_9)
FNDA:0,(anonymous_10)
FNDA:0,(anonymous_11)
FNDA:0,(anonymous_12)
FNDA:0,(anonymous_13)
DA:6,2
DA:7,2
DA:8,2
DA:9,2
DA:11,2
DA:17,2
DA:32,0
DA:34,0
DA:51,0
DA:58,2
DA:73,0
DA:76,0
DA:79,0
DA:82,0
DA:83,0
DA:84,0
DA:92,0
DA:93,0
DA:97,0
DA:98,0
DA:103,0
DA:104,0
DA:106,0
DA:107,0
DA:108,0
DA:109,0
DA:114,0
DA:115,0
DA:120,0
DA:121,0
DA:123,0
DA:124,0
DA:128,0
DA:129,0
DA:133,0
DA:134,0
DA:140,0
DA:142,0
DA:143,0
DA:145,0
DA:150,0
DA:151,0
DA:154,0
DA:155,0
DA:156,0
DA:158,0
DA:164,0
DA:166,0
DA:181,2
DA:182,0
DA:185,0
DA:187,0
DA:189,0
DA:191,0
DA:192,0
DA:196,0
DA:197,0
DA:200,0
DA:204,0
DA:205,0
DA:206,0
DA:208,0
DA:209,0
DA:212,0
DA:214,0
DA:215,0
DA:224,2
DA:225,0
DA:227,0
DA:229,0
DA:230,0
DA:234,0
DA:235,0
DA:253,0
DA:256,0
DA:257,0
DA:258,0
DA:259,0
DA:260,0
DA:261,0
DA:262,0
DA:263,0
DA:264,0
DA:265,0
DA:266,0
DA:267,0
DA:268,0
DA:269,0
DA:271,0
DA:273,0
DA:280,2
DA:281,0
DA:283,0
DA:285,0
DA:286,0
DA:290,0
DA:291,0
DA:295,0
DA:296,0
DA:297,0
DA:299,0
DA:306,2
DA:307,0
DA:309,0
DA:311,0
DA:312,0
DA:313,0
DA:314,0
DA:318,0
DA:319,0
DA:320,0
DA:322,0
DA:328,0
DA:330,0
DA:331,0
DA:332,0
DA:333,0
DA:337,0
DA:339,0
DA:354,2
DA:355,0
DA:356,0
DA:358,0
DA:360,0
DA:361,0
DA:365,0
DA:377,0
DA:386,2
DA:387,0
DA:389,0
DA:396,2
DA:397,0
DA:399,0
DA:402,2
LF:134
LH:15
BRDA:71,0,0,0
BRDA:72,1,0,0
BRDA:82,2,0,0
BRDA:82,2,1,0
BRDA:92,3,0,0
BRDA:92,3,1,0
BRDA:97,4,0,0
BRDA:97,4,1,0
BRDA:103,5,0,0
BRDA:103,5,1,0
BRDA:108,6,0,0
BRDA:108,6,1,0
BRDA:114,7,0,0
BRDA:114,7,1,0
BRDA:120,8,0,0
BRDA:120,8,1,0
BRDA:123,9,0,0
BRDA:123,9,1,0
BRDA:128,10,0,0
BRDA:128,10,1,0
BRDA:133,11,0,0
BRDA:133,11,1,0
BRDA:140,12,0,0
BRDA:140,12,1,0
BRDA:151,13,0,0
BRDA:151,13,1,0
BRDA:154,14,0,0
BRDA:154,14,1,0
BRDA:155,15,0,0
BRDA:155,15,1,0
BRDA:187,16,0,0
BRDA:187,16,1,0
BRDA:191,17,0,0
BRDA:191,17,1,0
BRDA:196,18,0,0
BRDA:196,18,1,0
BRDA:196,19,0,0
BRDA:196,19,1,0
BRDA:206,20,0,0
BRDA:206,20,1,0
BRDA:208,21,0,0
BRDA:208,21,1,0
BRDA:229,22,0,0
BRDA:229,22,1,0
BRDA:234,23,0,0
BRDA:234,23,1,0
BRDA:256,24,0,0
BRDA:256,24,1,0
BRDA:257,25,0,0
BRDA:257,25,1,0
BRDA:258,26,0,0
BRDA:258,26,1,0
BRDA:259,27,0,0
BRDA:259,27,1,0
BRDA:260,28,0,0
BRDA:260,28,1,0
BRDA:261,29,0,0
BRDA:261,29,1,0
BRDA:262,30,0,0
BRDA:262,30,1,0
BRDA:263,31,0,0
BRDA:263,31,1,0
BRDA:264,32,0,0
BRDA:264,32,1,0
BRDA:265,33,0,0
BRDA:265,33,1,0
BRDA:266,34,0,0
BRDA:266,34,1,0
BRDA:267,35,0,0
BRDA:267,35,1,0
BRDA:268,36,0,0
BRDA:268,36,1,0
BRDA:269,37,0,0
BRDA:269,37,1,0
BRDA:285,38,0,0
BRDA:285,38,1,0
BRDA:290,39,0,0
BRDA:290,39,1,0
BRDA:307,40,0,0
BRDA:307,41,0,0
BRDA:311,42,0,0
BRDA:311,42,1,0
BRDA:313,43,0,0
BRDA:313,43,1,0
BRDA:318,44,0,0
BRDA:318,44,1,0
BRDA:319,45,0,0
BRDA:319,45,1,0
BRDA:356,46,0,0
BRDA:360,47,0,0
BRDA:360,47,1,0
BRDA:375,48,0,0
BRDA:375,48,1,0
BRF:93
BRH:0
end_of_record
TN:
SF:controllers\notificationController.js
FN:14,(anonymous_0)
FN:60,(anonymous_1)
FN:81,(anonymous_2)
FN:103,(anonymous_3)
FN:125,(anonymous_4)
FN:138,(anonymous_5)
FN:160,(anonymous_6)
FN:170,(anonymous_7)
FN:180,(anonymous_8)
FNF:9
FNH:0
FNDA:0,(anonymous_0)
FNDA:0,(anonymous_1)
FNDA:0,(anonymous_2)
FNDA:0,(anonymous_3)
FNDA:0,(anonymous_4)
FNDA:0,(anonymous_5)
FNDA:0,(anonymous_6)
FNDA:0,(anonymous_7)
FNDA:0,(anonymous_8)
DA:6,2
DA:7,2
DA:8,2
DA:14,2
DA:15,0
DA:17,0
DA:19,0
DA:20,0
DA:24,0
DA:29,0
DA:30,0
DA:31,0
DA:33,0
DA:38,0
DA:39,0
DA:44,0
DA:60,2
DA:61,0
DA:63,0
DA:65,0
DA:66,0
DA:70,0
DA:71,0
DA:74,0
DA:81,2
DA:82,0
DA:84,0
DA:86,0
DA:87,0
DA:90,0
DA:91,0
DA:94,0
DA:96,0
DA:103,2
DA:104,0
DA:106,0
DA:108,0
DA:109,0
DA:112,0
DA:113,0
DA:116,0
DA:118,0
DA:125,2
DA:126,0
DA:131,0
DA:138,2
DA:139,0
DA:141,0
DA:143,0
DA:144,0
DA:147,0
DA:148,0
DA:151,0
DA:153,0
DA:160,2
DA:161,0
DA:163,0
DA:170,2
DA:171,0
DA:173,0
DA:180,2
DA:181,0
DA:186,0
DA:189,2
LF:64
LH:13
BRDA:15,0,0,0
BRDA:15,1,0,0
BRDA:19,2,0,0
BRDA:19,2,1,0
BRDA:65,3,0,0
BRDA:65,3,1,0
BRDA:70,4,0,0
BRDA:70,4,1,0
BRDA:86,5,0,0
BRDA:86,5,1,0
BRDA:90,6,0,0
BRDA:90,6,1,0
BRDA:108,7,0,0
BRDA:108,7,1,0
BRDA:112,8,0,0
BRDA:112,8,1,0
BRDA:143,9,0,0
BRDA:143,9,1,0
BRDA:147,10,0,0
BRDA:147,10,1,0
BRF:20
BRH:0
end_of_record
TN:
SF:controllers\professionController.js
FN:16,(anonymous_0)
FN:28,(anonymous_1)
FN:30,(anonymous_2)
FNF:3
FNH:0
FNDA:0,(anonymous_0)
FNDA:0,(anonymous_1)
FNDA:0,(anonymous_2)
DA:6,2
DA:7,2
DA:8,2
DA:9,2
DA:16,2
DA:17,0
DA:28,0
DA:30,0
DA:35,0
DA:40,2
LF:10
LH:6
BRDA:32,0,0,0
BRDA:32,0,1,0
BRF:2
BRH:0
end_of_record
TN:
SF:controllers\skillsController.js
FN:20,(anonymous_0)
FNF:1
FNH:0
FNDA:0,(anonymous_0)
DA:8,2
DA:9,2
DA:10,2
DA:20,2
DA:21,0
DA:23,0
DA:24,0
DA:29,0
DA:34,2
LF:9
LH:5
BRDA:23,0,0,0
BRDA:23,0,1,0
BRF:2
BRH:0
end_of_record
TN:
SF:controllers\userController.js
FN:18,(anonymous_0)
FN:50,(anonymous_1)
FN:75,(anonymous_2)
FN:82,(anonymous_3)
FN:105,(anonymous_4)
FN:130,(anonymous_5)
FN:179,(anonymous_6)
FN:220,(anonymous_7)
FN:250,(anonymous_8)
FN:292,(anonymous_9)
FN:339,(anonymous_10)
FN:382,(anonymous_11)
FN:409,(anonymous_12)
FN:440,(anonymous_13)
FN:465,(anonymous_14)
FNF:15
FNH:1
FNDA:0,(anonymous_0)
FNDA:5,(anonymous_1)
FNDA:0,(anonymous_2)
FNDA:0,(anonymous_3)
FNDA:0,(anonymous_4)
FNDA:0,(anonymous_5)
FNDA:0,(anonymous_6)
FNDA:0,(anonymous_7)
FNDA:0,(anonymous_8)
FNDA:0,(anonymous_9)
FNDA:0,(anonymous_10)
FNDA:0,(anonymous_11)
FNDA:0,(anonymous_12)
FNDA:0,(anonymous_13)
FNDA:0,(anonymous_14)
DA:6,2
DA:7,2
DA:8,2
DA:9,2
DA:10,2
DA:11,2
DA:18,2
DA:19,0
DA:22,0
DA:30,0
DA:31,0
DA:34,0
DA:50,2
DA:51,5
DA:53,5
DA:61,4
DA:62,2
DA:65,2
DA:75,2
DA:76,0
DA:78,0
DA:79,0
DA:82,0
DA:83,0
DA:84,0
DA:87,0
DA:89,0
DA:90,0
DA:93,0
DA:94,0
DA:96,0
DA:105,2
DA:106,0
DA:108,0
DA:110,0
DA:111,0
DA:115,0
DA:116,0
DA:117,0
DA:119,0
DA:121,0
DA:123,0
DA:130,2
DA:131,0
DA:133,0
DA:134,0
DA:137,0
DA:138,0
DA:153,0
DA:156,0
DA:157,0
DA:158,0
DA:159,0
DA:160,0
DA:161,0
DA:162,0
DA:163,0
DA:164,0
DA:165,0
DA:166,0
DA:168,0
DA:170,0
DA:172,0
DA:179,2
DA:180,0
DA:182,0
DA:183,0
DA:186,0
DA:187,0
DA:198,0
DA:201,0
DA:202,0
DA:203,0
DA:204,0
DA:205,0
DA:206,0
DA:207,0
DA:209,0
DA:211,0
DA:213,0
DA:220,2
DA:221,0
DA:223,0
DA:225,0
DA:226,0
DA:229,0
DA:230,0
DA:233,0
DA:234,0
DA:237,0
DA:239,0
DA:241,0
DA:250,2
DA:251,0
DA:253,0
DA:254,0
DA:257,0
DA:258,0
DA:262,0
DA:269,0
DA:270,0
DA:271,0
DA:272,0
DA:275,0
DA:276,0
DA:277,0
DA:279,0
DA:281,0
DA:292,2
DA:293,0
DA:295,0
DA:296,0
DA:299,0
DA:300,0
DA:303,0
DA:304,0
DA:308,0
DA:315,0
DA:316,0
DA:319,0
DA:324,0
DA:326,0
DA:328,0
DA:339,2
DA:340,0
DA:342,0
DA:343,0
DA:346,0
DA:347,0
DA:350,0
DA:351,0
DA:355,0
DA:362,0
DA:363,0
DA:366,0
DA:367,0
DA:369,0
DA:371,0
DA:382,2
DA:383,0
DA:385,0
DA:386,0
DA:389,0
DA:391,0
DA:392,0
DA:395,0
DA:396,0
DA:397,0
DA:400,0
DA:402,0
DA:409,2
DA:410,0
DA:412,0
DA:414,0
DA:415,0
DA:419,0
DA:420,0
DA:421,0
DA:425,0
DA:426,0
DA:427,0
DA:428,0
DA:429,0
DA:431,0
DA:440,2
DA:441,0
DA:443,0
DA:445,0
DA:446,0
DA:449,0
DA:450,0
DA:451,0
DA:454,0
DA:456,0
DA:465,2
DA:466,0
DA:468,0
DA:470,0
DA:471,0
DA:474,0
DA:475,0
DA:478,0
DA:480,0
DA:483,2
LF:184
LH:26
BRDA:30,0,0,0
BRDA:30,0,1,0
BRDA:61,1,0,2
BRDA:61,1,1,2
BRDA:78,2,0,0
BRDA:78,2,1,0
BRDA:83,3,0,0
BRDA:83,3,1,0
BRDA:89,4,0,0
BRDA:89,4,1,0
BRDA:110,5,0,0
BRDA:110,5,1,0
BRDA:115,6,0,0
BRDA:115,6,1,0
BRDA:116,7,0,0
BRDA:116,7,1,0
BRDA:117,8,0,0
BRDA:117,8,1,0
BRDA:133,9,0,0
BRDA:133,9,1,0
BRDA:137,10,0,0
BRDA:137,10,1,0
BRDA:156,11,0,0
BRDA:156,11,1,0
BRDA:157,12,0,0
BRDA:157,12,1,0
BRDA:158,13,0,0
BRDA:158,13,1,0
BRDA:159,14,0,0
BRDA:159,14,1,0
BRDA:160,15,0,0
BRDA:160,15,1,0
BRDA:161,16,0,0
BRDA:161,16,1,0
BRDA:162,17,0,0
BRDA:162,17,1,0
BRDA:163,18,0,0
BRDA:163,18,1,0
BRDA:164,19,0,0
BRDA:164,19,1,0
BRDA:165,20,0,0
BRDA:165,20,1,0
BRDA:166,21,0,0
BRDA:166,21,1,0
BRDA:182,22,0,0
BRDA:182,22,1,0
BRDA:186,23,0,0
BRDA:186,23,1,0
BRDA:201,24,0,0
BRDA:201,24,1,0
BRDA:202,25,0,0
BRDA:202,25,1,0
BRDA:203,26,0,0
BRDA:203,26,1,0
BRDA:204,27,0,0
BRDA:204,27,1,0
BRDA:205,28,0,0
BRDA:205,28,1,0
BRDA:206,29,0,0
BRDA:206,29,1,0
BRDA:207,30,0,0
BRDA:207,30,1,0
BRDA:225,31,0,0
BRDA:225,31,1,0
BRDA:229,32,0,0
BRDA:229,32,1,0
BRDA:233,33,0,0
BRDA:233,33,1,0
BRDA:253,34,0,0
BRDA:253,34,1,0
BRDA:257,35,0,0
BRDA:257,35,1,0
BRDA:270,36,0,0
BRDA:270,36,1,0
BRDA:270,37,0,0
BRDA:270,37,1,0
BRDA:295,38,0,0
BRDA:295,38,1,0
BRDA:299,39,0,0
BRDA:299,39,1,0
BRDA:303,40,0,0
BRDA:303,40,1,0
BRDA:315,41,0,0
BRDA:315,41,1,0
BRDA:342,42,0,0
BRDA:342,42,1,0
BRDA:346,43,0,0
BRDA:346,43,1,0
BRDA:350,44,0,0
BRDA:350,44,1,0
BRDA:362,45,0,0
BRDA:362,45,1,0
BRDA:385,46,0,0
BRDA:385,46,1,0
BRDA:389,47,0,0
BRDA:389,47,1,0
BRDA:391,48,0,0
BRDA:391,48,1,0
BRDA:391,49,0,0
BRDA:391,49,1,0
BRDA:414,50,0,0
BRDA:414,50,1,0
BRDA:420,51,0,0
BRDA:420,51,1,0
BRDA:445,52,0,0
BRDA:445,52,1,0
BRDA:450,53,0,0
BRDA:450,53,1,0
BRDA:470,54,0,0
BRDA:470,54,1,0
BRDA:474,55,0,0
BRDA:474,55,1,0
BRF:112
BRH:2
end_of_record
TN:
SF:middleware\authMiddleware.js
FN:13,(anonymous_0)
FN:63,(anonymous_1)
FNF:2
FNH:0
FNDA:0,(anonymous_0)
FNDA:0,(anonymous_1)
DA:6,2
DA:7,2
DA:8,2
DA:13,2
DA:14,0
DA:16,0
DA:18,0
DA:19,0
DA:22,0
DA:25,0
DA:28,0
DA:30,0
DA:31,0
DA:35,0
DA:36,0
DA:40,0
DA:41,0
DA:42,0
DA:44,0
DA:47,0
DA:49,0
DA:50,0
DA:52,0
DA:53,0
DA:56,0
DA:63,2
DA:64,0
DA:65,0
DA:67,0
DA:68,0
DA:71,0
DA:72,0
DA:73,0
DA:75,0
DA:76,0
DA:77,0
DA:78,0
DA:81,0
DA:84,0
DA:85,0
DA:89,2
LF:41
LH:6
BRDA:18,0,0,0
BRDA:18,0,1,0
BRDA:18,1,0,0
BRDA:18,1,1,0
BRDA:30,2,0,0
BRDA:30,2,1,0
BRDA:35,3,0,0
BRDA:35,3,1,0
BRDA:35,4,0,0
BRDA:35,4,1,0
BRDA:49,5,0,0
BRDA:49,5,1,0
BRDA:52,6,0,0
BRDA:52,6,1,0
BRDA:67,7,0,0
BRDA:67,7,1,0
BRDA:67,8,0,0
BRDA:67,8,1,0
BRDA:75,9,0,0
BRDA:75,9,1,0
BRDA:75,10,0,0
BRDA:75,10,1,0
BRDA:75,10,2,0
BRF:23
BRH:0
end_of_record
TN:
SF:middleware\errorHandler.js
FN:11,(anonymous_0)
FN:15,(anonymous_1)
FN:30,(anonymous_2)
FN:44,(anonymous_3)
FN:55,(anonymous_4)
FN:65,(anonymous_5)
FN:75,(anonymous_6)
FN:138,(anonymous_7)
FNF:8
FNH:2
FNDA:0,(anonymous_0)
FNDA:0,(anonymous_1)
FNDA:0,(anonymous_2)
FNDA:1,(anonymous_3)
FNDA:0,(anonymous_4)
FNDA:0,(anonymous_5)
FNDA:1,(anonymous_6)
FNDA:0,(anonymous_7)
DA:6,2
DA:11,2
DA:12,0
DA:14,0
DA:15,0
DA:16,0
DA:20,0
DA:30,2
DA:31,0
DA:32,0
DA:34,0
DA:44,2
DA:45,1
DA:55,2
DA:56,0
DA:65,2
DA:66,0
DA:75,2
DA:76,1
DA:77,1
DA:78,1
DA:81,1
DA:91,1
DA:92,0
DA:93,0
DA:97,1
DA:98,0
DA:99,0
DA:103,1
DA:104,1
DA:105,1
DA:109,1
DA:110,0
DA:111,0
DA:114,1
DA:115,0
DA:116,0
DA:123,1
DA:124,0
DA:128,1
DA:129,1
DA:132,0
DA:138,2
DA:139,0
DA:140,0
DA:141,0
DA:144,2
LF:47
LH:24
BRDA:14,0,0,0
BRDA:14,0,1,0
BRDA:78,1,0,1
BRDA:78,1,1,1
BRDA:91,2,0,0
BRDA:91,2,1,1
BRDA:97,3,0,0
BRDA:97,3,1,1
BRDA:103,4,0,1
BRDA:103,4,1,0
BRDA:109,5,0,0
BRDA:109,5,1,1
BRDA:114,6,0,0
BRDA:114,6,1,1
BRDA:123,7,0,0
BRDA:123,7,1,1
BRDA:123,8,0,1
BRDA:123,8,1,0
BRDA:128,9,0,1
BRDA:128,9,1,0
BRF:20
BRH:10
end_of_record
TN:
SF:middleware\otpRateLimit.js
FN:7,(anonymous_0)
FNF:1
FNH:1
FNDA:4,(anonymous_0)
DA:1,2
DA:7,2
DA:8,4
DA:9,4
DA:10,0
DA:17,2
DA:34,2
DA:46,2
LF:8
LH:7
BRDA:9,0,0,4
BRDA:9,0,1,0
BRDA:10,1,0,0
BRDA:10,1,1,0
BRF:4
BRH:1
end_of_record
TN:
SF:middleware\requestLogger.js
FN:12,(anonymous_0)
FN:25,(anonymous_1)
FN:40,(anonymous_2)
FNF:3
FNH:0
FNDA:0,(anonymous_0)
FNDA:0,(anonymous_1)
FNDA:0,(anonymous_2)
DA:6,0
DA:12,0
DA:13,0
DA:16,0
DA:24,0
DA:25,0
DA:26,0
DA:28,0
DA:36,0
DA:40,0
DA:41,0
DA:43,0
DA:44,0
DA:51,0
DA:52,0
DA:62,0
DA:65,0
LF:17
LH:0
BRDA:19,0,0,0
BRDA:19,0,1,0
BRDA:33,1,0,0
BRDA:33,1,1,0
BRDA:43,2,0,0
BRDA:43,2,1,0
BRDA:49,3,0,0
BRDA:49,3,1,0
BRDA:51,4,0,0
BRDA:51,4,1,0
BRDA:57,5,0,0
BRDA:57,5,1,0
BRF:12
BRH:0
end_of_record
TN:
SF:middleware\roleMiddleware.js
FN:11,(anonymous_0)
FN:21,(anonymous_1)
FN:31,(anonymous_2)
FN:41,(anonymous_3)
FN:51,(anonymous_4)
FN:61,(anonymous_5)
FN:72,(anonymous_6)
FN:73,(anonymous_7)
FN:85,(anonymous_8)
FN:86,(anonymous_9)
FNF:10
FNH:0
FNDA:0,(anonymous_0)
FNDA:0,(anonymous_1)
FNDA:0,(anonymous_2)
FNDA:0,(anonymous_3)
FNDA:0,(anonymous_4)
FNDA:0,(anonymous_5)
FNDA:0,(anonymous_6)
FNDA:0,(anonymous_7)
FNDA:0,(anonymous_8)
FNDA:0,(anonymous_9)
DA:6,2
DA:11,2
DA:12,0
DA:13,0
DA:15,0
DA:21,2
DA:22,0
DA:23,0
DA:25,0
DA:31,2
DA:32,0
DA:33,0
DA:35,0
DA:41,2
DA:42,0
DA:43,0
DA:45,0
DA:51,2
DA:52,0
DA:53,0
DA:55,0
DA:61,2
DA:62,0
DA:63,0
DA:65,0
DA:72,2
DA:73,0
DA:74,0
DA:75,0
DA:77,0
DA:85,2
DA:86,0
DA:87,0
DA:89,0
DA:90,0
DA:93,0
DA:97,2
LF:37
LH:10
BRDA:12,0,0,0
BRDA:12,0,1,0
BRDA:22,1,0,0
BRDA:22,1,1,0
BRDA:32,2,0,0
BRDA:32,2,1,0
BRDA:42,3,0,0
BRDA:42,3,1,0
BRDA:42,4,0,0
BRDA:42,4,1,0
BRDA:52,5,0,0
BRDA:52,5,1,0
BRDA:52,6,0,0
BRDA:52,6,1,0
BRDA:62,7,0,0
BRDA:62,7,1,0
BRDA:62,8,0,0
BRDA:62,8,1,0
BRDA:74,9,0,0
BRDA:74,9,1,0
BRDA:89,10,0,0
BRDA:89,10,1,0
BRDA:89,11,0,0
BRDA:89,11,1,0
BRF:24
BRH:0
end_of_record
TN:
SF:middleware\uploadMiddleware.js
FN:18,(anonymous_0)
FN:19,(anonymous_1)
FN:40,(anonymous_2)
FN:55,(anonymous_3)
FN:56,(anonymous_4)
FN:57,(anonymous_5)
FNF:6
FNH:3
FNDA:6,(anonymous_0)
FNDA:0,(anonymous_1)
FNDA:6,(anonymous_2)
FNDA:6,(anonymous_3)
FNDA:0,(anonymous_4)
FNDA:0,(anonymous_5)
DA:6,2
DA:7,2
DA:12,2
DA:18,2
DA:19,6
DA:20,0
DA:26,0
DA:27,0
DA:29,0
DA:40,2
DA:41,6
DA:42,6
DA:55,2
DA:56,6
DA:57,0
DA:58,0
DA:60,0
DA:61,0
DA:63,0
DA:64,0
DA:66,0
DA:67,0
DA:69,0
DA:71,0
DA:79,2
DA:84,2
DA:89,2
DA:91,2
LF:28
LH:14
BRDA:26,0,0,0
BRDA:26,0,1,0
BRDA:41,1,0,2
BRDA:41,1,1,4
BRDA:58,2,0,0
BRDA:58,2,1,0
BRDA:60,3,0,0
BRDA:60,3,1,0
BRDA:63,4,0,0
BRDA:63,4,1,0
BRDA:67,5,0,0
BRDA:67,5,1,0
BRF:12
BRH:2
end_of_record
TN:
SF:middleware\validateRequest.js
FN:14,(anonymous_0)
FN:18,(anonymous_1)
FN:33,(anonymous_2)
FN:41,(anonymous_3)
FN:46,(anonymous_4)
FN:54,(anonymous_5)
FN:60,(anonymous_6)
FN:67,(anonymous_7)
FN:73,(anonymous_8)
FN:79,(anonymous_9)
FN:104,(anonymous_10)
FN:111,(anonymous_11)
FN:120,(anonymous_12)
FN:129,(anonymous_13)
FN:162,(anonymous_14)
FN:182,(anonymous_15)
FN:199,(anonymous_16)
FN:217,(anonymous_17)
FNF:18
FNH:11
FNDA:9,(anonymous_0)
FNDA:8,(anonymous_1)
FNDA:0,(anonymous_2)
FNDA:0,(anonymous_3)
FNDA:0,(anonymous_4)
FNDA:0,(anonymous_5)
FNDA:0,(anonymous_6)
FNDA:2,(anonymous_7)
FNDA:0,(anonymous_8)
FNDA:2,(anonymous_9)
FNDA:4,(anonymous_10)
FNDA:4,(anonymous_11)
FNDA:4,(anonymous_12)
FNDA:4,(anonymous_13)
FNDA:4,(anonymous_14)
FNDA:0,(anonymous_15)
FNDA:1,(anonymous_16)
FNDA:1,(anonymous_17)
DA:6,2
DA:7,2
DA:8,2
DA:9,2
DA:14,2
DA:15,9
DA:17,9
DA:18,8
DA:23,4
DA:26,5
DA:32,2
DA:33,0
DA:41,0
DA:47,0
DA:48,0
DA:49,0
DA:51,0
DA:54,0
DA:61,0
DA:62,0
DA:64,0
DA:67,2
DA:73,0
DA:79,2
DA:96,2
DA:105,4
DA:106,3
DA:112,4
DA:113,4
DA:114,3
DA:121,4
DA:122,0
DA:123,4
DA:130,4
DA:131,0
DA:132,4
DA:163,4
DA:164,1
DA:166,3
DA:183,0
DA:184,0
DA:186,0
DA:200,1
DA:201,0
DA:203,1
DA:218,1
DA:219,1
DA:220,0
DA:222,1
DA:249,2
DA:354,2
DA:384,2
LF:52
LH:34
BRDA:17,0,0,4
BRDA:17,0,1,5
BRDA:48,1,0,0
BRDA:48,1,1,0
BRDA:61,2,0,0
BRDA:61,2,1,0
BRDA:105,3,0,1
BRDA:105,3,1,3
BRDA:113,4,0,1
BRDA:113,4,1,3
BRDA:121,5,0,0
BRDA:121,5,1,4
BRDA:121,6,0,4
BRDA:121,6,1,4
BRDA:130,7,0,0
BRDA:130,7,1,4
BRDA:130,8,0,4
BRDA:130,8,1,4
BRDA:163,9,0,1
BRDA:163,9,1,3
BRDA:183,10,0,0
BRDA:183,10,1,0
BRDA:200,11,0,0
BRDA:200,11,1,1
BRDA:219,12,0,0
BRDA:219,12,1,1
BRF:26
BRH:16
end_of_record
TN:
SF:services\cleanupService.js
FN:33,(anonymous_0)
FN:78,(anonymous_1)
FN:110,(anonymous_2)
FN:114,(anonymous_3)
FN:134,(anonymous_4)
FNF:5
FNH:0
FNDA:0,(anonymous_0)
FNDA:0,(anonymous_1)
FNDA:0,(anonymous_2)
FNDA:0,(anonymous_3)
FNDA:0,(anonymous_4)
DA:14,2
DA:15,2
DA:16,2
DA:17,2
DA:18,2
DA:19,2
DA:20,2
DA:21,2
DA:24,2
DA:33,2
DA:35,0
DA:37,0
DA:40,0
DA:41,0
DA:44,0
DA:47,0
DA:50,0
DA:51,0
DA:52,0
DA:55,0
DA:56,0
DA:57,0
DA:62,0
DA:65,0
DA:67,0
DA:78,2
DA:79,0
DA:82,0
DA:87,0
DA:88,0
DA:89,0
DA:90,0
DA:91,0
DA:94,0
DA:98,0
DA:110,2
DA:114,0
DA:115,0
DA:116,0
DA:117,0
DA:119,0
DA:123,0
DA:127,0
DA:128,0
DA:131,0
DA:132,0
DA:134,0
DA:137,2
LF:48
LH:13
BRDA:24,0,0,2
BRDA:24,0,1,2
BRDA:35,1,0,0
BRDA:35,1,1,0
BRDA:37,2,0,0
BRDA:37,2,1,0
BRDA:40,3,0,0
BRDA:40,3,1,0
BRDA:78,4,0,0
BRDA:78,5,0,0
BRDA:110,6,0,0
BRDA:111,7,0,0
BRDA:112,8,0,0
BRDA:117,9,0,0
BRDA:117,9,1,0
BRF:15
BRH:2
end_of_record
TN:
SF:services\emailService.js
FN:11,(anonymous_0)
FN:28,(anonymous_1)
FN:33,(anonymous_2)
FN:61,(anonymous_3)
FN:135,(anonymous_4)
FN:203,(anonymous_5)
FN:290,(anonymous_6)
FNF:7
FNH:0
FNDA:0,(anonymous_0)
FNDA:0,(anonymous_1)
FNDA:0,(anonymous_2)
FNDA:0,(anonymous_3)
FNDA:0,(anonymous_4)
FNDA:0,(anonymous_5)
FNDA:0,(anonymous_6)
DA:6,2
DA:11,2
DA:12,0
DA:28,2
DA:29,0
DA:30,0
DA:33,0
DA:34,0
DA:35,0
DA:38,0
DA:46,0
DA:47,0
DA:48,0
DA:50,0
DA:51,0
DA:61,2
DA:62,0
DA:63,0
DA:123,0
DA:135,2
DA:136,0
DA:189,0
DA:203,2
DA:204,0
DA:212,0
DA:214,0
DA:275,0
DA:290,2
DA:291,0
DA:293,0
DA:360,0
DA:367,2
LF:32
LH:8
BRDA:13,0,0,0
BRDA:13,0,1,0
BRDA:14,1,0,0
BRDA:14,1,1,0
BRDA:34,2,0,0
BRDA:34,2,1,0
BRDA:39,3,0,0
BRDA:39,3,1,0
BRDA:43,4,0,0
BRDA:43,4,1,0
BRDA:62,5,0,0
BRDA:62,5,1,0
BRDA:212,6,0,0
BRDA:212,6,1,0
BRF:14
BRH:0
end_of_record
TN:
SF:services\jobSourcingService.js
FN:25,(anonymous_0)
FN:41,(anonymous_1)
FN:59,(anonymous_2)
FN:60,(anonymous_3)
FN:68,(anonymous_4)
FN:82,(anonymous_5)
FN:86,(anonymous_6)
FN:94,(anonymous_7)
FN:107,(anonymous_8)
FN:204,(anonymous_9)
FN:215,(anonymous_10)
FN:236,(anonymous_11)
FN:351,(anonymous_12)
FN:366,(anonymous_13)
FN:379,(anonymous_14)
FN:392,(anonymous_15)
FN:405,(anonymous_16)
FN:418,(anonymous_17)
FN:431,(anonymous_18)
FN:446,(anonymous_19)
FN:474,(anonymous_20)
FN:489,(anonymous_21)
FN:504,(anonymous_22)
FN:529,(anonymous_23)
FN:544,(anonymous_24)
FN:561,(anonymous_25)
FN:568,(anonymous_26)
FN:583,(anonymous_27)
FN:596,(anonymous_28)
FN:603,(anonymous_29)
FN:619,(anonymous_30)
FN:656,(anonymous_31)
FN:660,(anonymous_32)
FN:661,(anonymous_33)
FN:673,(anonymous_34)
FN:688,(anonymous_35)
FNF:36
FNH:1
FNDA:0,(anonymous_0)
FNDA:0,(anonymous_1)
FNDA:0,(anonymous_2)
FNDA:0,(anonymous_3)
FNDA:0,(anonymous_4)
FNDA:0,(anonymous_5)
FNDA:0,(anonymous_6)
FNDA:0,(anonymous_7)
FNDA:26,(anonymous_8)
FNDA:0,(anonymous_9)
FNDA:0,(anonymous_10)
FNDA:0,(anonymous_11)
FNDA:0,(anonymous_12)
FNDA:0,(anonymous_13)
FNDA:0,(anonymous_14)
FNDA:0,(anonymous_15)
FNDA:0,(anonymous_16)
FNDA:0,(anonymous_17)
FNDA:0,(anonymous_18)
FNDA:0,(anonymous_19)
FNDA:0,(anonymous_20)
FNDA:0,(anonymous_21)
FNDA:0,(anonymous_22)
FNDA:0,(anonymous_23)
FNDA:0,(anonymous_24)
FNDA:0,(anonymous_25)
FNDA:0,(anonymous_26)
FNDA:0,(anonymous_27)
FNDA:0,(anonymous_28)
FNDA:0,(anonymous_29)
FNDA:0,(anonymous_30)
FNDA:0,(anonymous_31)
FNDA:0,(anonymous_32)
FNDA:0,(anonymous_33)
FNDA:0,(anonymous_34)
FNDA:0,(anonymous_35)
DA:11,2
DA:12,2
DA:13,2
DA:14,2
DA:25,2
DA:26,0
DA:41,2
DA:42,0
DA:44,0
DA:45,0
DA:47,0
DA:48,0
DA:50,0
DA:59,2
DA:60,0
DA:68,2
DA:69,0
DA:70,0
DA:82,2
DA:83,0
DA:85,0
DA:86,0
DA:87,0
DA:88,0
DA:93,0
DA:94,0
DA:97,0
DA:107,26
DA:108,2
DA:112,2
DA:189,2
DA:204,2
DA:215,2
DA:216,0
DA:217,0
DA:218,0
DA:220,0
DA:223,0
DA:224,0
DA:227,0
DA:236,2
DA:237,0
DA:254,0
DA:256,0
DA:257,0
DA:258,0
DA:259,0
DA:260,0
DA:261,0
DA:262,0
DA:263,0
DA:264,0
DA:265,0
DA:266,0
DA:267,0
DA:268,0
DA:271,0
DA:272,0
DA:273,0
DA:274,0
DA:275,0
DA:276,0
DA:277,0
DA:278,0
DA:279,0
DA:280,0
DA:281,0
DA:282,0
DA:283,0
DA:286,0
DA:287,0
DA:288,0
DA:289,0
DA:290,0
DA:291,0
DA:292,0
DA:293,0
DA:294,0
DA:295,0
DA:296,0
DA:297,0
DA:298,0
DA:301,0
DA:302,0
DA:303,0
DA:304,0
DA:305,0
DA:306,0
DA:307,0
DA:308,0
DA:309,0
DA:310,0
DA:311,0
DA:312,0
DA:313,0
DA:316,0
DA:317,0
DA:318,0
DA:319,0
DA:320,0
DA:321,0
DA:324,0
DA:325,0
DA:326,0
DA:327,0
DA:328,0
DA:329,0
DA:330,0
DA:333,0
DA:337,0
DA:345,0
DA:351,2
DA:352,0
DA:360,0
DA:366,2
DA:367,0
DA:373,0
DA:379,2
DA:380,0
DA:381,0
DA:382,0
DA:383,0
DA:384,0
DA:385,0
DA:386,0
DA:392,2
DA:393,0
DA:399,0
DA:405,2
DA:406,0
DA:412,0
DA:418,2
DA:419,0
DA:420,0
DA:431,2
DA:432,0
DA:433,0
DA:446,2
DA:447,0
DA:448,0
DA:450,0
DA:451,0
DA:454,0
DA:455,0
DA:456,0
DA:459,0
DA:462,0
DA:463,0
DA:474,0
DA:479,0
DA:480,0
DA:481,0
DA:483,0
DA:485,0
DA:488,0
DA:489,0
DA:490,0
DA:492,0
DA:494,0
DA:495,0
DA:504,2
DA:505,0
DA:506,0
DA:508,0
DA:510,0
DA:511,0
DA:512,0
DA:515,0
DA:516,0
DA:528,0
DA:529,0
DA:530,0
DA:532,0
DA:534,0
DA:535,0
DA:544,2
DA:545,0
DA:546,0
DA:548,0
DA:549,0
DA:550,0
DA:553,0
DA:555,0
DA:556,0
DA:559,0
DA:560,0
DA:561,0
DA:562,0
DA:568,0
DA:569,0
DA:571,0
DA:573,0
DA:574,0
DA:583,2
DA:584,0
DA:585,0
DA:587,0
DA:588,0
DA:590,0
DA:591,0
DA:594,0
DA:595,0
DA:596,0
DA:597,0
DA:603,0
DA:604,0
DA:606,0
DA:608,0
DA:609,0
DA:619,2
DA:620,0
DA:621,0
DA:622,0
DA:624,0
DA:625,0
DA:627,0
DA:629,0
DA:630,0
DA:633,0
DA:634,0
DA:637,0
DA:638,0
DA:641,0
DA:642,0
DA:645,0
DA:647,0
DA:656,2
DA:657,0
DA:658,0
DA:660,0
DA:661,0
DA:662,0
DA:666,0
DA:673,2
DA:674,0
DA:675,0
DA:676,0
DA:677,0
DA:679,0
DA:680,0
DA:688,2
DA:689,0
DA:705,2
LF:243
LH:32
BRDA:25,0,0,0
BRDA:25,1,0,0
BRDA:27,2,0,0
BRDA:27,2,1,0
BRDA:28,3,0,0
BRDA:28,3,1,0
BRDA:29,4,0,0
BRDA:29,4,1,0
BRDA:31,5,0,0
BRDA:31,5,1,0
BRDA:31,6,0,0
BRDA:31,6,1,0
BRDA:32,7,0,0
BRDA:32,7,1,0
BRDA:41,8,0,0
BRDA:42,9,0,0
BRDA:42,9,1,0
BRDA:45,10,0,0
BRDA:45,10,1,0
BRDA:59,11,0,0
BRDA:69,12,0,0
BRDA:69,12,1,0
BRDA:87,13,0,0
BRDA:87,13,1,0
BRDA:93,14,0,0
BRDA:93,14,1,0
BRDA:93,15,0,0
BRDA:93,15,1,0
BRDA:204,16,0,0
BRDA:204,16,1,0
BRDA:215,17,0,0
BRDA:215,18,0,0
BRDA:216,19,0,0
BRDA:216,19,1,0
BRDA:218,20,0,0
BRDA:218,20,1,0
BRDA:220,21,0,0
BRDA:220,21,1,0
BRDA:220,22,0,0
BRDA:220,22,1,0
BRDA:220,23,0,0
BRDA:220,23,1,0
BRDA:224,24,0,0
BRDA:224,24,1,0
BRDA:254,25,0,0
BRDA:254,25,1,0
BRDA:254,25,2,0
BRDA:254,25,3,0
BRDA:254,25,4,0
BRDA:254,25,5,0
BRDA:256,26,0,0
BRDA:256,26,1,0
BRDA:257,27,0,0
BRDA:257,27,1,0
BRDA:258,28,0,0
BRDA:258,28,1,0
BRDA:259,29,0,0
BRDA:259,29,1,0
BRDA:260,30,0,0
BRDA:260,30,1,0
BRDA:263,31,0,0
BRDA:263,31,1,0
BRDA:263,31,2,0
BRDA:264,32,0,0
BRDA:264,32,1,0
BRDA:265,33,0,0
BRDA:265,33,1,0
BRDA:266,34,0,0
BRDA:266,34,1,0
BRDA:267,35,0,0
BRDA:267,35,1,0
BRDA:271,36,0,0
BRDA:271,36,1,0
BRDA:272,37,0,0
BRDA:272,37,1,0
BRDA:272,37,2,0
BRDA:273,38,0,0
BRDA:273,38,1,0
BRDA:274,39,0,0
BRDA:274,39,1,0
BRDA:275,40,0,0
BRDA:275,40,1,0
BRDA:275,40,2,0
BRDA:277,41,0,0
BRDA:277,41,1,0
BRDA:278,42,0,0
BRDA:278,42,1,0
BRDA:278,42,2,0
BRDA:279,43,0,0
BRDA:279,43,1,0
BRDA:280,44,0,0
BRDA:280,44,1,0
BRDA:281,45,0,0
BRDA:281,45,1,0
BRDA:282,46,0,0
BRDA:282,46,1,0
BRDA:286,47,0,0
BRDA:286,47,1,0
BRDA:287,48,0,0
BRDA:287,48,1,0
BRDA:288,49,0,0
BRDA:288,49,1,0
BRDA:289,50,0,0
BRDA:289,50,1,0
BRDA:290,51,0,0
BRDA:290,51,1,0
BRDA:293,52,0,0
BRDA:293,52,1,0
BRDA:293,52,2,0
BRDA:295,53,0,0
BRDA:295,53,1,0
BRDA:296,54,0,0
BRDA:296,54,1,0
BRDA:297,55,0,0
BRDA:297,55,1,0
BRDA:301,56,0,0
BRDA:301,56,1,0
BRDA:302,57,0,0
BRDA:302,57,1,0
BRDA:303,58,0,0
BRDA:303,58,1,0
BRDA:304,59,0,0
BRDA:304,59,1,0
BRDA:305,60,0,0
BRDA:305,60,1,0
BRDA:307,61,0,0
BRDA:307,61,1,0
BRDA:308,62,0,0
BRDA:308,62,1,0
BRDA:308,62,2,0
BRDA:309,63,0,0
BRDA:309,63,1,0
BRDA:310,64,0,0
BRDA:310,64,1,0
BRDA:311,65,0,0
BRDA:311,65,1,0
BRDA:316,66,0,0
BRDA:316,66,1,0
BRDA:317,67,0,0
BRDA:317,67,1,0
BRDA:318,68,0,0
BRDA:318,68,1,0
BRDA:319,69,0,0
BRDA:319,69,1,0
BRDA:320,70,0,0
BRDA:320,70,1,0
BRDA:321,71,0,0
BRDA:321,71,1,0
BRDA:324,72,0,0
BRDA:324,72,1,0
BRDA:325,73,0,0
BRDA:325,73,1,0
BRDA:325,73,2,0
BRDA:326,74,0,0
BRDA:326,74,1,0
BRDA:327,75,0,0
BRDA:327,75,1,0
BRDA:328,76,0,0
BRDA:328,76,1,0
BRDA:329,77,0,0
BRDA:329,77,1,0
BRDA:360,78,0,0
BRDA:360,78,1,0
BRDA:373,79,0,0
BRDA:373,79,1,0
BRDA:380,80,0,0
BRDA:380,80,1,0
BRDA:382,81,0,0
BRDA:382,81,1,0
BRDA:383,82,0,0
BRDA:383,82,1,0
BRDA:384,83,0,0
BRDA:384,83,1,0
BRDA:384,84,0,0
BRDA:384,84,1,0
BRDA:385,85,0,0
BRDA:385,85,1,0
BRDA:399,86,0,0
BRDA:399,86,1,0
BRDA:412,87,0,0
BRDA:412,87,1,0
BRDA:418,88,0,0
BRDA:419,89,0,0
BRDA:419,89,1,0
BRDA:419,90,0,0
BRDA:419,90,1,0
BRDA:421,91,0,0
BRDA:421,91,1,0
BRDA:422,92,0,0
BRDA:422,92,1,0
BRDA:423,93,0,0
BRDA:423,93,1,0
BRDA:424,94,0,0
BRDA:424,94,1,0
BRDA:431,95,0,0
BRDA:432,96,0,0
BRDA:432,96,1,0
BRDA:432,97,0,0
BRDA:432,97,1,0
BRDA:434,98,0,0
BRDA:434,98,1,0
BRDA:435,99,0,0
BRDA:435,99,1,0
BRDA:436,100,0,0
BRDA:436,100,1,0
BRDA:437,101,0,0
BRDA:437,101,1,0
BRDA:446,102,0,0
BRDA:448,103,0,0
BRDA:448,104,0,0
BRDA:448,105,0,0
BRDA:448,106,0,0
BRDA:448,107,0,0
BRDA:454,108,0,0
BRDA:454,108,1,0
BRDA:454,109,0,0
BRDA:454,109,1,0
BRDA:474,110,0,0
BRDA:474,110,1,0
BRDA:479,111,0,0
BRDA:479,111,1,0
BRDA:480,112,0,0
BRDA:480,112,1,0
BRDA:488,113,0,0
BRDA:488,113,1,0
BRDA:504,114,0,0
BRDA:506,115,0,0
BRDA:506,116,0,0
BRDA:506,117,0,0
BRDA:506,118,0,0
BRDA:506,119,0,0
BRDA:510,120,0,0
BRDA:510,120,1,0
BRDA:528,121,0,0
BRDA:528,121,1,0
BRDA:544,122,0,0
BRDA:546,123,0,0
BRDA:546,124,0,0
BRDA:546,125,0,0
BRDA:549,126,0,0
BRDA:549,126,1,0
BRDA:555,127,0,0
BRDA:555,127,1,0
BRDA:559,128,0,0
BRDA:559,128,1,0
BRDA:562,129,0,0
BRDA:562,129,1,0
BRDA:562,129,2,0
BRDA:583,130,0,0
BRDA:585,131,0,0
BRDA:585,132,0,0
BRDA:590,133,0,0
BRDA:590,133,1,0
BRDA:594,134,0,0
BRDA:594,134,1,0
BRDA:597,135,0,0
BRDA:597,135,1,0
BRDA:597,135,2,0
BRDA:619,136,0,0
BRDA:619,137,0,0
BRDA:622,138,0,0
BRDA:622,138,1,0
BRDA:625,139,0,0
BRDA:625,139,1,0
BRDA:629,140,0,0
BRDA:629,140,1,0
BRDA:633,141,0,0
BRDA:633,141,1,0
BRDA:637,142,0,0
BRDA:637,142,1,0
BRDA:641,143,0,0
BRDA:641,143,1,0
BRDA:656,144,0,0
BRDA:656,145,0,0
BRDA:677,146,0,0
BRDA:677,146,1,0
BRDA:691,147,0,0
BRDA:691,147,1,0
BRF:278
BRH:0
end_of_record
TN:
SF:services\otpService.js
FN:7,(anonymous_0)
FN:11,(anonymous_1)
FN:37,(anonymous_2)
FN:53,(anonymous_3)
FN:139,(anonymous_4)
FN:163,(anonymous_5)
FN:214,(anonymous_6)
FN:247,(anonymous_7)
FN:250,(anonymous_8)
FN:262,(anonymous_9)
FNF:10
FNH:8
FNDA:2,(anonymous_0)
FNDA:1,(anonymous_1)
FNDA:2,(anonymous_2)
FNDA:1,(anonymous_3)
FNDA:1,(anonymous_4)
FNDA:1,(anonymous_5)
FNDA:0,(anonymous_6)
FNDA:1,(anonymous_7)
FNDA:1,(anonymous_8)
FNDA:0,(anonymous_9)
DA:1,2
DA:2,2
DA:3,2
DA:4,2
DA:8,2
DA:12,1
DA:13,1
DA:15,1
DA:17,1
DA:19,0
DA:22,1
DA:30,1
DA:38,2
DA:54,1
DA:60,1
DA:61,1
DA:62,0
DA:67,0
DA:73,1
DA:80,1
DA:82,1
DA:102,1
DA:109,0
DA:110,0
DA:112,1
DA:120,1
DA:121,1
DA:127,0
DA:140,1
DA:141,1
DA:144,1
DA:146,1
DA:147,1
DA:149,1
DA:151,0
DA:152,0
DA:164,1
DA:165,1
DA:171,1
DA:172,0
DA:175,1
DA:176,0
DA:179,1
DA:180,0
DA:183,1
DA:185,1
DA:186,1
DA:187,0
DA:188,0
DA:189,0
DA:192,1
DA:193,1
DA:195,1
DA:198,1
DA:200,0
DA:201,0
DA:215,0
DA:216,0
DA:217,0
DA:219,0
DA:221,0
DA:223,0
DA:224,0
DA:248,1
DA:250,1
DA:251,1
DA:254,1
DA:256,1
DA:263,0
DA:264,0
DA:265,0
DA:267,0
DA:272,2
LF:73
LH:46
BRDA:12,0,0,1
BRDA:12,0,1,0
BRDA:15,1,0,1
BRDA:15,1,1,0
BRDA:17,2,0,0
BRDA:17,2,1,1
BRDA:17,3,0,1
BRDA:17,3,1,1
BRDA:61,4,0,0
BRDA:61,4,1,1
BRDA:80,5,0,1
BRDA:80,5,1,0
BRDA:120,6,0,1
BRDA:120,6,1,0
BRDA:127,7,0,0
BRDA:127,7,1,0
BRDA:139,8,0,0
BRDA:171,9,0,0
BRDA:171,9,1,1
BRDA:175,10,0,0
BRDA:175,10,1,1
BRDA:179,11,0,0
BRDA:179,11,1,1
BRDA:186,12,0,0
BRDA:186,12,1,1
BRDA:214,13,0,0
BRDA:247,14,0,0
BRF:27
BRH:12
end_of_record
TN:
SF:services\queueService.js
FN:23,(anonymous_0)
FN:27,(anonymous_1)
FN:69,(anonymous_2)
FN:88,(anonymous_3)
FN:106,(anonymous_4)
FN:151,(anonymous_5)
FN:155,(anonymous_6)
FN:164,(anonymous_7)
FN:195,(anonymous_8)
FN:199,(anonymous_9)
FN:206,(anonymous_10)
FNF:11
FNH:0
FNDA:0,(anonymous_0)
FNDA:0,(anonymous_1)
FNDA:0,(anonymous_2)
FNDA:0,(anonymous_3)
FNDA:0,(anonymous_4)
FNDA:0,(anonymous_5)
FNDA:0,(anonymous_6)
FNDA:0,(anonymous_7)
FNDA:0,(anonymous_8)
FNDA:0,(anonymous_9)
FNDA:0,(anonymous_10)
DA:7,0
DA:8,0
DA:9,0
DA:10,0
DA:13,0
DA:21,0
DA:23,0
DA:24,0
DA:27,0
DA:28,0
DA:34,0
DA:50,0
DA:69,0
DA:70,0
DA:71,0
DA:74,0
DA:75,0
DA:77,0
DA:78,0
DA:88,0
DA:89,0
DA:90,0
DA:93,0
DA:94,0
DA:96,0
DA:97,0
DA:104,0
DA:107,0
DA:109,0
DA:111,0
DA:113,0
DA:114,0
DA:116,0
DA:121,0
DA:123,0
DA:129,0
DA:131,0
DA:138,0
DA:140,0
DA:143,0
DA:151,0
DA:152,0
DA:155,0
DA:156,0
DA:162,0
DA:165,0
DA:167,0
DA:171,0
DA:173,0
DA:175,0
DA:176,0
DA:178,0
DA:179,0
DA:181,0
DA:182,0
DA:184,0
DA:187,0
DA:195,0
DA:196,0
DA:199,0
DA:200,0
DA:206,0
DA:207,0
DA:209,0
DA:210,0
DA:211,0
DA:212,0
DA:213,0
DA:215,0
DA:216,0
DA:219,0
DA:220,0
DA:222,0
LF:73
LH:0
BRDA:14,0,0,0
BRDA:14,0,1,0
BRDA:15,1,0,0
BRDA:15,1,1,0
BRDA:16,2,0,0
BRDA:16,2,1,0
BRDA:111,3,0,0
BRDA:111,3,1,0
BRDA:111,3,2,0
BRDA:111,3,3,0
BRDA:111,3,4,0
BRDA:173,4,0,0
BRDA:173,4,1,0
BRDA:173,4,2,0
BRDA:173,4,3,0
BRF:15
BRH:0
end_of_record
TN:
SF:services\storageService.js
FN:31,(anonymous_0)
FN:62,(anonymous_1)
FN:82,(anonymous_2)
FN:102,(anonymous_3)
FN:122,(anonymous_4)
FN:124,(anonymous_5)
FNF:6
FNH:0
FNDA:0,(anonymous_0)
FNDA:0,(anonymous_1)
FNDA:0,(anonymous_2)
FNDA:0,(anonymous_3)
FNDA:0,(anonymous_4)
FNDA:0,(anonymous_5)
DA:6,0
DA:7,0
DA:8,0
DA:11,0
DA:21,0
DA:31,0
DA:32,0
DA:33,0
DA:35,0
DA:42,0
DA:44,0
DA:46,0
DA:51,0
DA:52,0
DA:62,0
DA:63,0
DA:64,0
DA:69,0
DA:70,0
DA:72,0
DA:73,0
DA:82,0
DA:83,0
DA:84,0
DA:89,0
DA:90,0
DA:92,0
DA:93,0
DA:102,0
DA:103,0
DA:104,0
DA:109,0
DA:110,0
DA:112,0
DA:113,0
DA:122,0
DA:123,0
DA:124,0
DA:125,0
DA:126,0
DA:128,0
DA:129,0
DA:133,0
LF:43
LH:0
BRDA:12,0,0,0
BRDA:12,0,1,0
BRDA:13,1,0,0
BRDA:13,1,1,0
BRDA:21,2,0,0
BRDA:21,2,1,0
BRDA:31,3,0,0
BRDA:48,4,0,0
BRDA:48,4,1,0
BRDA:62,5,0,0
BRF:10
BRH:0
end_of_record
TN:
SF:services\uploadService.js
FN:17,(anonymous_0)
FN:31,(anonymous_1)
FN:48,(anonymous_2)
FN:57,(anonymous_3)
FN:65,(anonymous_4)
FN:83,(anonymous_5)
FNF:6
FNH:0
FNDA:0,(anonymous_0)
FNDA:0,(anonymous_1)
FNDA:0,(anonymous_2)
FNDA:0,(anonymous_3)
FNDA:0,(anonymous_4)
FNDA:0,(anonymous_5)
DA:6,2
DA:7,2
DA:8,2
DA:9,2
DA:17,2
DA:18,0
DA:19,0
DA:20,0
DA:21,0
DA:31,2
DA:32,0
DA:33,0
DA:35,0
DA:48,2
DA:49,0
DA:57,2
DA:58,0
DA:65,2
DA:66,0
DA:67,0
DA:68,0
DA:69,0
DA:72,0
DA:83,2
DA:84,0
DA:85,0
DA:86,0
DA:88,0
DA:92,2
LF:29
LH:11
BRDA:31,0,0,0
BRDA:48,1,0,0
BRDA:67,2,0,0
BRDA:67,2,1,0
BRDA:83,3,0,0
BRF:5
BRH:0
end_of_record
TN:
SF:utils\apiResponse.js
FN:14,(anonymous_0)
FN:30,(anonymous_1)
FN:42,(anonymous_2)
FN:49,(anonymous_3)
FN:56,(anonymous_4)
FN:63,(anonymous_5)
FN:70,(anonymous_6)
FN:77,(anonymous_7)
FN:84,(anonymous_8)
FN:91,(anonymous_9)
FNF:10
FNH:6
FNDA:4,(anonymous_0)
FNDA:10,(anonymous_1)
FNDA:0,(anonymous_2)
FNDA:0,(anonymous_3)
FNDA:2,(anonymous_4)
FNDA:0,(anonymous_5)
FNDA:2,(anonymous_6)
FNDA:1,(anonymous_7)
FNDA:5,(anonymous_8)
FNDA:0,(anonymous_9)
DA:15,4
DA:20,4
DA:31,10
DA:36,10
DA:43,0
DA:50,0
DA:57,2
DA:64,0
DA:71,2
DA:78,1
DA:85,5
DA:92,0
DA:96,2
LF:13
LH:9
BRDA:14,0,0,0
BRDA:14,1,0,0
BRDA:14,2,0,1
BRDA:30,3,0,0
BRDA:30,4,0,0
BRDA:30,5,0,5
BRDA:42,6,0,0
BRDA:42,7,0,0
BRDA:49,8,0,0
BRDA:49,9,0,0
BRDA:56,10,0,0
BRDA:63,11,0,0
BRDA:70,12,0,0
BRDA:77,13,0,0
BRDA:84,14,0,0
BRDA:84,15,0,0
BRDA:91,16,0,0
BRF:17
BRH:2
end_of_record
TN:
SF:utils\asyncHandler.js
FN:7,(anonymous_0)
FN:7,(anonymous_1)
FNF:2
FNH:2
FNDA:136,(anonymous_0)
FNDA:10,(anonymous_1)
DA:7,136
DA:8,10
DA:11,2
LF:3
LH:3
BRF:0
BRH:0
end_of_record
TN:
SF:utils\cache.js
FN:14,(anonymous_0)
FN:16,(anonymous_1)
FN:27,(anonymous_2)
FN:40,(anonymous_3)
FN:42,(anonymous_4)
FNF:5
FNH:0
FNDA:0,(anonymous_0)
FNDA:0,(anonymous_1)
FNDA:0,(anonymous_2)
FNDA:0,(anonymous_3)
FNDA:0,(anonymous_4)
DA:8,2
DA:9,2
DA:12,2
DA:14,2
DA:16,2
DA:17,0
DA:18,0
DA:20,0
DA:21,0
DA:22,0
DA:24,0
DA:27,2
DA:29,0
DA:30,0
DA:33,0
DA:34,0
DA:35,0
DA:36,0
DA:40,2
DA:42,2
DA:44,2
LF:21
LH:9
BRDA:18,0,0,0
BRDA:18,0,1,0
BRDA:20,1,0,0
BRDA:20,1,1,0
BRDA:27,2,0,0
BRDA:29,3,0,0
BRDA:29,3,1,0
BRDA:35,4,0,0
BRDA:35,4,1,0
BRF:9
BRH:0
end_of_record
TN:
SF:utils\generateToken.js
FN:14,(anonymous_0)
FN:23,(anonymous_1)
FN:33,(anonymous_2)
FNF:3
FNH:0
FNDA:0,(anonymous_0)
FNDA:0,(anonymous_1)
FNDA:0,(anonymous_2)
DA:6,2
DA:14,2
DA:15,0
DA:23,2
DA:24,0
DA:33,2
DA:34,0
DA:35,0
DA:39,0
DA:43,2
LF:10
LH:5
BRDA:14,0,0,0
BRDA:33,1,0,0
BRF:2
BRH:0
end_of_record
TN:
SF:utils\logger.js
FN:69,(anonymous_0)
FN:73,(anonymous_1)
FN:74,(anonymous_2)
FN:88,(anonymous_3)
FN:111,(anonymous_4)
FN:115,(anonymous_5)
FN:119,(anonymous_6)
FN:123,(anonymous_7)
FN:127,(anonymous_8)
FN:131,(anonymous_9)
FN:135,(anonymous_10)
FN:139,(anonymous_11)
FN:143,(anonymous_12)
FN:147,(anonymous_13)
FN:156,(anonymous_14)
FN:160,(anonymous_15)
FN:164,(anonymous_16)
FN:168,(anonymous_17)
FNF:18
FNH:8
FNDA:4,(anonymous_0)
FNDA:13,(anonymous_1)
FNDA:104,(anonymous_2)
FNDA:4,(anonymous_3)
FNDA:0,(anonymous_4)
FNDA:1,(anonymous_5)
FNDA:0,(anonymous_6)
FNDA:0,(anonymous_7)
FNDA:1,(anonymous_8)
FNDA:1,(anonymous_9)
FNDA:1,(anonymous_10)
FNDA:0,(anonymous_11)
FNDA:0,(anonymous_12)
FNDA:0,(anonymous_13)
FNDA:0,(anonymous_14)
FNDA:0,(anonymous_15)
FNDA:0,(anonymous_16)
FNDA:0,(anonymous_17)
DA:6,2
DA:7,2
DA:8,2
DA:11,2
DA:12,2
DA:13,0
DA:17,2
DA:24,2
DA:45,2
DA:46,2
DA:62,2
DA:69,2
DA:70,4
DA:71,4
DA:73,4
DA:74,104
DA:75,0
DA:79,4
DA:88,2
DA:89,4
DA:90,4
DA:91,4
DA:98,4
DA:99,4
DA:102,4
DA:103,4
DA:110,2
DA:112,0
DA:116,1
DA:120,0
DA:124,0
DA:128,1
DA:132,1
DA:136,1
DA:140,0
DA:144,0
DA:148,0
DA:155,2
DA:157,0
DA:161,0
DA:165,0
DA:169,0
DA:173,2
LF:43
LH:31
BRDA:12,0,0,0
BRDA:12,0,1,2
BRDA:25,1,0,2
BRDA:25,1,1,2
BRDA:45,2,0,2
BRDA:45,2,1,0
BRDA:74,3,0,0
BRDA:74,3,1,13
BRDA:88,4,0,0
BRDA:102,5,0,4
BRDA:102,5,1,0
BRF:11
BRH:6
end_of_record
TN:
SF:utils\validators.js
FN:54,(anonymous_0)
FN:63,(anonymous_1)
FN:72,(anonymous_2)
FN:102,(anonymous_3)
FN:111,(anonymous_4)
FN:120,(anonymous_5)
FN:129,(anonymous_6)
FNF:7
FNH:3
FNDA:9,(anonymous_0)
FNDA:0,(anonymous_1)
FNDA:5,(anonymous_2)
FNDA:0,(anonymous_3)
FNDA:8,(anonymous_4)
FNDA:0,(anonymous_5)
FNDA:0,(anonymous_6)
DA:10,2
DA:17,2
DA:28,2
DA:34,2
DA:41,2
DA:47,2
DA:54,2
DA:55,9
DA:63,2
DA:64,0
DA:72,2
DA:73,5
DA:75,5
DA:76,1
DA:78,5
DA:79,0
DA:81,5
DA:82,1
DA:84,5
DA:85,1
DA:87,5
DA:88,1
DA:91,5
DA:102,2
DA:103,0
DA:111,2
DA:112,8
DA:120,2
DA:121,0
DA:129,2
DA:130,0
DA:131,0
DA:136,2
LF:33
LH:27
BRDA:75,0,0,1
BRDA:75,0,1,4
BRDA:75,1,0,5
BRDA:75,1,1,5
BRDA:78,2,0,0
BRDA:78,2,1,5
BRDA:81,3,0,1
BRDA:81,3,1,4
BRDA:84,4,0,1
BRDA:84,4,1,4
BRDA:87,5,0,1
BRDA:87,5,1,4
BRDA:130,6,0,0
BRDA:130,6,1,0
BRF:14
BRH:11
end_of_record
